[ 2014-03-31T09:42:48+08:00 ] 127.0.0.1 /test/active/active_show?year=2014&month=3
INFO: [ app_begin ] --START--
INFO: ReadHtmlCache Behavior ::run [ RunTime:0.000392s ]
INFO: [ app_begin ] --END-- [ RunTime:0.000495s ]
SQL: SHOW COLUMNS FROM `ms_active` [ RunTime:0.005014s ]
SQL: SELECT * FROM `ms_active` WHERE ( year='2014' and month=3 and day in (1,2,3,4,5,6,7,8,9,10,11,12,13,14,15,16,17,18,19,20,21,22,23,24,25,26,27,28,29,30,31) )  [ RunTime:0.001188s ]

[ 2014-03-31T11:37:46+08:00 ] 127.0.0.1 /test/active/active_show?year=2014&month=3
INFO: [ app_begin ] --START--
INFO: ReadHtmlCache Behavior ::run [ RunTime:0.000638s ]
INFO: [ app_begin ] --END-- [ RunTime:0.000703s ]
SQL: SHOW COLUMNS FROM `ms_active` [ RunTime:0.004348s ]
SQL: SELECT * FROM `ms_active` WHERE ( year='2014' and month=3 and day in (1,2,3,4,5,6,7,8,9,10,11,12,13,14,15,16,17,18,19,20,21,22,23,24,25,26,27,28,29,30,31) )  [ RunTime:0.000447s ]

[ 2014-03-31T11:55:23+08:00 ] 127.0.0.1 /test/active/active_show?year=2014&month=3
INFO: [ app_begin ] --START--
INFO: ReadHtmlCache Behavior ::run [ RunTime:0.000775s ]
INFO: [ app_begin ] --END-- [ RunTime:0.000835s ]
SQL: SHOW COLUMNS FROM `ms_active` [ RunTime:0.003418s ]
SQL: SELECT * FROM `ms_active` WHERE ( year='2014' and month=3 and day in (1,2,3,4,5,6,7,8,9,10,11,12,13,14,15,16,17,18,19,20,21,22,23,24,25,26,27,28,29,30,31) )  [ RunTime:0.000398s ]

<<<<<<< HEAD
[ 2014-03-31T13:51:30+08:00 ] 127.0.0.1 /test/index/tougao
INFO: [ route_check ] --START--
INFO: CheckRoute Behavior ::run [ RunTime:0.000449s ]
INFO: [ route_check ] --END-- [ RunTime:0.000623s ]
INFO: [ app_begin ] --START--
INFO: ReadHtmlCache Behavior ::run [ RunTime:0.000400s ]
INFO: [ app_begin ] --END-- [ RunTime:0.000521s ]
INFO: [ view_parse ] --START--
INFO: ParseTemplate Behavior ::run [ RunTime:0.011653s ]
INFO: [ view_parse ] --END-- [ RunTime:0.011813s ]
INFO: [ view_filter ] --START--
INFO: ContentReplace Behavior ::run [ RunTime:0.000428s ]
INFO: TokenBuild Behavior ::run [ RunTime:0.000378s ]
INFO: WriteHtmlCache Behavior ::run [ RunTime:0.000309s ]
INFO: ShowRuntime Behavior ::run [ RunTime:0.000399s ]
INFO: [ view_filter ] --END-- [ RunTime:0.001801s ]
INFO: [ view_end ] --START--
INFO: ShowPageTrace Behavior ::run [ RunTime:0.000360s ]
INFO: [ view_end ] --END-- [ RunTime:0.000461s ]

[ 2014-03-31T13:51:34+08:00 ] 127.0.0.1 /test/Uploads/article/53326c1a5f131.jpeg
INFO: [ route_check ] --START--
INFO: CheckRoute Behavior ::run [ RunTime:0.000396s ]
INFO: [ route_check ] --END-- [ RunTime:0.000529s ]
INFO: [ app_begin ] --START--
INFO: ReadHtmlCache Behavior ::run [ RunTime:0.000399s ]
INFO: [ app_begin ] --END-- [ RunTime:0.000505s ]
INFO: [ view_parse ] --START--
INFO: ParseTemplate Behavior ::run [ RunTime:0.011368s ]
INFO: [ view_parse ] --END-- [ RunTime:0.011526s ]
INFO: [ view_filter ] --START--
INFO: ContentReplace Behavior ::run [ RunTime:0.000425s ]
INFO: TokenBuild Behavior ::run [ RunTime:0.000385s ]
INFO: WriteHtmlCache Behavior ::run [ RunTime:0.000312s ]
INFO: ShowRuntime Behavior ::run [ RunTime:0.000407s ]
INFO: [ view_filter ] --END-- [ RunTime:0.001816s ]
INFO: [ view_end ] --START--
INFO: ShowPageTrace Behavior ::run [ RunTime:0.000363s ]
INFO: [ view_end ] --END-- [ RunTime:0.000464s ]

[ 2014-03-31T13:51:35+08:00 ] 127.0.0.1 /test/active/active_show?year=2014&month=3
INFO: [ route_check ] --START--
INFO: CheckRoute Behavior ::run [ RunTime:0.000422s ]
INFO: [ route_check ] --END-- [ RunTime:0.000558s ]
INFO: [ app_begin ] --START--
INFO: ReadHtmlCache Behavior ::run [ RunTime:0.000409s ]
INFO: [ app_begin ] --END-- [ RunTime:0.000512s ]

[ 2014-03-31T13:53:06+08:00 ] 127.0.0.1 /test/
INFO: [ app_begin ] --START--
INFO: ReadHtmlCache Behavior ::run [ RunTime:0.000408s ]
INFO: [ app_begin ] --END-- [ RunTime:0.000542s ]
SQL: SHOW COLUMNS FROM `think_article` [ RunTime:0.000179s ]
ERR: 1046:No database selected
 [ SQL语句 ] : SHOW COLUMNS FROM `think_article`
SQL: SHOW COLUMNS FROM `think_index` [ RunTime:0.000258s ]
ERR: 1046:No database selected
 [ SQL语句 ] : SHOW COLUMNS FROM `think_index`
SQL: SHOW COLUMNS FROM `think_article` [ RunTime:0.000199s ]
ERR: 1046:No database selected
 [ SQL语句 ] : SHOW COLUMNS FROM `think_article`
SQL: SELECT COUNT(*) AS tp_count FROM `think_article` WHERE ( status=1 and FIND_IN_SET( 'h', flag) ) LIMIT 1   [ RunTime:0.000228s ]
ERR: 1046:No database selected
 [ SQL语句 ] : SELECT COUNT(*) AS tp_count FROM `think_article` WHERE ( status=1 and FIND_IN_SET( 'h', flag) ) LIMIT 1  
NOTIC: [8] Undefined index:  p D:\www\APMServ5.2.6\www\htdocs\test\Mingshi\Lib\Model\IndexModel.class.php 第 79 行.
SQL: SELECT ms_member.uname,ms_member.tid,ms_member.uid,ms_article.* FROM `think_article` LEFT JOIN ms_member ON ms_article.uid=ms_member.uid where  ms_article.uid=ms_member.uid and FIND_IN_SET( 'h', ms_article.flag) ORDER BY ms_article.create_time desc LIMIT 0,9   [ RunTime:0.000285s ]
ERR: 1046:No database selected
 [ SQL语句 ] : SELECT ms_member.uname,ms_member.tid,ms_member.uid,ms_article.* FROM `think_article` LEFT JOIN ms_member ON ms_article.uid=ms_member.uid where  ms_article.uid=ms_member.uid and FIND_IN_SET( 'h', ms_article.flag) ORDER BY ms_article.create_time desc LIMIT 0,9  
SQL: SELECT ms_article.aid,count(ms_review.id) as allaid FROM `think_article` LEFT JOIN ms_review On ms_article.aid = ms_review.aid  [ RunTime:0.000252s ]
ERR: 1046:No database selected
 [ SQL语句 ] : SELECT ms_article.aid,count(ms_review.id) as allaid FROM `think_article` LEFT JOIN ms_review On ms_article.aid = ms_review.aid 
NOTIC: [8] Undefined variable: allid D:\www\APMServ5.2.6\www\htdocs\test\Mingshi\Lib\Model\IndexModel.class.php 第 89 行.
NOTIC: [2] Invalid argument supplied for foreach() D:\www\APMServ5.2.6\www\htdocs\test\Mingshi\Lib\Model\IndexModel.class.php 第 89 行.
NOTIC: [2] Invalid argument supplied for foreach() D:\www\APMServ5.2.6\www\htdocs\test\Mingshi\Lib\Model\IndexModel.class.php 第 93 行.
NOTIC: [8] Array to string conversion D:\www\APMServ5.2.6\www\htdocs\test\Mingshi\Lib\Action\IndexAction.class.php 第 28 行.
SQL: SELECT ms_member.uname,ms_member.tid,ms_member.uid,ms_article.* FROM `think_article` LEFT JOIN ms_member ON ms_article.uid=ms_member.uid WHERE ( FIND_IN_SET( 't', flag ) and ms_article.status=1 and ms_article.ishid=0 and ms_article.uid !=0 and ms_article.cid<3 ) ORDER BY ms_article.up_time desc LIMIT 1   [ RunTime:0.000237s ]
ERR: 1046:No database selected
 [ SQL语句 ] : SELECT ms_member.uname,ms_member.tid,ms_member.uid,ms_article.* FROM `think_article` LEFT JOIN ms_member ON ms_article.uid=ms_member.uid WHERE ( FIND_IN_SET( 't', flag ) and ms_article.status=1 and ms_article.ishid=0 and ms_article.uid !=0 and ms_article.cid<3 ) ORDER BY ms_article.up_time desc LIMIT 1  
SQL: SHOW COLUMNS FROM `think_review` [ RunTime:0.000198s ]
ERR: 1046:No database selected
 [ SQL语句 ] : SHOW COLUMNS FROM `think_review`
SQL: SELECT COUNT(*) AS tp_count FROM `think_review` WHERE ( pid = 0 and aid =  ) LIMIT 1   [ RunTime:0.000205s ]
ERR: 1046:No database selected
 [ SQL语句 ] : SELECT COUNT(*) AS tp_count FROM `think_review` WHERE ( pid = 0 and aid =  ) LIMIT 1  
NOTIC: [8] Undefined index:  tag D:\www\APMServ5.2.6\www\htdocs\test\Mingshi\Lib\Action\IndexAction.class.php 第 36 行.
SQL: SELECT ms_member.uname,ms_member.tid,ms_member.uid,ms_article.* FROM `think_article` LEFT JOIN ms_member ON ms_article.uid=ms_member.uid WHERE ( ms_article.status=1 and FIND_IN_SET('h', flag) ) ORDER BY ms_article.up_time desc LIMIT 6   [ RunTime:0.000208s ]
ERR: 1046:No database selected
 [ SQL语句 ] : SELECT ms_member.uname,ms_member.tid,ms_member.uid,ms_article.* FROM `think_article` LEFT JOIN ms_member ON ms_article.uid=ms_member.uid WHERE ( ms_article.status=1 and FIND_IN_SET('h', flag) ) ORDER BY ms_article.up_time desc LIMIT 6  
SQL: SELECT ms_article.title,ms_member.image,ms_review.* FROM `think_review` LEFT JOIN ms_article ON ms_article.aid = ms_review.aid LEFT JOIN ms_member ON ms_review.uid = ms_member.uid WHERE ( ms_review.status =1 and FIND_IN_SET( 'h',ms_review.flag) ) ORDER BY pl_time desc LIMIT 2   [ RunTime:0.000208s ]
ERR: 1046:No database selected
 [ SQL语句 ] : SELECT ms_article.title,ms_member.image,ms_review.* FROM `think_review` LEFT JOIN ms_article ON ms_article.aid = ms_review.aid LEFT JOIN ms_member ON ms_review.uid = ms_member.uid WHERE ( ms_review.status =1 and FIND_IN_SET( 'h',ms_review.flag) ) ORDER BY pl_time desc LIMIT 2  
SQL: SELECT ms_article.title,ms_member.image,ms_member.uname,ms_review.* FROM `think_review` LEFT JOIN ms_article ON ms_article.aid = ms_review.aid LEFT JOIN ms_member ON ms_review.uid = ms_member.uid WHERE ( ms_review.status =1 ) ORDER BY pl_time desc LIMIT 5   [ RunTime:0.000207s ]
ERR: 1046:No database selected
 [ SQL语句 ] : SELECT ms_article.title,ms_member.image,ms_member.uname,ms_review.* FROM `think_review` LEFT JOIN ms_article ON ms_article.aid = ms_review.aid LEFT JOIN ms_member ON ms_review.uid = ms_member.uid WHERE ( ms_review.status =1 ) ORDER BY pl_time desc LIMIT 5  
SQL: SHOW COLUMNS FROM `think_tags` [ RunTime:0.000242s ]
ERR: 1046:No database selected
 [ SQL语句 ] : SHOW COLUMNS FROM `think_tags`
SQL: SELECT * FROM `think_tags` ORDER BY time desc  [ RunTime:0.000294s ]
ERR: 1046:No database selected
 [ SQL语句 ] : SELECT * FROM `think_tags` ORDER BY time desc 
INFO: [ view_parse ] --START--
NOTIC: [8] Undefined variable: userDataInfo D:\www\APMServ5.2.6\www\htdocs\test\Mingshi\Runtime\Cache\c699ec045691fe7f9d1a8d3e3d542f78.php 第 9 行.
NOTIC: [8] Undefined index:  p D:\www\APMServ5.2.6\www\htdocs\test\Mingshi\Runtime\Cache\c699ec045691fe7f9d1a8d3e3d542f78.php 第 85 行.
NOTIC: [8] Undefined index:  p D:\www\APMServ5.2.6\www\htdocs\test\Mingshi\Runtime\Cache\c699ec045691fe7f9d1a8d3e3d542f78.php 第 85 行.
NOTIC: [8] Undefined index:  tid D:\www\APMServ5.2.6\www\htdocs\test\Mingshi\Runtime\Cache\c699ec045691fe7f9d1a8d3e3d542f78.php 第 90 行.
NOTIC: [8] Use of undefined constant firstimage - assumed 'firstimage' D:\www\APMServ5.2.6\www\htdocs\test\Mingshi\Runtime\Cache\c699ec045691fe7f9d1a8d3e3d542f78.php 第 104 行.
NOTIC: [8] Undefined index:  uid D:\www\APMServ5.2.6\www\htdocs\test\Mingshi\Runtime\Cache\c699ec045691fe7f9d1a8d3e3d542f78.php 第 112 行.
NOTIC: [8] Use of undefined constant firstimage - assumed 'firstimage' D:\www\APMServ5.2.6\www\htdocs\test\Mingshi\Runtime\Cache\c699ec045691fe7f9d1a8d3e3d542f78.php 第 177 行.
NOTIC: [8] Undefined index:  uid D:\www\APMServ5.2.6\www\htdocs\test\Mingshi\Runtime\Cache\c699ec045691fe7f9d1a8d3e3d542f78.php 第 185 行.
NOTIC: [8] Undefined variable: userDataInfo D:\www\APMServ5.2.6\www\htdocs\test\Mingshi\Runtime\Cache\c699ec045691fe7f9d1a8d3e3d542f78.php 第 395 行.
INFO: ParseTemplate Behavior ::run [ RunTime:0.057800s ]
INFO: [ view_parse ] --END-- [ RunTime:0.057944s ]
INFO: [ view_filter ] --START--
INFO: ContentReplace Behavior ::run [ RunTime:0.000742s ]
INFO: TokenBuild Behavior ::run [ RunTime:0.000406s ]
INFO: WriteHtmlCache Behavior ::run [ RunTime:0.000320s ]
INFO: ShowRuntime Behavior ::run [ RunTime:0.000451s ]
INFO: [ view_filter ] --END-- [ RunTime:0.002209s ]
INFO: [ view_end ] --START--
INFO: ShowPageTrace Behavior ::run [ RunTime:0.000406s ]
INFO: [ view_end ] --END-- [ RunTime:0.000539s ]

[ 2014-03-31T13:53:07+08:00 ] 127.0.0.1 /test/active/active_show?year=2014&month=3
INFO: [ route_check ] --START--
INFO: CheckRoute Behavior ::run [ RunTime:0.001180s ]
INFO: [ route_check ] --END-- [ RunTime:0.001309s ]
INFO: [ app_begin ] --START--
INFO: ReadHtmlCache Behavior ::run [ RunTime:0.001396s ]
INFO: [ app_begin ] --END-- [ RunTime:0.001515s ]

[ 2014-03-31T13:54:09+08:00 ] 127.0.0.1 /test/
INFO: [ app_begin ] --START--
INFO: ReadHtmlCache Behavior ::run [ RunTime:0.000411s ]
INFO: [ app_begin ] --END-- [ RunTime:0.000540s ]
SQL: SHOW COLUMNS FROM `think_article` [ RunTime:0.000172s ]
ERR: 1046:No database selected
 [ SQL语句 ] : SHOW COLUMNS FROM `think_article`
SQL: SHOW COLUMNS FROM `think_index` [ RunTime:0.000166s ]
ERR: 1046:No database selected
 [ SQL语句 ] : SHOW COLUMNS FROM `think_index`
SQL: SHOW COLUMNS FROM `think_article` [ RunTime:0.000156s ]
ERR: 1046:No database selected
 [ SQL语句 ] : SHOW COLUMNS FROM `think_article`
SQL: SELECT COUNT(*) AS tp_count FROM `think_article` WHERE ( status=1 and FIND_IN_SET( 'h', flag) ) LIMIT 1   [ RunTime:0.000179s ]
ERR: 1046:No database selected
 [ SQL语句 ] : SELECT COUNT(*) AS tp_count FROM `think_article` WHERE ( status=1 and FIND_IN_SET( 'h', flag) ) LIMIT 1  
NOTIC: [8] Undefined index:  p D:\www\APMServ5.2.6\www\htdocs\test\Mingshi\Lib\Model\IndexModel.class.php 第 79 行.
SQL: SELECT ms_member.uname,ms_member.tid,ms_member.uid,ms_article.* FROM `think_article` LEFT JOIN ms_member ON ms_article.uid=ms_member.uid where  ms_article.uid=ms_member.uid and FIND_IN_SET( 'h', ms_article.flag) ORDER BY ms_article.create_time desc LIMIT 0,9   [ RunTime:0.000197s ]
ERR: 1046:No database selected
 [ SQL语句 ] : SELECT ms_member.uname,ms_member.tid,ms_member.uid,ms_article.* FROM `think_article` LEFT JOIN ms_member ON ms_article.uid=ms_member.uid where  ms_article.uid=ms_member.uid and FIND_IN_SET( 'h', ms_article.flag) ORDER BY ms_article.create_time desc LIMIT 0,9  
SQL: SELECT ms_article.aid,count(ms_review.id) as allaid FROM `think_article` LEFT JOIN ms_review On ms_article.aid = ms_review.aid  [ RunTime:0.000170s ]
ERR: 1046:No database selected
 [ SQL语句 ] : SELECT ms_article.aid,count(ms_review.id) as allaid FROM `think_article` LEFT JOIN ms_review On ms_article.aid = ms_review.aid 
NOTIC: [8] Undefined variable: allid D:\www\APMServ5.2.6\www\htdocs\test\Mingshi\Lib\Model\IndexModel.class.php 第 89 行.
NOTIC: [2] Invalid argument supplied for foreach() D:\www\APMServ5.2.6\www\htdocs\test\Mingshi\Lib\Model\IndexModel.class.php 第 89 行.
NOTIC: [2] Invalid argument supplied for foreach() D:\www\APMServ5.2.6\www\htdocs\test\Mingshi\Lib\Model\IndexModel.class.php 第 93 行.
NOTIC: [8] Array to string conversion D:\www\APMServ5.2.6\www\htdocs\test\Mingshi\Lib\Action\IndexAction.class.php 第 28 行.
SQL: SELECT ms_member.uname,ms_member.tid,ms_member.uid,ms_article.* FROM `think_article` LEFT JOIN ms_member ON ms_article.uid=ms_member.uid WHERE ( FIND_IN_SET( 't', flag ) and ms_article.status=1 and ms_article.ishid=0 and ms_article.uid !=0 and ms_article.cid<3 ) ORDER BY ms_article.up_time desc LIMIT 1   [ RunTime:0.000222s ]
ERR: 1046:No database selected
 [ SQL语句 ] : SELECT ms_member.uname,ms_member.tid,ms_member.uid,ms_article.* FROM `think_article` LEFT JOIN ms_member ON ms_article.uid=ms_member.uid WHERE ( FIND_IN_SET( 't', flag ) and ms_article.status=1 and ms_article.ishid=0 and ms_article.uid !=0 and ms_article.cid<3 ) ORDER BY ms_article.up_time desc LIMIT 1  
SQL: SHOW COLUMNS FROM `think_review` [ RunTime:0.000270s ]
ERR: 1046:No database selected
 [ SQL语句 ] : SHOW COLUMNS FROM `think_review`
SQL: SELECT COUNT(*) AS tp_count FROM `think_review` WHERE ( pid = 0 and aid =  ) LIMIT 1   [ RunTime:0.000222s ]
ERR: 1046:No database selected
 [ SQL语句 ] : SELECT COUNT(*) AS tp_count FROM `think_review` WHERE ( pid = 0 and aid =  ) LIMIT 1  
NOTIC: [8] Undefined index:  tag D:\www\APMServ5.2.6\www\htdocs\test\Mingshi\Lib\Action\IndexAction.class.php 第 36 行.
SQL: SELECT ms_member.uname,ms_member.tid,ms_member.uid,ms_article.* FROM `think_article` LEFT JOIN ms_member ON ms_article.uid=ms_member.uid WHERE ( ms_article.status=1 and FIND_IN_SET('h', flag) ) ORDER BY ms_article.up_time desc LIMIT 6   [ RunTime:0.000191s ]
ERR: 1046:No database selected
 [ SQL语句 ] : SELECT ms_member.uname,ms_member.tid,ms_member.uid,ms_article.* FROM `think_article` LEFT JOIN ms_member ON ms_article.uid=ms_member.uid WHERE ( ms_article.status=1 and FIND_IN_SET('h', flag) ) ORDER BY ms_article.up_time desc LIMIT 6  
SQL: SELECT ms_article.title,ms_member.image,ms_review.* FROM `think_review` LEFT JOIN ms_article ON ms_article.aid = ms_review.aid LEFT JOIN ms_member ON ms_review.uid = ms_member.uid WHERE ( ms_review.status =1 and FIND_IN_SET( 'h',ms_review.flag) ) ORDER BY pl_time desc LIMIT 2   [ RunTime:0.000173s ]
ERR: 1046:No database selected
 [ SQL语句 ] : SELECT ms_article.title,ms_member.image,ms_review.* FROM `think_review` LEFT JOIN ms_article ON ms_article.aid = ms_review.aid LEFT JOIN ms_member ON ms_review.uid = ms_member.uid WHERE ( ms_review.status =1 and FIND_IN_SET( 'h',ms_review.flag) ) ORDER BY pl_time desc LIMIT 2  
SQL: SELECT ms_article.title,ms_member.image,ms_member.uname,ms_review.* FROM `think_review` LEFT JOIN ms_article ON ms_article.aid = ms_review.aid LEFT JOIN ms_member ON ms_review.uid = ms_member.uid WHERE ( ms_review.status =1 ) ORDER BY pl_time desc LIMIT 5   [ RunTime:0.000175s ]
ERR: 1046:No database selected
 [ SQL语句 ] : SELECT ms_article.title,ms_member.image,ms_member.uname,ms_review.* FROM `think_review` LEFT JOIN ms_article ON ms_article.aid = ms_review.aid LEFT JOIN ms_member ON ms_review.uid = ms_member.uid WHERE ( ms_review.status =1 ) ORDER BY pl_time desc LIMIT 5  
SQL: SHOW COLUMNS FROM `think_tags` [ RunTime:0.000191s ]
ERR: 1046:No database selected
 [ SQL语句 ] : SHOW COLUMNS FROM `think_tags`
SQL: SELECT * FROM `think_tags` ORDER BY time desc  [ RunTime:0.000160s ]
ERR: 1046:No database selected
 [ SQL语句 ] : SELECT * FROM `think_tags` ORDER BY time desc 
INFO: [ view_parse ] --START--
NOTIC: [8] Undefined variable: userDataInfo D:\www\APMServ5.2.6\www\htdocs\test\Mingshi\Runtime\Cache\c699ec045691fe7f9d1a8d3e3d542f78.php 第 9 行.
NOTIC: [8] Undefined index:  p D:\www\APMServ5.2.6\www\htdocs\test\Mingshi\Runtime\Cache\c699ec045691fe7f9d1a8d3e3d542f78.php 第 85 行.
NOTIC: [8] Undefined index:  p D:\www\APMServ5.2.6\www\htdocs\test\Mingshi\Runtime\Cache\c699ec045691fe7f9d1a8d3e3d542f78.php 第 85 行.
NOTIC: [8] Undefined index:  tid D:\www\APMServ5.2.6\www\htdocs\test\Mingshi\Runtime\Cache\c699ec045691fe7f9d1a8d3e3d542f78.php 第 90 行.
NOTIC: [8] Use of undefined constant firstimage - assumed 'firstimage' D:\www\APMServ5.2.6\www\htdocs\test\Mingshi\Runtime\Cache\c699ec045691fe7f9d1a8d3e3d542f78.php 第 104 行.
NOTIC: [8] Undefined index:  uid D:\www\APMServ5.2.6\www\htdocs\test\Mingshi\Runtime\Cache\c699ec045691fe7f9d1a8d3e3d542f78.php 第 112 行.
NOTIC: [8] Use of undefined constant firstimage - assumed 'firstimage' D:\www\APMServ5.2.6\www\htdocs\test\Mingshi\Runtime\Cache\c699ec045691fe7f9d1a8d3e3d542f78.php 第 177 行.
NOTIC: [8] Undefined index:  uid D:\www\APMServ5.2.6\www\htdocs\test\Mingshi\Runtime\Cache\c699ec045691fe7f9d1a8d3e3d542f78.php 第 185 行.
NOTIC: [8] Undefined variable: userDataInfo D:\www\APMServ5.2.6\www\htdocs\test\Mingshi\Runtime\Cache\c699ec045691fe7f9d1a8d3e3d542f78.php 第 395 行.
INFO: ParseTemplate Behavior ::run [ RunTime:0.068218s ]
INFO: [ view_parse ] --END-- [ RunTime:0.068351s ]
INFO: [ view_filter ] --START--
INFO: ContentReplace Behavior ::run [ RunTime:0.001544s ]
INFO: TokenBuild Behavior ::run [ RunTime:0.001155s ]
INFO: WriteHtmlCache Behavior ::run [ RunTime:0.001070s ]
INFO: ShowRuntime Behavior ::run [ RunTime:0.001919s ]
INFO: [ view_filter ] --END-- [ RunTime:0.005990s ]
INFO: [ view_end ] --START--
INFO: ShowPageTrace Behavior ::run [ RunTime:0.001870s ]
INFO: [ view_end ] --END-- [ RunTime:0.001984s ]

[ 2014-03-31T13:54:10+08:00 ] 127.0.0.1 /test/active/active_show?year=2014&month=3
INFO: [ route_check ] --START--
INFO: CheckRoute Behavior ::run [ RunTime:0.001191s ]
INFO: [ route_check ] --END-- [ RunTime:0.001326s ]
INFO: [ app_begin ] --START--
INFO: ReadHtmlCache Behavior ::run [ RunTime:0.001151s ]
INFO: [ app_begin ] --END-- [ RunTime:0.001257s ]

[ 2014-03-31T13:54:24+08:00 ] 127.0.0.1 /test/index.php/index/tougao
INFO: [ route_check ] --START--
INFO: CheckRoute Behavior ::run [ RunTime:0.001271s ]
INFO: [ route_check ] --END-- [ RunTime:0.001417s ]
INFO: [ app_begin ] --START--
INFO: ReadHtmlCache Behavior ::run [ RunTime:0.001155s ]
INFO: [ app_begin ] --END-- [ RunTime:0.001271s ]
INFO: [ view_parse ] --START--
INFO: ParseTemplate Behavior ::run [ RunTime:0.023037s ]
INFO: [ view_parse ] --END-- [ RunTime:0.023194s ]
INFO: [ view_filter ] --START--
INFO: ContentReplace Behavior ::run [ RunTime:0.001242s ]
INFO: TokenBuild Behavior ::run [ RunTime:0.001145s ]
INFO: WriteHtmlCache Behavior ::run [ RunTime:0.001225s ]
INFO: ShowRuntime Behavior ::run [ RunTime:0.001194s ]
INFO: [ view_filter ] --END-- [ RunTime:0.005120s ]
INFO: [ view_end ] --START--
INFO: ShowPageTrace Behavior ::run [ RunTime:0.001135s ]
INFO: [ view_end ] --END-- [ RunTime:0.001242s ]

[ 2014-03-31T13:54:28+08:00 ] 127.0.0.1 /test/active/active_show?year=2014&month=3
INFO: [ route_check ] --START--
INFO: CheckRoute Behavior ::run [ RunTime:0.000403s ]
INFO: [ route_check ] --END-- [ RunTime:0.000536s ]
INFO: [ app_begin ] --START--
INFO: ReadHtmlCache Behavior ::run [ RunTime:0.000412s ]
INFO: [ app_begin ] --END-- [ RunTime:0.000514s ]

[ 2014-03-31T13:54:48+08:00 ] 127.0.0.1 /test/index/index
INFO: [ route_check ] --START--
INFO: CheckRoute Behavior ::run [ RunTime:0.000405s ]
INFO: [ route_check ] --END-- [ RunTime:0.000539s ]
INFO: [ app_begin ] --START--
INFO: ReadHtmlCache Behavior ::run [ RunTime:0.000401s ]
INFO: [ app_begin ] --END-- [ RunTime:0.000512s ]
ERR: Action:init您所请求的方法不存在！

[ 2014-03-31T13:56:44+08:00 ] 127.0.0.1 /test/index/index
INFO: [ route_check ] --START--
INFO: CheckRoute Behavior ::run [ RunTime:0.000408s ]
INFO: [ route_check ] --END-- [ RunTime:0.000540s ]
INFO: [ app_begin ] --START--
INFO: ReadHtmlCache Behavior ::run [ RunTime:0.000392s ]
INFO: [ app_begin ] --END-- [ RunTime:0.000503s ]
ERR: Action:init您所请求的方法不存在！
=======
[ 2014-03-31T13:15:31+08:00 ] 127.0.0.1 /test/active/active_show?year=2014&month=3
INFO: [ app_begin ] --START--
INFO: ReadHtmlCache Behavior ::run [ RunTime:0.000866s ]
INFO: [ app_begin ] --END-- [ RunTime:0.000925s ]
SQL: SHOW COLUMNS FROM `ms_active` [ RunTime:0.003429s ]
SQL: SELECT * FROM `ms_active` WHERE ( year='2014' and month=3 and day in (1,2,3,4,5,6,7,8,9,10,11,12,13,14,15,16,17,18,19,20,21,22,23,24,25,26,27,28,29,30,31) )  [ RunTime:0.000401s ]

[ 2014-03-31T13:15:42+08:00 ] 127.0.0.1 /test/active/active_show?year=2014&month=3
INFO: [ app_begin ] --START--
INFO: ReadHtmlCache Behavior ::run [ RunTime:0.000765s ]
INFO: [ app_begin ] --END-- [ RunTime:0.000827s ]
SQL: SHOW COLUMNS FROM `ms_active` [ RunTime:0.003223s ]
SQL: SELECT * FROM `ms_active` WHERE ( year='2014' and month=3 and day in (1,2,3,4,5,6,7,8,9,10,11,12,13,14,15,16,17,18,19,20,21,22,23,24,25,26,27,28,29,30,31) )  [ RunTime:0.000356s ]
>>>>>>> wangqing_mst

[ 2014-03-31T14:19:59+08:00 ] 127.0.0.1 /test/index/index
INFO: [ route_check ] --START--
INFO: CheckRoute Behavior ::run [ RunTime:0.000388s ]
INFO: [ route_check ] --END-- [ RunTime:0.000520s ]
INFO: [ app_begin ] --START--
INFO: ReadHtmlCache Behavior ::run [ RunTime:0.000384s ]
INFO: [ app_begin ] --END-- [ RunTime:0.000494s ]
ERR: Action:init您所请求的方法不存在！

[ 2014-03-31T14:20:03+08:00 ] 127.0.0.1 /test/index/index
INFO: [ route_check ] --START--
INFO: CheckRoute Behavior ::run [ RunTime:0.000398s ]
INFO: [ route_check ] --END-- [ RunTime:0.000526s ]
INFO: [ app_begin ] --START--
INFO: ReadHtmlCache Behavior ::run [ RunTime:0.000386s ]
INFO: [ app_begin ] --END-- [ RunTime:0.000494s ]
ERR: Action:init您所请求的方法不存在！

[ 2014-03-31T14:20:07+08:00 ] 127.0.0.1 /test/index/
INFO: [ route_check ] --START--
INFO: CheckRoute Behavior ::run [ RunTime:0.000384s ]
INFO: [ route_check ] --END-- [ RunTime:0.000510s ]
INFO: [ app_begin ] --START--
INFO: ReadHtmlCache Behavior ::run [ RunTime:0.000379s ]
INFO: [ app_begin ] --END-- [ RunTime:0.000486s ]
ERR: Action:init您所请求的方法不存在！

[ 2014-03-31T14:20:17+08:00 ] 127.0.0.1 /test/
INFO: [ app_begin ] --START--
INFO: ReadHtmlCache Behavior ::run [ RunTime:0.000423s ]
INFO: [ app_begin ] --END-- [ RunTime:0.000547s ]
SQL: SHOW COLUMNS FROM `think_article` [ RunTime:0.000169s ]
ERR: 1046:No database selected
 [ SQL语句 ] : SHOW COLUMNS FROM `think_article`
SQL: SHOW COLUMNS FROM `think_index` [ RunTime:0.000165s ]
ERR: 1046:No database selected
 [ SQL语句 ] : SHOW COLUMNS FROM `think_index`
SQL: SHOW COLUMNS FROM `think_article` [ RunTime:0.000155s ]
ERR: 1046:No database selected
 [ SQL语句 ] : SHOW COLUMNS FROM `think_article`
SQL: SELECT COUNT(*) AS tp_count FROM `think_article` WHERE ( status=1 and FIND_IN_SET( 'h', flag) ) LIMIT 1   [ RunTime:0.000174s ]
ERR: 1046:No database selected
 [ SQL语句 ] : SELECT COUNT(*) AS tp_count FROM `think_article` WHERE ( status=1 and FIND_IN_SET( 'h', flag) ) LIMIT 1  
NOTIC: [8] Undefined index:  p D:\www\APMServ5.2.6\www\htdocs\test\Mingshi\Lib\Model\IndexModel.class.php 第 79 行.
SQL: SELECT ms_member.uname,ms_member.tid,ms_member.uid,ms_article.* FROM `think_article` LEFT JOIN ms_member ON ms_article.uid=ms_member.uid where  ms_article.uid=ms_member.uid and FIND_IN_SET( 'h', ms_article.flag) ORDER BY ms_article.create_time desc LIMIT 0,9   [ RunTime:0.000176s ]
ERR: 1046:No database selected
 [ SQL语句 ] : SELECT ms_member.uname,ms_member.tid,ms_member.uid,ms_article.* FROM `think_article` LEFT JOIN ms_member ON ms_article.uid=ms_member.uid where  ms_article.uid=ms_member.uid and FIND_IN_SET( 'h', ms_article.flag) ORDER BY ms_article.create_time desc LIMIT 0,9  
SQL: SELECT ms_article.aid,count(ms_review.id) as allaid FROM `think_article` LEFT JOIN ms_review On ms_article.aid = ms_review.aid  [ RunTime:0.000165s ]
ERR: 1046:No database selected
 [ SQL语句 ] : SELECT ms_article.aid,count(ms_review.id) as allaid FROM `think_article` LEFT JOIN ms_review On ms_article.aid = ms_review.aid 
NOTIC: [8] Undefined variable: allid D:\www\APMServ5.2.6\www\htdocs\test\Mingshi\Lib\Model\IndexModel.class.php 第 89 行.
NOTIC: [2] Invalid argument supplied for foreach() D:\www\APMServ5.2.6\www\htdocs\test\Mingshi\Lib\Model\IndexModel.class.php 第 89 行.
NOTIC: [2] Invalid argument supplied for foreach() D:\www\APMServ5.2.6\www\htdocs\test\Mingshi\Lib\Model\IndexModel.class.php 第 93 行.
NOTIC: [8] Array to string conversion D:\www\APMServ5.2.6\www\htdocs\test\Mingshi\Lib\Action\IndexAction.class.php 第 28 行.
SQL: SELECT ms_member.uname,ms_member.tid,ms_member.uid,ms_article.* FROM `think_article` LEFT JOIN ms_member ON ms_article.uid=ms_member.uid WHERE ( FIND_IN_SET( 't', flag ) and ms_article.status=1 and ms_article.ishid=0 and ms_article.uid !=0 and ms_article.cid<3 ) ORDER BY ms_article.up_time desc LIMIT 1   [ RunTime:0.000165s ]
ERR: 1046:No database selected
 [ SQL语句 ] : SELECT ms_member.uname,ms_member.tid,ms_member.uid,ms_article.* FROM `think_article` LEFT JOIN ms_member ON ms_article.uid=ms_member.uid WHERE ( FIND_IN_SET( 't', flag ) and ms_article.status=1 and ms_article.ishid=0 and ms_article.uid !=0 and ms_article.cid<3 ) ORDER BY ms_article.up_time desc LIMIT 1  
SQL: SHOW COLUMNS FROM `think_review` [ RunTime:0.000168s ]
ERR: 1046:No database selected
 [ SQL语句 ] : SHOW COLUMNS FROM `think_review`
SQL: SELECT COUNT(*) AS tp_count FROM `think_review` WHERE ( pid = 0 and aid =  ) LIMIT 1   [ RunTime:0.000158s ]
ERR: 1046:No database selected
 [ SQL语句 ] : SELECT COUNT(*) AS tp_count FROM `think_review` WHERE ( pid = 0 and aid =  ) LIMIT 1  
NOTIC: [8] Undefined index:  tag D:\www\APMServ5.2.6\www\htdocs\test\Mingshi\Lib\Action\IndexAction.class.php 第 36 行.
SQL: SELECT ms_member.uname,ms_member.tid,ms_member.uid,ms_article.* FROM `think_article` LEFT JOIN ms_member ON ms_article.uid=ms_member.uid WHERE ( ms_article.status=1 and FIND_IN_SET('h', flag) ) ORDER BY ms_article.up_time desc LIMIT 6   [ RunTime:0.000241s ]
ERR: 1046:No database selected
 [ SQL语句 ] : SELECT ms_member.uname,ms_member.tid,ms_member.uid,ms_article.* FROM `think_article` LEFT JOIN ms_member ON ms_article.uid=ms_member.uid WHERE ( ms_article.status=1 and FIND_IN_SET('h', flag) ) ORDER BY ms_article.up_time desc LIMIT 6  
SQL: SELECT ms_article.title,ms_member.image,ms_review.* FROM `think_review` LEFT JOIN ms_article ON ms_article.aid = ms_review.aid LEFT JOIN ms_member ON ms_review.uid = ms_member.uid WHERE ( ms_review.status =1 and FIND_IN_SET( 'h',ms_review.flag) ) ORDER BY pl_time desc LIMIT 2   [ RunTime:0.000206s ]
ERR: 1046:No database selected
 [ SQL语句 ] : SELECT ms_article.title,ms_member.image,ms_review.* FROM `think_review` LEFT JOIN ms_article ON ms_article.aid = ms_review.aid LEFT JOIN ms_member ON ms_review.uid = ms_member.uid WHERE ( ms_review.status =1 and FIND_IN_SET( 'h',ms_review.flag) ) ORDER BY pl_time desc LIMIT 2  
SQL: SELECT ms_article.title,ms_member.image,ms_member.uname,ms_review.* FROM `think_review` LEFT JOIN ms_article ON ms_article.aid = ms_review.aid LEFT JOIN ms_member ON ms_review.uid = ms_member.uid WHERE ( ms_review.status =1 ) ORDER BY pl_time desc LIMIT 5   [ RunTime:0.000232s ]
ERR: 1046:No database selected
 [ SQL语句 ] : SELECT ms_article.title,ms_member.image,ms_member.uname,ms_review.* FROM `think_review` LEFT JOIN ms_article ON ms_article.aid = ms_review.aid LEFT JOIN ms_member ON ms_review.uid = ms_member.uid WHERE ( ms_review.status =1 ) ORDER BY pl_time desc LIMIT 5  
SQL: SHOW COLUMNS FROM `think_tags` [ RunTime:0.000207s ]
ERR: 1046:No database selected
 [ SQL语句 ] : SHOW COLUMNS FROM `think_tags`
SQL: SELECT * FROM `think_tags` ORDER BY time desc  [ RunTime:0.000206s ]
ERR: 1046:No database selected
 [ SQL语句 ] : SELECT * FROM `think_tags` ORDER BY time desc 
INFO: [ view_parse ] --START--
NOTIC: [8] Undefined variable: userDataInfo D:\www\APMServ5.2.6\www\htdocs\test\Mingshi\Runtime\Cache\c699ec045691fe7f9d1a8d3e3d542f78.php 第 9 行.
NOTIC: [8] Undefined index:  p D:\www\APMServ5.2.6\www\htdocs\test\Mingshi\Runtime\Cache\c699ec045691fe7f9d1a8d3e3d542f78.php 第 85 行.
NOTIC: [8] Undefined index:  p D:\www\APMServ5.2.6\www\htdocs\test\Mingshi\Runtime\Cache\c699ec045691fe7f9d1a8d3e3d542f78.php 第 85 行.
NOTIC: [8] Undefined index:  tid D:\www\APMServ5.2.6\www\htdocs\test\Mingshi\Runtime\Cache\c699ec045691fe7f9d1a8d3e3d542f78.php 第 90 行.
NOTIC: [8] Use of undefined constant firstimage - assumed 'firstimage' D:\www\APMServ5.2.6\www\htdocs\test\Mingshi\Runtime\Cache\c699ec045691fe7f9d1a8d3e3d542f78.php 第 104 行.
NOTIC: [8] Undefined index:  uid D:\www\APMServ5.2.6\www\htdocs\test\Mingshi\Runtime\Cache\c699ec045691fe7f9d1a8d3e3d542f78.php 第 112 行.
NOTIC: [8] Use of undefined constant firstimage - assumed 'firstimage' D:\www\APMServ5.2.6\www\htdocs\test\Mingshi\Runtime\Cache\c699ec045691fe7f9d1a8d3e3d542f78.php 第 177 行.
NOTIC: [8] Undefined index:  uid D:\www\APMServ5.2.6\www\htdocs\test\Mingshi\Runtime\Cache\c699ec045691fe7f9d1a8d3e3d542f78.php 第 185 行.
NOTIC: [8] Undefined variable: userDataInfo D:\www\APMServ5.2.6\www\htdocs\test\Mingshi\Runtime\Cache\c699ec045691fe7f9d1a8d3e3d542f78.php 第 395 行.
INFO: ParseTemplate Behavior ::run [ RunTime:0.068656s ]
INFO: [ view_parse ] --END-- [ RunTime:0.068794s ]
INFO: [ view_filter ] --START--
INFO: ContentReplace Behavior ::run [ RunTime:0.001583s ]
INFO: TokenBuild Behavior ::run [ RunTime:0.001410s ]
INFO: WriteHtmlCache Behavior ::run [ RunTime:0.001089s ]
INFO: ShowRuntime Behavior ::run [ RunTime:0.001229s ]
INFO: [ view_filter ] --END-- [ RunTime:0.005658s ]
INFO: [ view_end ] --START--
INFO: ShowPageTrace Behavior ::run [ RunTime:0.001166s ]
INFO: [ view_end ] --END-- [ RunTime:0.001283s ]

[ 2014-03-31T14:20:18+08:00 ] 127.0.0.1 /test/active/active_show?year=2014&month=3
INFO: [ route_check ] --START--
INFO: CheckRoute Behavior ::run [ RunTime:0.000399s ]
INFO: [ route_check ] --END-- [ RunTime:0.000527s ]
INFO: [ app_begin ] --START--
INFO: ReadHtmlCache Behavior ::run [ RunTime:0.000382s ]
INFO: [ app_begin ] --END-- [ RunTime:0.000481s ]

[ 2014-03-31T14:20:25+08:00 ] 127.0.0.1 /test/index.php/Member
INFO: [ route_check ] --START--
INFO: CheckRoute Behavior ::run [ RunTime:0.000397s ]
INFO: [ route_check ] --END-- [ RunTime:0.000524s ]
INFO: [ app_begin ] --START--
INFO: ReadHtmlCache Behavior ::run [ RunTime:0.000382s ]
INFO: [ app_begin ] --END-- [ RunTime:0.000491s ]
SQL: SHOW COLUMNS FROM `think_subject` [ RunTime:0.000177s ]
ERR: 1046:No database selected
 [ SQL语句 ] : SHOW COLUMNS FROM `think_subject`
SQL: SELECT * FROM `think_subject`  [ RunTime:0.000162s ]
ERR: 1046:No database selected
 [ SQL语句 ] : SELECT * FROM `think_subject` 
SQL: SHOW COLUMNS FROM `think_member` [ RunTime:0.000213s ]
ERR: 1046:No database selected
 [ SQL语句 ] : SHOW COLUMNS FROM `think_member`
SQL: SHOW COLUMNS FROM `think_reviewinfo` [ RunTime:0.000211s ]
ERR: 1046:No database selected
 [ SQL语句 ] : SHOW COLUMNS FROM `think_reviewinfo`
SQL: SELECT ms_teacher_info .*,avg(ms_reviewinfo.scores) as pscores,ms_member.uname,ms_member.obj_id FROM `think_reviewinfo` LEFT JOIN ms_teacher_info on ms_teacher_info .uid = ms_reviewinfo.perid LEFT JOIN ms_member on ms_teacher_info .uid = ms_member.uid GROUP BY ms_teacher_info.uid ORDER BY pscores desc LIMIT 6   [ RunTime:0.000223s ]
ERR: 1046:No database selected
 [ SQL语句 ] : SELECT ms_teacher_info .*,avg(ms_reviewinfo.scores) as pscores,ms_member.uname,ms_member.obj_id FROM `think_reviewinfo` LEFT JOIN ms_teacher_info on ms_teacher_info .uid = ms_reviewinfo.perid LEFT JOIN ms_member on ms_teacher_info .uid = ms_member.uid GROUP BY ms_teacher_info.uid ORDER BY pscores desc LIMIT 6  
INFO: [ view_parse ] --START--
NOTIC: [8] Undefined variable: userDataInfo D:\www\APMServ5.2.6\www\htdocs\test\Mingshi\Runtime\Cache\652a62f4d1d165a509bf34e7606b9947.php 第 10 行.
NOTIC: [8] Undefined index:  obj_id D:\www\APMServ5.2.6\www\htdocs\test\Mingshi\Runtime\Cache\652a62f4d1d165a509bf34e7606b9947.php 第 86 行.
INFO: ParseTemplate Behavior ::run [ RunTime:0.057313s ]
INFO: [ view_parse ] --END-- [ RunTime:0.057467s ]
INFO: [ view_filter ] --START--
INFO: ContentReplace Behavior ::run [ RunTime:0.000796s ]
INFO: TokenBuild Behavior ::run [ RunTime:0.000433s ]
INFO: WriteHtmlCache Behavior ::run [ RunTime:0.000312s ]
INFO: ShowRuntime Behavior ::run [ RunTime:0.000453s ]
INFO: [ view_filter ] --END-- [ RunTime:0.002287s ]
INFO: [ view_end ] --START--
INFO: ShowPageTrace Behavior ::run [ RunTime:0.000378s ]
INFO: [ view_end ] --END-- [ RunTime:0.000488s ]

[ 2014-03-31T14:20:26+08:00 ] 127.0.0.1 /test/index.php/%7Bms:$QRcodeUrl%7D
INFO: [ route_check ] --START--
INFO: CheckRoute Behavior ::run [ RunTime:0.000403s ]
INFO: [ route_check ] --END-- [ RunTime:0.000530s ]
INFO: [ app_begin ] --START--
INFO: ReadHtmlCache Behavior ::run [ RunTime:0.000390s ]
INFO: [ app_begin ] --END-- [ RunTime:0.000499s ]
NOTIC: [8] Undefined variable: group D:\www\APMServ5.2.6\www\htdocs\test\ThinkPHP\Lib\Core\App.class.php 第 95 行.
ERR: Action:init您所请求的方法不存在！

[ 2014-03-31T14:20:28+08:00 ] 127.0.0.1 /test/index.php/index/tougao
INFO: [ route_check ] --START--
INFO: CheckRoute Behavior ::run [ RunTime:0.000424s ]
INFO: [ route_check ] --END-- [ RunTime:0.000557s ]
INFO: [ app_begin ] --START--
INFO: ReadHtmlCache Behavior ::run [ RunTime:0.000393s ]
INFO: [ app_begin ] --END-- [ RunTime:0.000503s ]
INFO: [ view_parse ] --START--
INFO: ParseTemplate Behavior ::run [ RunTime:0.011656s ]
INFO: [ view_parse ] --END-- [ RunTime:0.011816s ]
INFO: [ view_filter ] --START--
INFO: ContentReplace Behavior ::run [ RunTime:0.000433s ]
INFO: TokenBuild Behavior ::run [ RunTime:0.000392s ]
INFO: WriteHtmlCache Behavior ::run [ RunTime:0.000305s ]
INFO: ShowRuntime Behavior ::run [ RunTime:0.000411s ]
INFO: [ view_filter ] --END-- [ RunTime:0.001829s ]
INFO: [ view_end ] --START--
INFO: ShowPageTrace Behavior ::run [ RunTime:0.000356s ]
INFO: [ view_end ] --END-- [ RunTime:0.000457s ]

[ 2014-03-31T14:20:31+08:00 ] 127.0.0.1 /test/index.php/%7Bms:$QRcodeUrl%7D
INFO: [ route_check ] --START--
INFO: CheckRoute Behavior ::run [ RunTime:0.000413s ]
INFO: [ route_check ] --END-- [ RunTime:0.000549s ]
INFO: [ app_begin ] --START--
INFO: ReadHtmlCache Behavior ::run [ RunTime:0.000391s ]
INFO: [ app_begin ] --END-- [ RunTime:0.000503s ]
NOTIC: [8] Undefined variable: group D:\www\APMServ5.2.6\www\htdocs\test\ThinkPHP\Lib\Core\App.class.php 第 95 行.
ERR: Action:init您所请求的方法不存在！

[ 2014-03-31T14:20:31+08:00 ] 127.0.0.1 /test/index.php/%7Bms:$QRcodeUrl%7D
INFO: [ route_check ] --START--
INFO: CheckRoute Behavior ::run [ RunTime:0.000404s ]
INFO: [ route_check ] --END-- [ RunTime:0.000543s ]
INFO: [ app_begin ] --START--
INFO: ReadHtmlCache Behavior ::run [ RunTime:0.000383s ]
INFO: [ app_begin ] --END-- [ RunTime:0.000490s ]
NOTIC: [8] Undefined variable: group D:\www\APMServ5.2.6\www\htdocs\test\ThinkPHP\Lib\Core\App.class.php 第 95 行.
ERR: Action:init您所请求的方法不存在！

[ 2014-03-31T14:23:13+08:00 ] 127.0.0.1 /test/active/active_show?year=2014&month=3
INFO: [ app_begin ] --START--
INFO: ReadHtmlCache Behavior ::run [ RunTime:0.000378s ]
INFO: [ app_begin ] --END-- [ RunTime:0.000519s ]
SQL: SHOW COLUMNS FROM `ms_active` [ RunTime:0.005147s ]
SQL: SELECT * FROM `ms_active` WHERE ( year='2014' and month=3 and day in (1,2,3,4,5,6,7,8,9,10,11,12,13,14,15,16,17,18,19,20,21,22,23,24,25,26,27,28,29,30,31) )  [ RunTime:0.001250s ]

[ 2014-03-31T14:24:06+08:00 ] 127.0.0.1 /test/active/active_show?year=2014&month=3
INFO: [ app_begin ] --START--
INFO: ReadHtmlCache Behavior ::run [ RunTime:0.001136s ]
INFO: [ app_begin ] --END-- [ RunTime:0.001250s ]
SQL: SHOW COLUMNS FROM `ms_active` [ RunTime:0.004262s ]
SQL: SELECT * FROM `ms_active` WHERE ( year='2014' and month=3 and day in (1,2,3,4,5,6,7,8,9,10,11,12,13,14,15,16,17,18,19,20,21,22,23,24,25,26,27,28,29,30,31) )  [ RunTime:0.001069s ]

[ 2014-03-31T15:05:48+08:00 ] 127.0.0.1 /test/active/active_show?year=2014&month=3
INFO: [ app_begin ] --START--
INFO: ReadHtmlCache Behavior ::run [ RunTime:0.001162s ]
INFO: [ app_begin ] --END-- [ RunTime:0.001271s ]
SQL: SHOW COLUMNS FROM `ms_active` [ RunTime:0.017887s ]
SQL: SELECT * FROM `ms_active` WHERE ( year='2014' and month=3 and day in (1,2,3,4,5,6,7,8,9,10,11,12,13,14,15,16,17,18,19,20,21,22,23,24,25,26,27,28,29,30,31) )  [ RunTime:0.009536s ]

[ 2014-03-31T16:09:54+08:00 ] 127.0.0.1 /test/active/active_show?year=2014&month=3
INFO: [ app_begin ] --START--
INFO: ReadHtmlCache Behavior ::run [ RunTime:0.000165s ]
INFO: [ app_begin ] --END-- [ RunTime:0.000208s ]
SQL: SHOW COLUMNS FROM `ms_member` [ RunTime:0.002105s ]
SQL: SELECT `uid`,`tid`,`uname`,`phone`,`coin`,`lastdate`,`style` FROM `ms_member` WHERE ( uid=5 ) LIMIT 1   [ RunTime:0.000347s ]
SQL: SHOW COLUMNS FROM `ms_active` [ RunTime:0.002248s ]
SQL: SELECT * FROM `ms_active` WHERE ( year='2014' and month=3 and day in (1,2,3,4,5,6,7,8,9,10,11,12,13,14,15,16,17,18,19,20,21,22,23,24,25,26,27,28,29,30,31) )  [ RunTime:0.000470s ]

[ 2014-03-31T17:26:20+08:00 ] 127.0.0.1 /test/active/active_show?year=2014&month=3
INFO: [ app_begin ] --START--
INFO: ReadHtmlCache Behavior ::run [ RunTime:0.000386s ]
INFO: [ app_begin ] --END-- [ RunTime:0.000489s ]
SQL: SHOW COLUMNS FROM `ms_member` [ RunTime:0.004312s ]
SQL: SELECT `uid`,`tid`,`uname`,`phone`,`coin`,`lastdate`,`style` FROM `ms_member` WHERE ( uid=5 ) LIMIT 1   [ RunTime:0.000964s ]
SQL: SHOW COLUMNS FROM `ms_active` [ RunTime:0.004741s ]
SQL: SELECT * FROM `ms_active` WHERE ( year='2014' and month=3 and day in (1,2,3,4,5,6,7,8,9,10,11,12,13,14,15,16,17,18,19,20,21,22,23,24,25,26,27,28,29,30,31) )  [ RunTime:0.001318s ]

