[ 2014-03-29T09:36:50+08:00 ] 127.0.0.1 /test/active/active_show?year=2014&month=3
INFO: [ app_begin ] --START--
INFO: ReadHtmlCache Behavior ::run [ RunTime:0.000799s ]
INFO: [ app_begin ] --END-- [ RunTime:0.000910s ]
SQL: SHOW COLUMNS FROM `ms_active` [ RunTime:0.005368s ]
SQL: SELECT * FROM `ms_active` WHERE ( year='2014' and month=3 and day in (1,2,3,4,5,6,7,8,9,10,11,12,13,14,15,16,17,18,19,20,21,22,23,24,25,26,27,28,29,30,31) )  [ RunTime:0.001174s ]

[ 2014-03-29T10:02:07+08:00 ] 127.0.0.1 /test/active/active_show?year=2014&month=3
INFO: [ app_begin ] --START--
INFO: ReadHtmlCache Behavior ::run [ RunTime:0.000381s ]
INFO: [ app_begin ] --END-- [ RunTime:0.000486s ]
SQL: SHOW COLUMNS FROM `ms_active` [ RunTime:0.004844s ]
SQL: SELECT * FROM `ms_active` WHERE ( year='2014' and month=3 and day in (1,2,3,4,5,6,7,8,9,10,11,12,13,14,15,16,17,18,19,20,21,22,23,24,25,26,27,28,29,30,31) )  [ RunTime:0.001154s ]

[ 2014-03-29T13:08:18+08:00 ] 127.0.0.1 /test/active/active_show?year=2014&month=3
INFO: [ app_begin ] --START--
INFO: ReadHtmlCache Behavior ::run [ RunTime:0.000773s ]
INFO: [ app_begin ] --END-- [ RunTime:0.000876s ]
SQL: SHOW COLUMNS FROM `ms_active` [ RunTime:0.004038s ]
SQL: SELECT * FROM `ms_active` WHERE ( year='2014' and month=3 and day in (1,2,3,4,5,6,7,8,9,10,11,12,13,14,15,16,17,18,19,20,21,22,23,24,25,26,27,28,29,30,31) )  [ RunTime:0.001103s ]

[ 2014-03-29T13:27:32+08:00 ] 127.0.0.1 /test/active/active_show?year=2014&month=3
INFO: [ app_begin ] --START--
INFO: ReadHtmlCache Behavior ::run [ RunTime:0.000394s ]
INFO: [ app_begin ] --END-- [ RunTime:0.000495s ]
SQL: SHOW COLUMNS FROM `ms_active` [ RunTime:0.003961s ]
SQL: SELECT * FROM `ms_active` WHERE ( year='2014' and month=3 and day in (1,2,3,4,5,6,7,8,9,10,11,12,13,14,15,16,17,18,19,20,21,22,23,24,25,26,27,28,29,30,31) )  [ RunTime:0.001095s ]

[ 2014-03-29T13:30:45+08:00 ] 127.0.0.1 /test/active/active_show?year=2014&month=3
INFO: [ app_begin ] --START--
INFO: ReadHtmlCache Behavior ::run [ RunTime:0.000397s ]
INFO: [ app_begin ] --END-- [ RunTime:0.000497s ]
SQL: SHOW COLUMNS FROM `ms_active` [ RunTime:0.005039s ]
SQL: SELECT * FROM `ms_active` WHERE ( year='2014' and month=3 and day in (1,2,3,4,5,6,7,8,9,10,11,12,13,14,15,16,17,18,19,20,21,22,23,24,25,26,27,28,29,30,31) )  [ RunTime:0.001185s ]

[ 2014-03-29T13:34:08+08:00 ] 127.0.0.1 /test/active/active_show?year=2014&month=3
INFO: [ app_begin ] --START--
INFO: ReadHtmlCache Behavior ::run [ RunTime:0.001766s ]
INFO: [ app_begin ] --END-- [ RunTime:0.001882s ]
SQL: SHOW COLUMNS FROM `ms_active` [ RunTime:0.004337s ]
SQL: SELECT * FROM `ms_active` WHERE ( year='2014' and month=3 and day in (1,2,3,4,5,6,7,8,9,10,11,12,13,14,15,16,17,18,19,20,21,22,23,24,25,26,27,28,29,30,31) )  [ RunTime:0.001328s ]

[ 2014-03-29T13:40:44+08:00 ] 127.0.0.1 /test/active/active_show?year=2014&month=3
INFO: [ app_begin ] --START--
INFO: ReadHtmlCache Behavior ::run [ RunTime:0.000400s ]
INFO: [ app_begin ] --END-- [ RunTime:0.000502s ]
SQL: SHOW COLUMNS FROM `ms_active` [ RunTime:0.004258s ]
SQL: SELECT * FROM `ms_active` WHERE ( year='2014' and month=3 and day in (1,2,3,4,5,6,7,8,9,10,11,12,13,14,15,16,17,18,19,20,21,22,23,24,25,26,27,28,29,30,31) )  [ RunTime:0.001151s ]

[ 2014-03-29T13:40:46+08:00 ] 127.0.0.1 /test/active/active_show?year=2014&month=3
INFO: [ app_begin ] --START--
INFO: ReadHtmlCache Behavior ::run [ RunTime:0.000388s ]
INFO: [ app_begin ] --END-- [ RunTime:0.000488s ]
SQL: SHOW COLUMNS FROM `ms_active` [ RunTime:0.004085s ]
SQL: SELECT * FROM `ms_active` WHERE ( year='2014' and month=3 and day in (1,2,3,4,5,6,7,8,9,10,11,12,13,14,15,16,17,18,19,20,21,22,23,24,25,26,27,28,29,30,31) )  [ RunTime:0.001205s ]

[ 2014-03-29T13:50:45+08:00 ] 127.0.0.1 /test/active/active_show?year=2014&month=3
INFO: [ app_begin ] --START--
INFO: ReadHtmlCache Behavior ::run [ RunTime:0.001123s ]
INFO: [ app_begin ] --END-- [ RunTime:0.001232s ]
SQL: SHOW COLUMNS FROM `ms_active` [ RunTime:0.004602s ]
SQL: SELECT * FROM `ms_active` WHERE ( year='2014' and month=3 and day in (1,2,3,4,5,6,7,8,9,10,11,12,13,14,15,16,17,18,19,20,21,22,23,24,25,26,27,28,29,30,31) )  [ RunTime:0.001278s ]

[ 2014-03-29T13:53:19+08:00 ] 127.0.0.1 /test/active/active_show?year=2014&month=3
INFO: [ app_begin ] --START--
INFO: ReadHtmlCache Behavior ::run [ RunTime:0.001169s ]
INFO: [ app_begin ] --END-- [ RunTime:0.001286s ]
SQL: SHOW COLUMNS FROM `ms_active` [ RunTime:0.004148s ]
SQL: SELECT * FROM `ms_active` WHERE ( year='2014' and month=3 and day in (1,2,3,4,5,6,7,8,9,10,11,12,13,14,15,16,17,18,19,20,21,22,23,24,25,26,27,28,29,30,31) )  [ RunTime:0.001170s ]

[ 2014-03-29T13:55:05+08:00 ] 127.0.0.1 /test/active/active_show?year=2014&month=3
INFO: [ app_begin ] --START--
INFO: ReadHtmlCache Behavior ::run [ RunTime:0.000388s ]
INFO: [ app_begin ] --END-- [ RunTime:0.000491s ]
SQL: SHOW COLUMNS FROM `ms_active` [ RunTime:0.004363s ]
SQL: SELECT * FROM `ms_active` WHERE ( year='2014' and month=3 and day in (1,2,3,4,5,6,7,8,9,10,11,12,13,14,15,16,17,18,19,20,21,22,23,24,25,26,27,28,29,30,31) )  [ RunTime:0.001267s ]

