[ 2014-03-24T09:34:50+08:00 ] 127.0.0.1 /test/active/active_show?year=2014&month=3
INFO: [ app_begin ] --START--
INFO: ReadHtmlCache Behavior ::run [ RunTime:0.001788s ]
INFO: [ app_begin ] --END-- [ RunTime:0.001910s ]
SQL: SHOW COLUMNS FROM `ms_active` [ RunTime:0.019509s ]
SQL: SELECT * FROM `ms_active` WHERE ( year='2014' and month=3 and day in (1,2,3,4,5,6,7,8,9,10,11,12,13,14,15,16,17,18,19,20,21,22,23,24,25,26,27,28,29,30,31) )  [ RunTime:0.000847s ]

[ 2014-03-24T09:35:00+08:00 ] 127.0.0.1 /test/active/active_show?year=2014&month=3
INFO: [ app_begin ] --START--
INFO: ReadHtmlCache Behavior ::run [ RunTime:0.001856s ]
INFO: [ app_begin ] --END-- [ RunTime:0.001973s ]
SQL: SHOW COLUMNS FROM `ms_active` [ RunTime:0.006245s ]
SQL: SELECT * FROM `ms_active` WHERE ( year='2014' and month=3 and day in (1,2,3,4,5,6,7,8,9,10,11,12,13,14,15,16,17,18,19,20,21,22,23,24,25,26,27,28,29,30,31) )  [ RunTime:0.001163s ]

[ 2014-03-24T09:36:06+08:00 ] 127.0.0.1 /test/active/active_show?year=2014&month=3
INFO: [ app_begin ] --START--
INFO: ReadHtmlCache Behavior ::run [ RunTime:0.001799s ]
INFO: [ app_begin ] --END-- [ RunTime:0.001919s ]
SQL: SHOW COLUMNS FROM `ms_member` [ RunTime:0.006780s ]
SQL: SELECT `uid`,`tid`,`uname`,`phone`,`coin`,`lastdate`,`style` FROM `ms_member` WHERE ( uid=5 ) LIMIT 1   [ RunTime:0.000770s ]
SQL: SHOW COLUMNS FROM `ms_active` [ RunTime:0.006976s ]
SQL: SELECT * FROM `ms_active` WHERE ( year='2014' and month=3 and day in (1,2,3,4,5,6,7,8,9,10,11,12,13,14,15,16,17,18,19,20,21,22,23,24,25,26,27,28,29,30,31) )  [ RunTime:0.001167s ]

[ 2014-03-24T09:36:24+08:00 ] 127.0.0.1 /test/active/active_show?year=2014&month=3
INFO: [ app_begin ] --START--
INFO: ReadHtmlCache Behavior ::run [ RunTime:0.005725s ]
INFO: [ app_begin ] --END-- [ RunTime:0.005850s ]
SQL: SHOW COLUMNS FROM `ms_member` [ RunTime:0.006727s ]
SQL: SELECT `uid`,`tid`,`uname`,`phone`,`coin`,`lastdate`,`style` FROM `ms_member` WHERE ( uid=3 ) LIMIT 1   [ RunTime:0.001050s ]
SQL: SHOW COLUMNS FROM `ms_active` [ RunTime:0.006262s ]
SQL: SELECT * FROM `ms_active` WHERE ( year='2014' and month=3 and day in (1,2,3,4,5,6,7,8,9,10,11,12,13,14,15,16,17,18,19,20,21,22,23,24,25,26,27,28,29,30,31) )  [ RunTime:0.001160s ]

[ 2014-03-24T09:36:49+08:00 ] 127.0.0.1 /test/active/active_show?year=2014&month=3
INFO: [ app_begin ] --START--
INFO: ReadHtmlCache Behavior ::run [ RunTime:0.002860s ]
INFO: [ app_begin ] --END-- [ RunTime:0.003012s ]
SQL: SHOW COLUMNS FROM `ms_member` [ RunTime:0.006862s ]
SQL: SELECT `uid`,`tid`,`uname`,`phone`,`coin`,`lastdate`,`style` FROM `ms_member` WHERE ( uid=20 ) LIMIT 1   [ RunTime:0.000872s ]
SQL: SHOW COLUMNS FROM `ms_active` [ RunTime:0.006073s ]
SQL: SELECT * FROM `ms_active` WHERE ( year='2014' and month=3 and day in (1,2,3,4,5,6,7,8,9,10,11,12,13,14,15,16,17,18,19,20,21,22,23,24,25,26,27,28,29,30,31) )  [ RunTime:0.001402s ]

[ 2014-03-24T11:10:15+08:00 ] 127.0.0.1 /test/active/active_show?year=2014&month=3
INFO: [ app_begin ] --START--
INFO: ReadHtmlCache Behavior ::run [ RunTime:0.005078s ]
INFO: [ app_begin ] --END-- [ RunTime:0.005194s ]
SQL: SHOW COLUMNS FROM `ms_member` [ RunTime:0.007293s ]
SQL: SELECT `uid`,`tid`,`uname`,`phone`,`coin`,`lastdate`,`style` FROM `ms_member` WHERE ( uid=3 ) LIMIT 1   [ RunTime:0.001450s ]
SQL: SHOW COLUMNS FROM `ms_active` [ RunTime:0.007598s ]
SQL: SELECT * FROM `ms_active` WHERE ( year='2014' and month=3 and day in (1,2,3,4,5,6,7,8,9,10,11,12,13,14,15,16,17,18,19,20,21,22,23,24,25,26,27,28,29,30,31) )  [ RunTime:0.001712s ]

[ 2014-03-24T11:11:21+08:00 ] 127.0.0.1 /test/public/getAreaName?&id=1&math=209
INFO: [ app_begin ] --START--
INFO: ReadHtmlCache Behavior ::run [ RunTime:0.004882s ]
INFO: [ app_begin ] --END-- [ RunTime:0.004999s ]
SQL: SHOW COLUMNS FROM `ms_member` [ RunTime:0.008099s ]
SQL: SELECT `uid`,`tid`,`uname`,`phone`,`coin`,`lastdate`,`style` FROM `ms_member` WHERE ( uid=3 ) LIMIT 1   [ RunTime:0.001005s ]
SQL: SHOW COLUMNS FROM `ms_area` [ RunTime:0.006472s ]
SQL: SELECT `id`,`name` FROM `ms_area` WHERE ( pid=1 )  [ RunTime:0.001481s ]

[ 2014-03-24T11:11:22+08:00 ] 127.0.0.1 /test/public/getAreaName?&id=4&math=535
INFO: [ app_begin ] --START--
INFO: ReadHtmlCache Behavior ::run [ RunTime:0.004952s ]
INFO: [ app_begin ] --END-- [ RunTime:0.005090s ]
SQL: SHOW COLUMNS FROM `ms_member` [ RunTime:0.007369s ]
SQL: SELECT `uid`,`tid`,`uname`,`phone`,`coin`,`lastdate`,`style` FROM `ms_member` WHERE ( uid=3 ) LIMIT 1   [ RunTime:0.001279s ]
SQL: SHOW COLUMNS FROM `ms_area` [ RunTime:0.006514s ]
SQL: SELECT `id`,`name` FROM `ms_area` WHERE ( pid=4 )  [ RunTime:0.001550s ]

[ 2014-03-24T11:30:25+08:00 ] 127.0.0.1 /test/public/getAreaName?&id=1&math=499
INFO: [ app_begin ] --START--
INFO: ReadHtmlCache Behavior ::run [ RunTime:0.002984s ]
INFO: [ app_begin ] --END-- [ RunTime:0.003137s ]
SQL: SHOW COLUMNS FROM `ms_member` [ RunTime:0.007883s ]
SQL: SELECT `uid`,`tid`,`uname`,`phone`,`coin`,`lastdate`,`style` FROM `ms_member` WHERE ( uid=3 ) LIMIT 1   [ RunTime:0.000910s ]
SQL: SHOW COLUMNS FROM `ms_area` [ RunTime:0.014133s ]
SQL: SELECT `id`,`name` FROM `ms_area` WHERE ( pid=1 )  [ RunTime:0.001855s ]

[ 2014-03-24T11:30:28+08:00 ] 127.0.0.1 /test/public/getAreaName?&id=7&math=758
INFO: [ app_begin ] --START--
INFO: ReadHtmlCache Behavior ::run [ RunTime:0.000600s ]
INFO: [ app_begin ] --END-- [ RunTime:0.000705s ]
SQL: SHOW COLUMNS FROM `ms_member` [ RunTime:0.007269s ]
SQL: SELECT `uid`,`tid`,`uname`,`phone`,`coin`,`lastdate`,`style` FROM `ms_member` WHERE ( uid=3 ) LIMIT 1   [ RunTime:0.001256s ]
SQL: SHOW COLUMNS FROM `ms_area` [ RunTime:0.007140s ]
SQL: SELECT `id`,`name` FROM `ms_area` WHERE ( pid=7 )  [ RunTime:0.000661s ]

[ 2014-03-24T11:30:32+08:00 ] 127.0.0.1 /test/public/getAreaName?&id=4&math=782
INFO: [ app_begin ] --START--
INFO: ReadHtmlCache Behavior ::run [ RunTime:0.000604s ]
INFO: [ app_begin ] --END-- [ RunTime:0.000708s ]
SQL: SHOW COLUMNS FROM `ms_member` [ RunTime:0.007519s ]
SQL: SELECT `uid`,`tid`,`uname`,`phone`,`coin`,`lastdate`,`style` FROM `ms_member` WHERE ( uid=3 ) LIMIT 1   [ RunTime:0.001456s ]
SQL: SHOW COLUMNS FROM `ms_area` [ RunTime:0.006554s ]
SQL: SELECT `id`,`name` FROM `ms_area` WHERE ( pid=4 )  [ RunTime:0.001425s ]

[ 2014-03-24T11:30:35+08:00 ] 127.0.0.1 /test/public/getAreaName?&id=1&math=15
INFO: [ app_begin ] --START--
INFO: ReadHtmlCache Behavior ::run [ RunTime:0.000664s ]
INFO: [ app_begin ] --END-- [ RunTime:0.000786s ]
SQL: SHOW COLUMNS FROM `ms_member` [ RunTime:0.007622s ]
SQL: SELECT `uid`,`tid`,`uname`,`phone`,`coin`,`lastdate`,`style` FROM `ms_member` WHERE ( uid=3 ) LIMIT 1   [ RunTime:0.001605s ]
SQL: SHOW COLUMNS FROM `ms_area` [ RunTime:0.006927s ]
SQL: SELECT `id`,`name` FROM `ms_area` WHERE ( pid=1 )  [ RunTime:0.001703s ]

[ 2014-03-24T11:31:35+08:00 ] 127.0.0.1 /test/public/getAreaName?&id=1&math=24
INFO: [ app_begin ] --START--
INFO: ReadHtmlCache Behavior ::run [ RunTime:0.000593s ]
INFO: [ app_begin ] --END-- [ RunTime:0.000696s ]
SQL: SHOW COLUMNS FROM `ms_member` [ RunTime:0.008883s ]
SQL: SELECT `uid`,`tid`,`uname`,`phone`,`coin`,`lastdate`,`style` FROM `ms_member` WHERE ( uid=3 ) LIMIT 1   [ RunTime:0.000527s ]
SQL: SHOW COLUMNS FROM `ms_area` [ RunTime:0.008053s ]
SQL: SELECT `id`,`name` FROM `ms_area` WHERE ( pid=1 )  [ RunTime:0.001714s ]

[ 2014-03-24T11:32:38+08:00 ] 127.0.0.1 /test/public/getAreaName?&id=1&math=88
INFO: [ app_begin ] --START--
INFO: ReadHtmlCache Behavior ::run [ RunTime:0.000711s ]
INFO: [ app_begin ] --END-- [ RunTime:0.000823s ]
SQL: SHOW COLUMNS FROM `ms_member` [ RunTime:0.009505s ]
SQL: SELECT `uid`,`tid`,`uname`,`phone`,`coin`,`lastdate`,`style` FROM `ms_member` WHERE ( uid=3 ) LIMIT 1   [ RunTime:0.000422s ]
SQL: SHOW COLUMNS FROM `ms_area` [ RunTime:0.009905s ]
SQL: SELECT `id`,`name` FROM `ms_area` WHERE ( pid=1 )  [ RunTime:0.001011s ]

[ 2014-03-24T11:32:41+08:00 ] 127.0.0.1 /test/public/getAreaName?&id=4&math=573
INFO: [ app_begin ] --START--
INFO: ReadHtmlCache Behavior ::run [ RunTime:0.000610s ]
INFO: [ app_begin ] --END-- [ RunTime:0.000715s ]
SQL: SHOW COLUMNS FROM `ms_member` [ RunTime:0.007519s ]
SQL: SELECT `uid`,`tid`,`uname`,`phone`,`coin`,`lastdate`,`style` FROM `ms_member` WHERE ( uid=3 ) LIMIT 1   [ RunTime:0.001470s ]
SQL: SHOW COLUMNS FROM `ms_area` [ RunTime:0.006481s ]
SQL: SELECT `id`,`name` FROM `ms_area` WHERE ( pid=4 )  [ RunTime:0.001612s ]

[ 2014-03-24T13:08:13+08:00 ] 127.0.0.1 /test/public/getAreaName?&id=1&math=262
INFO: [ app_begin ] --START--
INFO: ReadHtmlCache Behavior ::run [ RunTime:0.005011s ]
INFO: [ app_begin ] --END-- [ RunTime:0.005129s ]
SQL: SHOW COLUMNS FROM `ms_member` [ RunTime:0.007626s ]
SQL: SELECT `uid`,`tid`,`uname`,`phone`,`coin`,`lastdate`,`style` FROM `ms_member` WHERE ( uid=3 ) LIMIT 1   [ RunTime:0.001538s ]
SQL: SHOW COLUMNS FROM `ms_area` [ RunTime:0.006752s ]
SQL: SELECT `id`,`name` FROM `ms_area` WHERE ( pid=1 )  [ RunTime:0.001727s ]

[ 2014-03-24T13:47:01+08:00 ] 127.0.0.1 /test/public/getAreaName?&id=1&math=281
INFO: [ app_begin ] --START--
INFO: ReadHtmlCache Behavior ::run [ RunTime:0.002966s ]
INFO: [ app_begin ] --END-- [ RunTime:0.003091s ]
SQL: SHOW COLUMNS FROM `ms_member` [ RunTime:0.007797s ]
SQL: SELECT `uid`,`tid`,`uname`,`phone`,`coin`,`lastdate`,`style` FROM `ms_member` WHERE ( uid=3 ) LIMIT 1   [ RunTime:0.001551s ]
SQL: SHOW COLUMNS FROM `ms_area` [ RunTime:0.006765s ]
SQL: SELECT `id`,`name` FROM `ms_area` WHERE ( pid=1 )  [ RunTime:0.001457s ]

[ 2014-03-24T15:22:08+08:00 ] 127.0.0.1 /test/active/active_show?year=2014&month=3
INFO: [ app_begin ] --START--
INFO: ReadHtmlCache Behavior ::run [ RunTime:0.000618s ]
INFO: [ app_begin ] --END-- [ RunTime:0.000722s ]
SQL: SHOW COLUMNS FROM `ms_member` [ RunTime:0.007457s ]
SQL: SELECT `uid`,`tid`,`uname`,`phone`,`coin`,`lastdate`,`style` FROM `ms_member` WHERE ( uid=5 ) LIMIT 1   [ RunTime:0.001320s ]
SQL: SHOW COLUMNS FROM `ms_active` [ RunTime:0.007759s ]
SQL: SELECT * FROM `ms_active` WHERE ( year='2014' and month=3 and day in (1,2,3,4,5,6,7,8,9,10,11,12,13,14,15,16,17,18,19,20,21,22,23,24,25,26,27,28,29,30,31) )  [ RunTime:0.002055s ]

[ 2014-03-24T18:22:51+08:00 ] 127.0.0.1 /test/active/active_show?year=2014&month=3
INFO: [ app_begin ] --START--
INFO: ReadHtmlCache Behavior ::run [ RunTime:0.005206s ]
INFO: [ app_begin ] --END-- [ RunTime:0.005335s ]
SQL: SHOW COLUMNS FROM `ms_member` [ RunTime:0.007353s ]
SQL: SELECT `uid`,`tid`,`uname`,`phone`,`coin`,`lastdate`,`style` FROM `ms_member` WHERE ( uid=3 ) LIMIT 1   [ RunTime:0.001277s ]
SQL: SHOW COLUMNS FROM `ms_active` [ RunTime:0.007434s ]
SQL: SELECT * FROM `ms_active` WHERE ( year='2014' and month=3 and day in (1,2,3,4,5,6,7,8,9,10,11,12,13,14,15,16,17,18,19,20,21,22,23,24,25,26,27,28,29,30,31) )  [ RunTime:0.001555s ]

[ 2014-03-24T18:23:17+08:00 ] 127.0.0.1 /test/active/active_show?year=2014&month=3
INFO: [ app_begin ] --START--
INFO: ReadHtmlCache Behavior ::run [ RunTime:0.005042s ]
INFO: [ app_begin ] --END-- [ RunTime:0.005159s ]
SQL: SHOW COLUMNS FROM `ms_member` [ RunTime:0.007399s ]
SQL: SELECT `uid`,`tid`,`uname`,`phone`,`coin`,`lastdate`,`style` FROM `ms_member` WHERE ( uid=20 ) LIMIT 1   [ RunTime:0.001221s ]
SQL: SHOW COLUMNS FROM `ms_active` [ RunTime:0.006886s ]
SQL: SELECT * FROM `ms_active` WHERE ( year='2014' and month=3 and day in (1,2,3,4,5,6,7,8,9,10,11,12,13,14,15,16,17,18,19,20,21,22,23,24,25,26,27,28,29,30,31) )  [ RunTime:0.001861s ]

[ 2014-03-24T18:23:21+08:00 ] 127.0.0.1 /test/public/getAreaName?&id=undefined&math=917
INFO: [ app_begin ] --START--
INFO: ReadHtmlCache Behavior ::run [ RunTime:0.004802s ]
INFO: [ app_begin ] --END-- [ RunTime:0.004929s ]
SQL: SHOW COLUMNS FROM `ms_member` [ RunTime:0.007265s ]
SQL: SELECT `uid`,`tid`,`uname`,`phone`,`coin`,`lastdate`,`style` FROM `ms_member` WHERE ( uid=20 ) LIMIT 1   [ RunTime:0.001295s ]

[ 2014-03-24T18:24:01+08:00 ] 127.0.0.1 /test/public/getAreaName?&id=undefined&math=518
INFO: [ app_begin ] --START--
INFO: ReadHtmlCache Behavior ::run [ RunTime:0.003524s ]
INFO: [ app_begin ] --END-- [ RunTime:0.003658s ]
SQL: SHOW COLUMNS FROM `ms_member` [ RunTime:0.008676s ]
SQL: SELECT `uid`,`tid`,`uname`,`phone`,`coin`,`lastdate`,`style` FROM `ms_member` WHERE ( uid=20 ) LIMIT 1   [ RunTime:0.001680s ]

[ 2014-03-24T18:24:22+08:00 ] 127.0.0.1 /test/public/getAreaName?&id=1&math=118
INFO: [ app_begin ] --START--
INFO: ReadHtmlCache Behavior ::run [ RunTime:0.002950s ]
INFO: [ app_begin ] --END-- [ RunTime:0.003082s ]
SQL: SHOW COLUMNS FROM `ms_member` [ RunTime:0.008157s ]
SQL: SELECT `uid`,`tid`,`uname`,`phone`,`coin`,`lastdate`,`style` FROM `ms_member` WHERE ( uid=20 ) LIMIT 1   [ RunTime:0.001101s ]
SQL: SHOW COLUMNS FROM `ms_area` [ RunTime:0.006621s ]
SQL: SELECT `id`,`name` FROM `ms_area` WHERE ( pid=1 )  [ RunTime:0.001598s ]

[ 2014-03-24T18:24:25+08:00 ] 127.0.0.1 /test/public/getAreaName?&id=4&math=980
INFO: [ app_begin ] --START--
INFO: ReadHtmlCache Behavior ::run [ RunTime:0.000596s ]
INFO: [ app_begin ] --END-- [ RunTime:0.000697s ]
SQL: SHOW COLUMNS FROM `ms_member` [ RunTime:0.007701s ]
SQL: SELECT `uid`,`tid`,`uname`,`phone`,`coin`,`lastdate`,`style` FROM `ms_member` WHERE ( uid=20 ) LIMIT 1   [ RunTime:0.001447s ]
SQL: SHOW COLUMNS FROM `ms_area` [ RunTime:0.006322s ]
SQL: SELECT `id`,`name` FROM `ms_area` WHERE ( pid=4 )  [ RunTime:0.001750s ]

