[ 2014-03-25T09:34:13+08:00 ] 127.0.0.1 /test/active/active_show?year=2014&month=3
INFO: [ app_begin ] --START--
INFO: ReadHtmlCache Behavior ::run [ RunTime:0.000667s ]
INFO: [ app_begin ] --END-- [ RunTime:0.000772s ]
SQL: SHOW COLUMNS FROM `ms_active` [ RunTime:0.007188s ]
SQL: SELECT * FROM `ms_active` WHERE ( year='2014' and month=3 and day in (1,2,3,4,5,6,7,8,9,10,11,12,13,14,15,16,17,18,19,20,21,22,23,24,25,26,27,28,29,30,31) )  [ RunTime:0.001209s ]

[ 2014-03-25T09:34:19+08:00 ] 127.0.0.1 /test/active/active_show?year=2014&month=3
INFO: [ app_begin ] --START--
INFO: ReadHtmlCache Behavior ::run [ RunTime:0.000677s ]
INFO: [ app_begin ] --END-- [ RunTime:0.000791s ]
SQL: SHOW COLUMNS FROM `ms_active` [ RunTime:0.006087s ]
SQL: SELECT * FROM `ms_active` WHERE ( year='2014' and month=3 and day in (1,2,3,4,5,6,7,8,9,10,11,12,13,14,15,16,17,18,19,20,21,22,23,24,25,26,27,28,29,30,31) )  [ RunTime:0.001342s ]

[ 2014-03-25T09:34:48+08:00 ] 127.0.0.1 /test/active/active_show?year=2014&month=3
INFO: [ app_begin ] --START--
INFO: ReadHtmlCache Behavior ::run [ RunTime:0.000615s ]
INFO: [ app_begin ] --END-- [ RunTime:0.000719s ]
SQL: SHOW COLUMNS FROM `ms_active` [ RunTime:0.006781s ]
SQL: SELECT * FROM `ms_active` WHERE ( year='2014' and month=3 and day in (1,2,3,4,5,6,7,8,9,10,11,12,13,14,15,16,17,18,19,20,21,22,23,24,25,26,27,28,29,30,31) )  [ RunTime:0.001261s ]

[ 2014-03-25T09:34:58+08:00 ] 127.0.0.1 /test/active/active_show?year=2014&month=3
INFO: [ app_begin ] --START--
INFO: ReadHtmlCache Behavior ::run [ RunTime:0.000615s ]
INFO: [ app_begin ] --END-- [ RunTime:0.000719s ]
SQL: SHOW COLUMNS FROM `ms_active` [ RunTime:0.005977s ]
SQL: SELECT * FROM `ms_active` WHERE ( year='2014' and month=3 and day in (1,2,3,4,5,6,7,8,9,10,11,12,13,14,15,16,17,18,19,20,21,22,23,24,25,26,27,28,29,30,31) )  [ RunTime:0.001171s ]

[ 2014-03-25T10:17:40+08:00 ] 127.0.0.1 /test/index/tougao
INFO: [ app_begin ] --START--
INFO: ReadHtmlCache Behavior ::run [ RunTime:0.003001s ]
INFO: [ app_begin ] --END-- [ RunTime:0.003128s ]
SQL: SHOW COLUMNS FROM `ms_article` [ RunTime:0.007739s ]
NOTIC: [8] Undefined index:  ms_user_id D:\www\APMServ5.2.6\www\htdocs\test\Mingshi\Lib\Model\ArticleModel.class.php 第 35 行.
SQL: INSERT INTO `ms_article` (`title`,`content`,`create_time`,`uid`) VALUES ('游客投个稿件，试试的啊','<p>\n	&nbsp;&nbsp;&nbsp;&nbsp;游客投个稿件，试试的啊游客投个稿件，试试的啊游客投个稿件，试试的啊游客投个稿件，试试的啊游客投个稿件，试试的啊游客投个稿件，试试的啊游客投个稿件，试试的啊游客投个稿件，试试的啊游客投个稿件，试试的啊游客投个稿件，试试的啊游客投个稿件，试试的啊游客投个稿件，试试的啊游客投个稿件，试试的啊游客投个稿件，试试的啊游客投个稿件，试试的啊游客投个稿件，试试的啊游客投个稿件，试试的啊游客投个稿件，试试的啊游客投个稿件，试试的啊游客投个稿件，试试的啊游客投个稿件，试试的啊游客投个稿件，试试的啊游客投个稿件，试试的啊游客投个稿件，试试的啊游客投个稿件，试试的啊游客投个稿件，试试的啊游客投个稿件，试试的啊游客投个稿件，试试的啊游客投个稿件，试试的啊游客投个稿件，试试的啊游客投个稿件，试试的啊游客投个稿件，试试的啊游客投个稿件，试试的啊游客投个稿件，试试的啊游客投个稿件，试试的啊游客投个稿件，试试的啊游客投个稿件，试试的啊游客投个稿件，试试的啊游客投个稿件，试试的啊游客投个稿件，试试的啊游客投个稿件，试试的啊游客投个稿件，试试的啊游客投个稿件，试试的啊游客投个稿件，试试的啊游客投个稿件，试试的啊游客投个稿件，试试的啊游客投个稿件，试试的啊游客投个稿件，试试的啊游客投个稿件，试试的啊游客投个稿件，试试的啊游客投个稿件，试试的啊游客投个稿件，试试的啊游客投个稿件，试试的啊游客投个稿件，试试的啊游客投个稿件，试试的啊游客投个稿件，试试的啊游客投个稿件，试试的啊游客投个稿件，试试的啊\n</p>\n<p>\n	&nbsp;&nbsp;&nbsp;&nbsp;游客投个稿件，试试的啊游客投个稿件，试试的啊游客投个稿件，试试的啊游客投个稿件，试试的啊游客投个稿件，试试的啊游客投个稿件，试试的啊游客投个稿\n件，试试的啊游客投个稿件，试试的啊游客投个稿件，试试的啊游客投个稿件，试试的啊游客投个稿件，试试的啊游客投个稿件，试试的啊游客投个稿件，试试的啊\n游客投个稿件，试试的啊游客投个稿件，试试的啊游客投个稿件，试试的啊游客投个稿件，试试的啊游客投个稿件，试试的啊游客投个稿件，试试的啊游客投个稿\n件，试试的啊游客投个稿件，试试的啊游客投个稿件，试试的啊游客投个稿件，试试的啊游客投个稿件，试试的啊游客投个稿件，试试的啊游客投个稿件，试试的啊\n游客投个稿件，试试的啊游客投个稿件，试试的啊游客投个稿件，试试的啊游客投个稿件，试试的啊游客投个稿件，试试的啊游客投个稿件，试试的啊游客投个稿\n件，试试的啊游客投个稿件，试试的啊游客投个稿件，试试的啊游客投个稿件，试试的啊游客投个稿件，试试的啊游客投个稿件，试试的啊游客投个稿件，试试的啊\n游客投个稿件，试试的啊游客投个稿件，试试的啊游客投个稿件，试试的啊游客投个稿件，试试的啊游客投个稿件，试试的啊游客投个稿件，试试的啊游客投个稿\n件，试试的啊游客投个稿件，试试的啊游客投个稿件，试试的啊游客投个稿件，试试的啊游客投个稿件，试试的啊游客投个稿件，试试的啊游客投个稿件，试试的啊\n游客投个稿件，试试的啊游客投个稿件，试试的啊游客投个稿件，试试的啊游客投个稿件，试试的啊游客投个稿件，试试的啊游客投个稿件，试试的啊\n</p>',1395713860,null) [ RunTime:0.000878s ]
ERR: 1048:Column 'uid' cannot be null
 [ SQL语句 ] : INSERT INTO `ms_article` (`title`,`content`,`create_time`,`uid`) VALUES ('游客投个稿件，试试的啊','<p>\n	&nbsp;&nbsp;&nbsp;&nbsp;游客投个稿件，试试的啊游客投个稿件，试试的啊游客投个稿件，试试的啊游客投个稿件，试试的啊游客投个稿件，试试的啊游客投个稿件，试试的啊游客投个稿件，试试的啊游客投个稿件，试试的啊游客投个稿件，试试的啊游客投个稿件，试试的啊游客投个稿件，试试的啊游客投个稿件，试试的啊游客投个稿件，试试的啊游客投个稿件，试试的啊游客投个稿件，试试的啊游客投个稿件，试试的啊游客投个稿件，试试的啊游客投个稿件，试试的啊游客投个稿件，试试的啊游客投个稿件，试试的啊游客投个稿件，试试的啊游客投个稿件，试试的啊游客投个稿件，试试的啊游客投个稿件，试试的啊游客投个稿件，试试的啊游客投个稿件，试试的啊游客投个稿件，试试的啊游客投个稿件，试试的啊游客投个稿件，试试的啊游客投个稿件，试试的啊游客投个稿件，试试的啊游客投个稿件，试试的啊游客投个稿件，试试的啊游客投个稿件，试试的啊游客投个稿件，试试的啊游客投个稿件，试试的啊游客投个稿件，试试的啊游客投个稿件，试试的啊游客投个稿件，试试的啊游客投个稿件，试试的啊游客投个稿件，试试的啊游客投个稿件，试试的啊游客投个稿件，试试的啊游客投个稿件，试试的啊游客投个稿件，试试的啊游客投个稿件，试试的啊游客投个稿件，试试的啊游客投个稿件，试试的啊游客投个稿件，试试的啊游客投个稿件，试试的啊游客投个稿件，试试的啊游客投个稿件，试试的啊游客投个稿件，试试的啊游客投个稿件，试试的啊游客投个稿件，试试的啊游客投个稿件，试试的啊游客投个稿件，试试的啊游客投个稿件，试试的啊\n</p>\n<p>\n	&nbsp;&nbsp;&nbsp;&nbsp;游客投个稿件，试试的啊游客投个稿件，试试的啊游客投个稿件，试试的啊游客投个稿件，试试的啊游客投个稿件，试试的啊游客投个稿件，试试的啊游客投个稿\n件，试试的啊游客投个稿件，试试的啊游客投个稿件，试试的啊游客投个稿件，试试的啊游客投个稿件，试试的啊游客投个稿件，试试的啊游客投个稿件，试试的啊\n游客投个稿件，试试的啊游客投个稿件，试试的啊游客投个稿件，试试的啊游客投个稿件，试试的啊游客投个稿件，试试的啊游客投个稿件，试试的啊游客投个稿\n件，试试的啊游客投个稿件，试试的啊游客投个稿件，试试的啊游客投个稿件，试试的啊游客投个稿件，试试的啊游客投个稿件，试试的啊游客投个稿件，试试的啊\n游客投个稿件，试试的啊游客投个稿件，试试的啊游客投个稿件，试试的啊游客投个稿件，试试的啊游客投个稿件，试试的啊游客投个稿件，试试的啊游客投个稿\n件，试试的啊游客投个稿件，试试的啊游客投个稿件，试试的啊游客投个稿件，试试的啊游客投个稿件，试试的啊游客投个稿件，试试的啊游客投个稿件，试试的啊\n游客投个稿件，试试的啊游客投个稿件，试试的啊游客投个稿件，试试的啊游客投个稿件，试试的啊游客投个稿件，试试的啊游客投个稿件，试试的啊游客投个稿\n件，试试的啊游客投个稿件，试试的啊游客投个稿件，试试的啊游客投个稿件，试试的啊游客投个稿件，试试的啊游客投个稿件，试试的啊游客投个稿件，试试的啊\n游客投个稿件，试试的啊游客投个稿件，试试的啊游客投个稿件，试试的啊游客投个稿件，试试的啊游客投个稿件，试试的啊游客投个稿件，试试的啊\n</p>',1395713860,null)

[ 2014-03-25T10:28:16+08:00 ] 127.0.0.1 /test/index/tougao
INFO: [ app_begin ] --START--
INFO: ReadHtmlCache Behavior ::run [ RunTime:0.004922s ]
INFO: [ app_begin ] --END-- [ RunTime:0.005040s ]
SQL: SHOW COLUMNS FROM `ms_article` [ RunTime:0.006812s ]
NOTIC: [8] Undefined index:  ms_user_id D:\www\APMServ5.2.6\www\htdocs\test\Mingshi\Lib\Model\ArticleModel.class.php 第 35 行.
SQL: INSERT INTO `ms_article` (`title`,`content`,`create_time`,`uid`) VALUES ('游客投个稿件，试试的啊','<p>\n	&nbsp;&nbsp;&nbsp;&nbsp;游客投个稿件，试试的啊游客投个稿件，试试的啊游客投个稿件，试试的啊游客投个稿件，试试的啊游客投个稿件，试试的啊游客投个稿件，试试的啊游客投个稿件，试试的啊游客投个稿件，试试的啊游客投个稿件，试试的啊游客投个稿件，试试的啊游客投个稿件，试试的啊游客投个稿件，试试的啊游客投个稿件，试试的啊游客投个稿件，试试的啊游客投个稿件，试试的啊游客投个稿件，试试的啊游客投个稿件，试试的啊游客投个稿件，试试的啊游客投个稿件，试试的啊游客投个稿件，试试的啊游客投个稿件，试试的啊游客投个稿件，试试的啊游客投个稿件，试试的啊游客投个稿件，试试的啊游客投个稿件，试试的啊游客投个稿件，试试的啊游客投个稿件，试试的啊游客投个稿件，试试的啊游客投个稿件，试试的啊游客投个稿件，试试的啊游客投个稿件，试试的啊游客投个稿件，试试的啊游客投个稿件，试试的啊游客投个稿件，试试的啊游客投个稿件，试试的啊游客投个稿件，试试的啊游客投个稿件，试试的啊游客投个稿件，试试的啊游客投个稿件，试试的啊游客投个稿件，试试的啊游客投个稿件，试试的啊游客投个稿件，试试的啊游客投个稿件，试试的啊游客投个稿件，试试的啊游客投个稿件，试试的啊游客投个稿件，试试的啊游客投个稿件，试试的啊游客投个稿件，试试的啊游客投个稿件，试试的啊游客投个稿件，试试的啊游客投个稿件，试试的啊游客投个稿件，试试的啊游客投个稿件，试试的啊游客投个稿件，试试的啊游客投个稿件，试试的啊游客投个稿件，试试的啊游客投个稿件，试试的啊游客投个稿件，试试的啊\n</p>\n<p>\n	&nbsp;&nbsp;&nbsp;&nbsp;游客投个稿件，试试的啊游客投个稿件，试试的啊游客投个稿件，试试的啊游客投个稿件，试试的啊游客投个稿件，试试的啊游客投个稿件，试试的啊游客投个稿\n件，试试的啊游客投个稿件，试试的啊游客投个稿件，试试的啊游客投个稿件，试试的啊游客投个稿件，试试的啊游客投个稿件，试试的啊游客投个稿件，试试的啊\n游客投个稿件，试试的啊游客投个稿件，试试的啊游客投个稿件，试试的啊游客投个稿件，试试的啊游客投个稿件，试试的啊游客投个稿件，试试的啊游客投个稿\n件，试试的啊游客投个稿件，试试的啊游客投个稿件，试试的啊游客投个稿件，试试的啊游客投个稿件，试试的啊游客投个稿件，试试的啊游客投个稿件，试试的啊\n游客投个稿件，试试的啊游客投个稿件，试试的啊游客投个稿件，试试的啊游客投个稿件，试试的啊游客投个稿件，试试的啊游客投个稿件，试试的啊游客投个稿\n件，试试的啊游客投个稿件，试试的啊游客投个稿件，试试的啊游客投个稿件，试试的啊游客投个稿件，试试的啊游客投个稿件，试试的啊游客投个稿件，试试的啊\n游客投个稿件，试试的啊游客投个稿件，试试的啊游客投个稿件，试试的啊游客投个稿件，试试的啊游客投个稿件，试试的啊游客投个稿件，试试的啊游客投个稿\n件，试试的啊游客投个稿件，试试的啊游客投个稿件，试试的啊游客投个稿件，试试的啊游客投个稿件，试试的啊游客投个稿件，试试的啊游客投个稿件，试试的啊\n游客投个稿件，试试的啊游客投个稿件，试试的啊游客投个稿件，试试的啊游客投个稿件，试试的啊游客投个稿件，试试的啊游客投个稿件，试试的啊\n</p>',1395714496,null) [ RunTime:0.000933s ]
ERR: 1048:Column 'uid' cannot be null
 [ SQL语句 ] : INSERT INTO `ms_article` (`title`,`content`,`create_time`,`uid`) VALUES ('游客投个稿件，试试的啊','<p>\n	&nbsp;&nbsp;&nbsp;&nbsp;游客投个稿件，试试的啊游客投个稿件，试试的啊游客投个稿件，试试的啊游客投个稿件，试试的啊游客投个稿件，试试的啊游客投个稿件，试试的啊游客投个稿件，试试的啊游客投个稿件，试试的啊游客投个稿件，试试的啊游客投个稿件，试试的啊游客投个稿件，试试的啊游客投个稿件，试试的啊游客投个稿件，试试的啊游客投个稿件，试试的啊游客投个稿件，试试的啊游客投个稿件，试试的啊游客投个稿件，试试的啊游客投个稿件，试试的啊游客投个稿件，试试的啊游客投个稿件，试试的啊游客投个稿件，试试的啊游客投个稿件，试试的啊游客投个稿件，试试的啊游客投个稿件，试试的啊游客投个稿件，试试的啊游客投个稿件，试试的啊游客投个稿件，试试的啊游客投个稿件，试试的啊游客投个稿件，试试的啊游客投个稿件，试试的啊游客投个稿件，试试的啊游客投个稿件，试试的啊游客投个稿件，试试的啊游客投个稿件，试试的啊游客投个稿件，试试的啊游客投个稿件，试试的啊游客投个稿件，试试的啊游客投个稿件，试试的啊游客投个稿件，试试的啊游客投个稿件，试试的啊游客投个稿件，试试的啊游客投个稿件，试试的啊游客投个稿件，试试的啊游客投个稿件，试试的啊游客投个稿件，试试的啊游客投个稿件，试试的啊游客投个稿件，试试的啊游客投个稿件，试试的啊游客投个稿件，试试的啊游客投个稿件，试试的啊游客投个稿件，试试的啊游客投个稿件，试试的啊游客投个稿件，试试的啊游客投个稿件，试试的啊游客投个稿件，试试的啊游客投个稿件，试试的啊游客投个稿件，试试的啊游客投个稿件，试试的啊\n</p>\n<p>\n	&nbsp;&nbsp;&nbsp;&nbsp;游客投个稿件，试试的啊游客投个稿件，试试的啊游客投个稿件，试试的啊游客投个稿件，试试的啊游客投个稿件，试试的啊游客投个稿件，试试的啊游客投个稿\n件，试试的啊游客投个稿件，试试的啊游客投个稿件，试试的啊游客投个稿件，试试的啊游客投个稿件，试试的啊游客投个稿件，试试的啊游客投个稿件，试试的啊\n游客投个稿件，试试的啊游客投个稿件，试试的啊游客投个稿件，试试的啊游客投个稿件，试试的啊游客投个稿件，试试的啊游客投个稿件，试试的啊游客投个稿\n件，试试的啊游客投个稿件，试试的啊游客投个稿件，试试的啊游客投个稿件，试试的啊游客投个稿件，试试的啊游客投个稿件，试试的啊游客投个稿件，试试的啊\n游客投个稿件，试试的啊游客投个稿件，试试的啊游客投个稿件，试试的啊游客投个稿件，试试的啊游客投个稿件，试试的啊游客投个稿件，试试的啊游客投个稿\n件，试试的啊游客投个稿件，试试的啊游客投个稿件，试试的啊游客投个稿件，试试的啊游客投个稿件，试试的啊游客投个稿件，试试的啊游客投个稿件，试试的啊\n游客投个稿件，试试的啊游客投个稿件，试试的啊游客投个稿件，试试的啊游客投个稿件，试试的啊游客投个稿件，试试的啊游客投个稿件，试试的啊游客投个稿\n件，试试的啊游客投个稿件，试试的啊游客投个稿件，试试的啊游客投个稿件，试试的啊游客投个稿件，试试的啊游客投个稿件，试试的啊游客投个稿件，试试的啊\n游客投个稿件，试试的啊游客投个稿件，试试的啊游客投个稿件，试试的啊游客投个稿件，试试的啊游客投个稿件，试试的啊游客投个稿件，试试的啊\n</p>',1395714496,null)

[ 2014-03-25T10:28:30+08:00 ] 127.0.0.1 /test/index/tougao
INFO: [ app_begin ] --START--
INFO: ReadHtmlCache Behavior ::run [ RunTime:0.003796s ]
INFO: [ app_begin ] --END-- [ RunTime:0.003910s ]
SQL: SHOW COLUMNS FROM `ms_article` [ RunTime:0.006693s ]
NOTIC: [8] Undefined index:  ms_user_id D:\www\APMServ5.2.6\www\htdocs\test\Mingshi\Lib\Model\ArticleModel.class.php 第 35 行.
SQL: INSERT INTO `ms_article` (`title`,`content`,`create_time`,`uid`) VALUES ('游客投个稿件，试试的啊','游客投个稿件，试试的啊游客投个稿件，试试的啊游客投个稿件，试试的啊游客投个稿件，试试的啊游客投个稿件，试试的啊游客投个稿件，试试的啊游客投个稿件，试试的啊游客投个稿件，试试的啊游客投个稿件，试试的啊游客投个稿件，试试的啊游客投个稿件，试试的啊游客投个稿件，试试的啊游客投个稿件，试试的啊游客投个稿件，试试的啊游客投个稿件，试试的啊游客投个稿件，试试的啊游客投个稿件，试试的啊游客投个稿件，试试的啊游客投个稿件，试试的啊游客投个稿件，试试的啊游客投个稿件，试试的啊游客投个稿件，试试的啊游客投个稿件，试试的啊游客投个稿件，试试的啊游客投个稿件，试试的啊游客投个稿件，试试的啊游客投个稿件，试试的啊游客投个稿件，试试的啊游客投个稿件，试试的啊游客投个稿件，试试的啊游客投个稿件，试试的啊游客投个稿件，试试的啊游客投个稿件，试试的啊游客投个稿件，试试的啊游客投个稿件，试试的啊游客投个稿件，试试的啊游客投个稿件，试试的啊游客投个稿件，试试的啊游客投个稿件，试试的啊游客投个稿件，试试的啊游客投个稿件，试试的啊游客投个稿件，试试的啊游客投个稿件，试试的啊游客投个稿件，试试的啊游客投个稿件，试试的啊游客投个稿件，试试的啊游客投个稿件，试试的啊游客投个稿件，试试的啊游客投个稿件，试试的啊游客投个稿件，试试的啊游客投个稿件，试试的啊游客投个稿件，试试的啊游客投个稿件，试试的啊游客投个稿件，试试的啊游客投个稿件，试试的啊游客投个稿件，试试的啊游客投个稿件，试试的啊游客投个稿件，试试的啊游客投个稿件，试试的啊',1395714510,null) [ RunTime:0.000761s ]
ERR: 1048:Column 'uid' cannot be null
 [ SQL语句 ] : INSERT INTO `ms_article` (`title`,`content`,`create_time`,`uid`) VALUES ('游客投个稿件，试试的啊','游客投个稿件，试试的啊游客投个稿件，试试的啊游客投个稿件，试试的啊游客投个稿件，试试的啊游客投个稿件，试试的啊游客投个稿件，试试的啊游客投个稿件，试试的啊游客投个稿件，试试的啊游客投个稿件，试试的啊游客投个稿件，试试的啊游客投个稿件，试试的啊游客投个稿件，试试的啊游客投个稿件，试试的啊游客投个稿件，试试的啊游客投个稿件，试试的啊游客投个稿件，试试的啊游客投个稿件，试试的啊游客投个稿件，试试的啊游客投个稿件，试试的啊游客投个稿件，试试的啊游客投个稿件，试试的啊游客投个稿件，试试的啊游客投个稿件，试试的啊游客投个稿件，试试的啊游客投个稿件，试试的啊游客投个稿件，试试的啊游客投个稿件，试试的啊游客投个稿件，试试的啊游客投个稿件，试试的啊游客投个稿件，试试的啊游客投个稿件，试试的啊游客投个稿件，试试的啊游客投个稿件，试试的啊游客投个稿件，试试的啊游客投个稿件，试试的啊游客投个稿件，试试的啊游客投个稿件，试试的啊游客投个稿件，试试的啊游客投个稿件，试试的啊游客投个稿件，试试的啊游客投个稿件，试试的啊游客投个稿件，试试的啊游客投个稿件，试试的啊游客投个稿件，试试的啊游客投个稿件，试试的啊游客投个稿件，试试的啊游客投个稿件，试试的啊游客投个稿件，试试的啊游客投个稿件，试试的啊游客投个稿件，试试的啊游客投个稿件，试试的啊游客投个稿件，试试的啊游客投个稿件，试试的啊游客投个稿件，试试的啊游客投个稿件，试试的啊游客投个稿件，试试的啊游客投个稿件，试试的啊游客投个稿件，试试的啊游客投个稿件，试试的啊',1395714510,null)

[ 2014-03-25T10:40:14+08:00 ] 127.0.0.1 /test/index/tougao
INFO: [ app_begin ] --START--
INFO: ReadHtmlCache Behavior ::run [ RunTime:0.000625s ]
INFO: [ app_begin ] --END-- [ RunTime:0.000728s ]
SQL: SHOW COLUMNS FROM `ms_article` [ RunTime:0.007156s ]
NOTIC: [8] Undefined index:  ms_user_id D:\www\APMServ5.2.6\www\htdocs\test\Mingshi\Lib\Model\ArticleModel.class.php 第 35 行.
SQL: INSERT INTO `ms_article` (`title`,`content`,`create_time`,`uid`) VALUES ('匿名不能投稿么？','<p>\n	匿名不能投稿么？匿名不能投稿么？匿名不能投稿么？匿名不能投稿么？匿名不能投稿么？匿名不能投稿么？匿名不能投稿么？匿名不能投稿么？匿名不能投稿么？匿名不能投稿么？匿名不能投稿么？匿名不能投稿么？匿名不能投稿么？匿名不能投稿么？匿名不能投稿么？匿名不能投稿么？匿名不能投稿么？匿名不能投稿么？匿名不能投稿么？匿名不能投稿么？匿名不能投稿么？匿名不能投稿么？匿名不能投稿么？匿名不能投稿么？匿名不能投稿么？匿名不能投稿么？匿名不能投稿么？匿名不能投稿么？匿名不能投稿么？匿名不能投稿么？匿名不能投稿么？匿名不能投稿么？匿名不能投稿么？匿名不能投稿么？匿名不能投稿么？匿名不能投稿么？匿名不能投稿么？匿名不能投稿么？匿名不能投稿么？匿名不能投稿么？匿名不能投稿么？匿名不能投稿么？匿名不能投稿么？匿名不能投稿么？匿名不能投稿么？匿名不能投稿么？匿名不能投稿么？匿名不能投稿么？匿名不能投稿么？匿名不能投稿么？匿名不能投稿么？匿名不能投稿么？匿名不能投稿么？匿名不能投稿么？匿名不能投稿么？匿名不能投稿么？匿名不能投稿么？匿名不能投稿么？匿名不能投稿么？匿名不能投稿么？匿名不能投稿么？匿名不能投稿么？匿名不能投稿么？匿名不能投稿么？匿名不能投稿么？匿名不能投稿么？匿名不能投稿么？匿名不能投稿么？匿名不能投稿么？匿名不能投稿么？匿名不能投稿么？匿名不能投稿么？匿名不能投稿么？匿名不能投稿么？匿名不能投稿么？匿名不能投稿么？匿名不能投稿么？匿名不能投稿么？匿名不能投稿么？匿名不能投稿么？匿名不能投稿么？匿名不能投稿么？匿名不能投稿么？匿名不能投稿么？匿名不能投稿么？匿名不能投稿么？匿名不能投稿么？\n</p>\n<p>\n	<br />\n</p>',1395715214,null) [ RunTime:0.000960s ]
ERR: 1048:Column 'uid' cannot be null
 [ SQL语句 ] : INSERT INTO `ms_article` (`title`,`content`,`create_time`,`uid`) VALUES ('匿名不能投稿么？','<p>\n	匿名不能投稿么？匿名不能投稿么？匿名不能投稿么？匿名不能投稿么？匿名不能投稿么？匿名不能投稿么？匿名不能投稿么？匿名不能投稿么？匿名不能投稿么？匿名不能投稿么？匿名不能投稿么？匿名不能投稿么？匿名不能投稿么？匿名不能投稿么？匿名不能投稿么？匿名不能投稿么？匿名不能投稿么？匿名不能投稿么？匿名不能投稿么？匿名不能投稿么？匿名不能投稿么？匿名不能投稿么？匿名不能投稿么？匿名不能投稿么？匿名不能投稿么？匿名不能投稿么？匿名不能投稿么？匿名不能投稿么？匿名不能投稿么？匿名不能投稿么？匿名不能投稿么？匿名不能投稿么？匿名不能投稿么？匿名不能投稿么？匿名不能投稿么？匿名不能投稿么？匿名不能投稿么？匿名不能投稿么？匿名不能投稿么？匿名不能投稿么？匿名不能投稿么？匿名不能投稿么？匿名不能投稿么？匿名不能投稿么？匿名不能投稿么？匿名不能投稿么？匿名不能投稿么？匿名不能投稿么？匿名不能投稿么？匿名不能投稿么？匿名不能投稿么？匿名不能投稿么？匿名不能投稿么？匿名不能投稿么？匿名不能投稿么？匿名不能投稿么？匿名不能投稿么？匿名不能投稿么？匿名不能投稿么？匿名不能投稿么？匿名不能投稿么？匿名不能投稿么？匿名不能投稿么？匿名不能投稿么？匿名不能投稿么？匿名不能投稿么？匿名不能投稿么？匿名不能投稿么？匿名不能投稿么？匿名不能投稿么？匿名不能投稿么？匿名不能投稿么？匿名不能投稿么？匿名不能投稿么？匿名不能投稿么？匿名不能投稿么？匿名不能投稿么？匿名不能投稿么？匿名不能投稿么？匿名不能投稿么？匿名不能投稿么？匿名不能投稿么？匿名不能投稿么？匿名不能投稿么？匿名不能投稿么？匿名不能投稿么？匿名不能投稿么？\n</p>\n<p>\n	<br />\n</p>',1395715214,null)

[ 2014-03-25T10:42:25+08:00 ] 127.0.0.1 /test/active/active_show?year=2014&month=3
INFO: [ app_begin ] --START--
INFO: ReadHtmlCache Behavior ::run [ RunTime:0.000613s ]
INFO: [ app_begin ] --END-- [ RunTime:0.000718s ]
SQL: SHOW COLUMNS FROM `ms_active` [ RunTime:0.006155s ]
SQL: SELECT * FROM `ms_active` WHERE ( year='2014' and month=3 and day in (1,2,3,4,5,6,7,8,9,10,11,12,13,14,15,16,17,18,19,20,21,22,23,24,25,26,27,28,29,30,31) )  [ RunTime:0.001198s ]

[ 2014-03-25T10:42:50+08:00 ] 127.0.0.1 /test/index/tougao
INFO: [ app_begin ] --START--
INFO: ReadHtmlCache Behavior ::run [ RunTime:0.000609s ]
INFO: [ app_begin ] --END-- [ RunTime:0.000747s ]
SQL: SHOW COLUMNS FROM `ms_article` [ RunTime:0.006849s ]
NOTIC: [8] Undefined index:  ms_user_id D:\www\APMServ5.2.6\www\htdocs\test\Mingshi\Lib\Model\ArticleModel.class.php 第 35 行.
SQL: INSERT INTO `ms_article` (`title`,`content`,`create_time`,`uid`) VALUES ('匿名投个稿子么','匿名投个稿子么匿名投个稿子么匿名投个稿子么匿名投个稿子么匿名投个稿子么匿名投个稿子么匿名投个稿子么匿名投个稿子么匿名投个稿子么匿名投个稿子么匿名投个稿子么匿名投个稿子么匿名投个稿子么匿名投个稿子么匿名投个稿子么匿名投个稿子么匿名投个稿子么匿名投个稿子么匿名投个稿子么匿名投个稿子么匿名投个稿子么匿名投个稿子么匿名投个稿子么匿名投个稿子么匿名投个稿子么匿名投个稿子么匿名投个稿子么匿名投个稿子么匿名投个稿子么匿名投个稿子么匿名投个稿子么匿名投个稿子么匿名投个稿子么匿名投个稿子么匿名投个稿子么匿名投个稿子么匿名投个稿子么匿名投个稿子么匿名投个稿子么匿名投个稿子么匿名投个稿子么匿名投个稿子么匿名投个稿子么匿名投个稿子么匿名投个稿子么匿名投个稿子么匿名投个稿子么匿名投个稿子么匿名投个稿子么匿名投个稿子么匿名投个稿子么匿名投个稿子么匿名投个稿子么匿名投个稿子么匿名投个稿匿名投个稿子么匿名投个稿子么匿名投个稿子么匿名投个稿子么匿名投个稿子么匿名投个稿子么匿名投个稿子么匿名投个稿子么匿名投个稿子么匿名投个稿子么匿名投个稿子么匿名投个稿子么匿名投个稿子么匿名投个稿子么匿名投个稿子么匿名投个稿子么匿名投个稿子么匿名投个稿子么匿名投个稿子么匿名投个稿子么匿名投个稿子么匿名投个稿子么匿名投个稿子么匿名投个稿子么匿名投个稿子么匿名投个稿子么匿名投个稿子么匿名投个稿子么匿名投个稿子么匿名投个稿子么匿名投个稿子么匿名投个稿子么匿名投个稿子么匿名投个稿子么匿名投个稿子么匿名投个稿子么匿名投个稿子么匿名投个稿子么',1395715370,null) [ RunTime:0.000907s ]
ERR: 1048:Column 'uid' cannot be null
 [ SQL语句 ] : INSERT INTO `ms_article` (`title`,`content`,`create_time`,`uid`) VALUES ('匿名投个稿子么','匿名投个稿子么匿名投个稿子么匿名投个稿子么匿名投个稿子么匿名投个稿子么匿名投个稿子么匿名投个稿子么匿名投个稿子么匿名投个稿子么匿名投个稿子么匿名投个稿子么匿名投个稿子么匿名投个稿子么匿名投个稿子么匿名投个稿子么匿名投个稿子么匿名投个稿子么匿名投个稿子么匿名投个稿子么匿名投个稿子么匿名投个稿子么匿名投个稿子么匿名投个稿子么匿名投个稿子么匿名投个稿子么匿名投个稿子么匿名投个稿子么匿名投个稿子么匿名投个稿子么匿名投个稿子么匿名投个稿子么匿名投个稿子么匿名投个稿子么匿名投个稿子么匿名投个稿子么匿名投个稿子么匿名投个稿子么匿名投个稿子么匿名投个稿子么匿名投个稿子么匿名投个稿子么匿名投个稿子么匿名投个稿子么匿名投个稿子么匿名投个稿子么匿名投个稿子么匿名投个稿子么匿名投个稿子么匿名投个稿子么匿名投个稿子么匿名投个稿子么匿名投个稿子么匿名投个稿子么匿名投个稿子么匿名投个稿匿名投个稿子么匿名投个稿子么匿名投个稿子么匿名投个稿子么匿名投个稿子么匿名投个稿子么匿名投个稿子么匿名投个稿子么匿名投个稿子么匿名投个稿子么匿名投个稿子么匿名投个稿子么匿名投个稿子么匿名投个稿子么匿名投个稿子么匿名投个稿子么匿名投个稿子么匿名投个稿子么匿名投个稿子么匿名投个稿子么匿名投个稿子么匿名投个稿子么匿名投个稿子么匿名投个稿子么匿名投个稿子么匿名投个稿子么匿名投个稿子么匿名投个稿子么匿名投个稿子么匿名投个稿子么匿名投个稿子么匿名投个稿子么匿名投个稿子么匿名投个稿子么匿名投个稿子么匿名投个稿子么匿名投个稿子么匿名投个稿子么',1395715370,null)

[ 2014-03-25T10:43:38+08:00 ] 127.0.0.1 /test/index/tougao
INFO: [ app_begin ] --START--
INFO: ReadHtmlCache Behavior ::run [ RunTime:0.002964s ]
INFO: [ app_begin ] --END-- [ RunTime:0.003085s ]
NOTIC: [2] Cannot modify header information - headers already sent by (output started at D:\www\APMServ5.2.6\www\htdocs\test\Mingshi\Lib\Action\IndexAction.class.php:410) D:\www\APMServ5.2.6\www\htdocs\test\Mingshi\Lib\Action\IndexAction.class.php 第 411 行.
SQL: SHOW COLUMNS FROM `ms_article` [ RunTime:0.006772s ]
NOTIC: [8] Undefined index:  ms_user_id D:\www\APMServ5.2.6\www\htdocs\test\Mingshi\Lib\Model\ArticleModel.class.php 第 35 行.
SQL: INSERT INTO `ms_article` (`title`,`content`,`create_time`,`uid`) VALUES ('顶顶顶顶顶顶顶顶顶顶顶顶顶顶顶顶顶顶顶顶','顶顶顶顶顶顶顶顶顶顶顶顶顶顶顶顶顶顶顶顶顶顶顶顶顶顶顶顶顶顶顶顶顶顶顶顶顶顶顶顶顶顶顶顶顶顶顶顶顶顶顶顶顶顶顶顶顶顶顶顶顶顶顶顶顶顶顶顶顶顶顶顶顶顶顶顶顶顶顶顶顶顶顶顶顶顶顶顶顶顶顶顶顶顶顶顶顶顶顶顶顶顶顶顶顶顶顶顶顶顶顶顶顶顶顶顶顶顶顶顶顶顶顶顶顶顶顶顶顶顶顶顶顶顶顶顶顶顶顶顶顶顶顶顶顶顶顶顶顶顶顶顶顶顶顶顶顶顶顶顶顶顶顶顶顶顶顶顶顶顶顶顶顶顶顶顶顶顶顶顶顶顶顶顶顶顶顶顶顶顶顶顶顶顶顶顶顶顶顶顶顶顶顶顶顶顶顶顶顶顶顶顶顶顶顶顶顶顶顶顶顶顶顶顶顶顶顶顶顶顶顶顶顶顶顶顶顶顶顶顶顶顶顶顶顶顶顶顶顶顶顶顶顶顶顶顶顶顶顶顶顶顶顶顶顶顶顶顶顶顶顶顶顶顶顶顶顶顶顶顶顶顶顶顶顶顶顶顶顶顶顶顶顶顶顶顶顶顶顶顶顶顶顶顶顶顶顶顶顶顶顶顶顶顶顶顶顶顶顶顶顶顶顶顶顶顶顶顶顶顶顶顶顶顶顶顶顶顶顶顶顶顶顶顶顶顶顶顶顶顶顶顶顶顶顶顶顶顶顶顶顶顶顶顶顶顶顶顶顶顶顶顶顶顶顶顶顶顶顶顶顶顶顶顶顶顶顶顶顶顶顶顶顶顶顶顶顶顶顶顶顶顶顶顶顶顶顶顶顶顶顶顶顶顶顶顶顶顶顶顶顶顶顶顶顶顶顶顶顶顶顶顶顶顶顶顶顶顶顶顶顶顶顶顶顶顶顶顶顶顶顶顶顶顶顶顶顶顶顶顶顶顶顶顶顶顶顶顶顶顶顶顶顶顶顶顶顶顶顶顶顶顶顶顶顶顶顶顶顶顶顶顶顶顶顶顶顶顶顶顶顶顶顶顶顶顶顶顶顶顶顶顶顶顶顶顶顶顶顶顶顶顶顶顶顶顶顶顶顶顶顶顶顶顶顶顶顶顶顶顶顶顶顶顶顶顶顶顶顶顶顶顶顶顶顶顶顶顶顶顶顶顶顶顶顶顶顶顶顶顶顶顶顶顶顶顶顶顶顶顶顶顶顶顶顶顶顶顶顶顶顶顶顶顶顶顶顶顶顶顶顶顶顶顶顶顶顶顶顶顶顶顶顶顶顶顶顶顶顶顶顶顶顶顶顶顶顶顶顶顶顶顶顶顶顶顶顶顶顶顶顶顶顶顶顶顶顶顶顶顶顶顶顶顶顶顶顶顶顶顶顶顶顶顶顶顶顶顶顶顶顶顶顶顶顶顶顶顶顶顶顶顶顶顶顶顶顶顶顶顶顶顶顶顶顶顶顶顶顶顶顶顶顶顶顶顶顶顶顶顶顶顶顶顶顶顶顶顶顶顶顶顶顶顶顶顶顶顶顶顶顶顶顶顶顶顶顶顶顶顶顶顶顶顶顶顶顶顶顶顶顶顶顶顶顶顶顶顶顶顶顶顶顶顶顶顶顶顶顶顶顶顶顶顶顶顶顶顶顶顶顶顶顶顶顶顶顶顶顶顶顶顶顶顶顶顶顶顶顶顶顶顶顶顶顶顶顶顶顶顶顶顶顶顶顶顶顶顶顶顶顶顶顶顶顶顶顶顶顶顶顶顶顶顶顶顶顶顶顶顶顶顶顶顶顶顶顶顶顶顶顶顶顶顶顶顶顶顶顶顶顶顶顶顶顶顶顶顶顶顶顶顶顶顶顶顶顶顶顶顶顶顶顶顶顶顶顶顶顶顶顶顶顶顶顶顶顶顶顶顶顶顶顶顶顶顶顶顶顶顶顶顶顶顶顶顶顶顶顶顶顶顶顶顶顶顶顶顶顶顶顶顶顶顶顶顶顶顶顶顶顶顶顶顶顶顶顶顶顶顶顶顶顶顶顶顶顶顶顶顶',1395715418,null) [ RunTime:0.001033s ]
ERR: 1048:Column 'uid' cannot be null
 [ SQL语句 ] : INSERT INTO `ms_article` (`title`,`content`,`create_time`,`uid`) VALUES ('顶顶顶顶顶顶顶顶顶顶顶顶顶顶顶顶顶顶顶顶','顶顶顶顶顶顶顶顶顶顶顶顶顶顶顶顶顶顶顶顶顶顶顶顶顶顶顶顶顶顶顶顶顶顶顶顶顶顶顶顶顶顶顶顶顶顶顶顶顶顶顶顶顶顶顶顶顶顶顶顶顶顶顶顶顶顶顶顶顶顶顶顶顶顶顶顶顶顶顶顶顶顶顶顶顶顶顶顶顶顶顶顶顶顶顶顶顶顶顶顶顶顶顶顶顶顶顶顶顶顶顶顶顶顶顶顶顶顶顶顶顶顶顶顶顶顶顶顶顶顶顶顶顶顶顶顶顶顶顶顶顶顶顶顶顶顶顶顶顶顶顶顶顶顶顶顶顶顶顶顶顶顶顶顶顶顶顶顶顶顶顶顶顶顶顶顶顶顶顶顶顶顶顶顶顶顶顶顶顶顶顶顶顶顶顶顶顶顶顶顶顶顶顶顶顶顶顶顶顶顶顶顶顶顶顶顶顶顶顶顶顶顶顶顶顶顶顶顶顶顶顶顶顶顶顶顶顶顶顶顶顶顶顶顶顶顶顶顶顶顶顶顶顶顶顶顶顶顶顶顶顶顶顶顶顶顶顶顶顶顶顶顶顶顶顶顶顶顶顶顶顶顶顶顶顶顶顶顶顶顶顶顶顶顶顶顶顶顶顶顶顶顶顶顶顶顶顶顶顶顶顶顶顶顶顶顶顶顶顶顶顶顶顶顶顶顶顶顶顶顶顶顶顶顶顶顶顶顶顶顶顶顶顶顶顶顶顶顶顶顶顶顶顶顶顶顶顶顶顶顶顶顶顶顶顶顶顶顶顶顶顶顶顶顶顶顶顶顶顶顶顶顶顶顶顶顶顶顶顶顶顶顶顶顶顶顶顶顶顶顶顶顶顶顶顶顶顶顶顶顶顶顶顶顶顶顶顶顶顶顶顶顶顶顶顶顶顶顶顶顶顶顶顶顶顶顶顶顶顶顶顶顶顶顶顶顶顶顶顶顶顶顶顶顶顶顶顶顶顶顶顶顶顶顶顶顶顶顶顶顶顶顶顶顶顶顶顶顶顶顶顶顶顶顶顶顶顶顶顶顶顶顶顶顶顶顶顶顶顶顶顶顶顶顶顶顶顶顶顶顶顶顶顶顶顶顶顶顶顶顶顶顶顶顶顶顶顶顶顶顶顶顶顶顶顶顶顶顶顶顶顶顶顶顶顶顶顶顶顶顶顶顶顶顶顶顶顶顶顶顶顶顶顶顶顶顶顶顶顶顶顶顶顶顶顶顶顶顶顶顶顶顶顶顶顶顶顶顶顶顶顶顶顶顶顶顶顶顶顶顶顶顶顶顶顶顶顶顶顶顶顶顶顶顶顶顶顶顶顶顶顶顶顶顶顶顶顶顶顶顶顶顶顶顶顶顶顶顶顶顶顶顶顶顶顶顶顶顶顶顶顶顶顶顶顶顶顶顶顶顶顶顶顶顶顶顶顶顶顶顶顶顶顶顶顶顶顶顶顶顶顶顶顶顶顶顶顶顶顶顶顶顶顶顶顶顶顶顶顶顶顶顶顶顶顶顶顶顶顶顶顶顶顶顶顶顶顶顶顶顶顶顶顶顶顶顶顶顶顶顶顶顶顶顶顶顶顶顶顶顶顶顶顶顶顶顶顶顶顶顶顶顶顶顶顶顶顶顶顶顶顶顶顶顶顶顶顶顶顶顶顶顶顶顶顶顶顶顶顶顶顶顶顶顶顶顶顶顶顶顶顶顶顶顶顶顶顶顶顶顶顶顶顶顶顶顶顶顶顶顶顶顶顶顶顶顶顶顶顶顶顶顶顶顶顶顶顶顶顶顶顶顶顶顶顶顶顶顶顶顶顶顶顶顶顶顶顶顶顶顶顶顶顶顶顶顶顶顶顶顶顶顶顶顶顶顶顶顶顶顶顶顶顶顶顶顶顶顶顶顶顶顶顶顶顶顶顶顶顶顶顶顶顶顶顶顶顶顶顶顶顶顶顶顶顶顶顶顶顶顶顶顶顶顶顶顶顶顶顶顶顶顶顶顶顶顶顶顶顶顶顶顶顶顶顶顶顶顶顶顶顶顶顶顶顶顶顶顶顶顶顶顶顶顶顶顶顶顶顶顶',1395715418,null)

[ 2014-03-25T10:46:46+08:00 ] 127.0.0.1 /test/active/active_show?year=2014&month=3
INFO: [ app_begin ] --START--
INFO: ReadHtmlCache Behavior ::run [ RunTime:0.000646s ]
INFO: [ app_begin ] --END-- [ RunTime:0.000757s ]
SQL: SHOW COLUMNS FROM `ms_member` [ RunTime:0.006847s ]
SQL: SELECT `uid`,`tid`,`uname`,`phone`,`coin`,`lastdate`,`style` FROM `ms_member` WHERE ( uid=5 ) LIMIT 1   [ RunTime:0.000931s ]
SQL: SHOW COLUMNS FROM `ms_active` [ RunTime:0.006007s ]
SQL: SELECT * FROM `ms_active` WHERE ( year='2014' and month=3 and day in (1,2,3,4,5,6,7,8,9,10,11,12,13,14,15,16,17,18,19,20,21,22,23,24,25,26,27,28,29,30,31) )  [ RunTime:0.001194s ]

[ 2014-03-25T10:47:11+08:00 ] 127.0.0.1 /test/index/tougao
INFO: [ app_begin ] --START--
INFO: ReadHtmlCache Behavior ::run [ RunTime:0.000617s ]
INFO: [ app_begin ] --END-- [ RunTime:0.000723s ]
SQL: SHOW COLUMNS FROM `ms_member` [ RunTime:0.006834s ]
SQL: SELECT `uid`,`tid`,`uname`,`phone`,`coin`,`lastdate`,`style` FROM `ms_member` WHERE ( uid=5 ) LIMIT 1   [ RunTime:0.000966s ]
NOTIC: [2] Cannot modify header information - headers already sent by (output started at D:\www\APMServ5.2.6\www\htdocs\test\Mingshi\Lib\Action\IndexAction.class.php:410) D:\www\APMServ5.2.6\www\htdocs\test\Mingshi\Lib\Action\IndexAction.class.php 第 411 行.
SQL: SHOW COLUMNS FROM `ms_article` [ RunTime:0.006751s ]
SQL: INSERT INTO `ms_article` (`title`,`content`,`create_time`,`uid`) VALUES ('来，王老师投篇稿子试下~','来，王老师投篇稿子试下~来，王老师投篇稿子试下~来，王老师投篇稿子试下~来，王老师投篇稿子试下~来，王老师投篇稿子试下~来，王老师投篇稿子试下~来，王老师投篇稿子试下~来，王老师投篇稿子试下~来，王老师投篇稿子试下~来，王老师投篇稿子试下~来，王老师投篇稿子试下~来，王老师投篇稿子试下~来，王老师投篇稿子试下~来，王老师投篇稿子试下~来，王老师投篇稿子试下~来，王老师投篇稿子试下~来，王老师投篇稿子试下~来，王老师投篇稿子试下~来，王老师投篇稿子试下~来，王老师投篇稿子试下~来，王老师投篇稿子试下~来，王老师投篇稿子试下~来，王老师投篇稿子试下~来，王老师投篇稿子试下~来，王老师投篇稿子试下~来，王老师投篇稿子试下~来，王老师投篇稿子试下~来，王老师投篇稿子试下~来，王老师投篇稿子试下~来，王老师投篇稿子试下~来，王老师投篇稿子试下~来，王老师投篇稿子试下~来，王老师投篇稿子试下~来，王老师投篇稿子试下~来，王老师投篇稿子试下~来，王老师投篇稿子试下~来，王老师投篇稿子试下~来，王老师投篇稿子试下~来，王老师投篇稿子试下~来，王老师投篇稿子试下~来，王老师投篇稿子试下~来，王老师投篇稿子试下~来，王老师投篇稿子试下~来，王老师投篇稿子试下~来，王老师投篇稿子试下~来，王老师投篇稿子试下~来，王老师投篇稿子试下~来，王老师投篇稿子试下~来，王老师投篇稿子试下~来，王老师投篇稿子试下~来，王老师投篇稿子试下~来，王老师投篇稿子试下~来，王老师投篇稿子试下~来，王老师投篇稿子试下~来，王老师投篇稿子试下~来，王老师投篇稿子试下~来，王老师投篇稿子试下~来，王老师投篇稿子试下~来，王老师投篇稿子试下~来，王老师投篇稿子试下~来，王老师投篇稿子试下~来，王老师投篇稿子试下~来，王老师投篇稿子试下~来，王老师投篇稿子试下~来，王老师投篇稿子试下~来，王老师投篇稿子试下~来，王老师投篇稿子试下~来，王老师投篇稿子试下~来，王老师投篇稿子试下~来，王老师投篇稿子试下~来，王老师投篇稿子试下~来，王老师投篇稿子试下~来，王老师投篇稿子试下~来，王老师投篇稿子试下~来，王老师投篇稿子试下~来，王老师投篇稿子试下~来，王老师投篇稿子试下~来，王老师投篇稿子试下~来，王老师投篇稿子试下~来，王老师投篇稿子试下~',1395715631,5) [ RunTime:0.001342s ]

[ 2014-03-25T10:55:30+08:00 ] 127.0.0.1 /test/index/tougao
INFO: [ app_begin ] --START--
INFO: ReadHtmlCache Behavior ::run [ RunTime:0.000614s ]
INFO: [ app_begin ] --END-- [ RunTime:0.000725s ]
SQL: SHOW COLUMNS FROM `ms_member` [ RunTime:0.007383s ]
SQL: SELECT `uid`,`tid`,`uname`,`phone`,`coin`,`lastdate`,`style` FROM `ms_member` WHERE ( uid=5 ) LIMIT 1   [ RunTime:0.001020s ]
NOTIC: [2] Cannot modify header information - headers already sent by (output started at D:\www\APMServ5.2.6\www\htdocs\test\Mingshi\Lib\Action\IndexAction.class.php:410) D:\www\APMServ5.2.6\www\htdocs\test\Mingshi\Lib\Action\IndexAction.class.php 第 411 行.
SQL: SHOW COLUMNS FROM `ms_article` [ RunTime:0.006786s ]
SQL: INSERT INTO `ms_article` (`title`,`content`,`create_time`,`uid`) VALUES ('恩？这不是成功了么？为什么提示不对呢','恩？这不是成功了么？为什么提示不对呢恩？这不是成功了么？为什么提示不对呢恩？这不是成功了么？为什么提示不对呢恩？这不是成功了么？为什么提示不对呢恩？这不是成功了么？为什么提示不对呢恩？这不是成功了么？为什么提示不对呢恩？这不是成功了么？为什么提示不对呢恩？这不是成功了么？为什么提示不对呢恩？这不是成功了么？为什么提示不对呢恩？这不是成功了么？为什么提示不对呢恩？这不是成功了么？为什么提示不对呢恩？这不是成功了么？为什么提示不对呢恩？这不是成功了么？为什么提示不对呢恩？这不是成功了么？为什么提示不对呢恩？这不是成功了么？为什么提示不对呢恩？这不是成功了么？为什么提示不对呢恩？这不是成功了么？为什么提示不对呢恩？这不是成功了么？为什么提示不对呢恩？这不是成功了么？为什么提示不对呢恩？这不是成功了么？为什么提示不对呢恩？这不是成功了么？为什么提示不对呢恩？这不是成功了么？为什么提示不对呢恩？这不是成功了么？为什么提示不对呢恩？这不是成功了么？为什么提示不对呢恩？这不是成功了么？为什么提示不对呢恩？这不是成功了么？为什么提示不对呢恩？这不是成功了么？为什么提示不对呢恩？这不是成功了么？为什么提示不对呢恩？这不是成功了么？为什么提示不对呢恩？这不是成功了么？为什么提示不对呢恩？这不是成功了么？为什么提示不对呢恩？这不是成功了么？为什么提示不对呢恩？这不是成功了么？为什么提示不对呢恩？这不是成功了么？为什么提示不对呢恩？这不是成功了么？为什么提示不对呢恩？这不是成功了么？为什么提示不对呢恩？这不是成功了么？为什么提示不对呢恩？这不是成功了么？为什么提示不对呢恩？这不是成功了么？为什么提示不对呢恩？这不是成功了么？为什么提示不对呢恩？这不是成功了么？为什么提示不对呢恩？这不是成功了么？为什么提示不对呢恩？这不是成功了么？为什么提示不对呢恩？这不是成功了么？为什么提示不对呢恩？这不是成功了么？为什么提示不对呢',1395716130,5) [ RunTime:0.001287s ]

[ 2014-03-25T11:04:49+08:00 ] 127.0.0.1 /test/index/tougao
INFO: [ app_begin ] --START--
INFO: ReadHtmlCache Behavior ::run [ RunTime:0.005120s ]
INFO: [ app_begin ] --END-- [ RunTime:0.005236s ]
SQL: SHOW COLUMNS FROM `ms_member` [ RunTime:0.006855s ]
SQL: SELECT `uid`,`tid`,`uname`,`phone`,`coin`,`lastdate`,`style` FROM `ms_member` WHERE ( uid=5 ) LIMIT 1   [ RunTime:0.000745s ]
NOTIC: [2] Cannot modify header information - headers already sent by (output started at D:\www\APMServ5.2.6\www\htdocs\test\Mingshi\Lib\Action\IndexAction.class.php:410) D:\www\APMServ5.2.6\www\htdocs\test\Mingshi\Lib\Action\IndexAction.class.php 第 411 行.
SQL: SHOW COLUMNS FROM `ms_article` [ RunTime:0.006836s ]
SQL: INSERT INTO `ms_article` (`title`,`content`,`create_time`,`uid`) VALUES ('王老师匿名投稿一次的话，会怎样','王老师匿名投稿一次的话，会怎样王老师匿名投稿一次的话，会怎样王老师匿名投稿一次的话，会怎样王老师匿名投稿一次的话，会怎样王老师匿名投稿一次的话，会怎样王老师匿名投稿一次的话，会怎样王老师匿名投稿一次的话，会怎样王老师匿名投稿一次的话，会怎样王老师匿名投稿一次的话，会怎样王老师匿名投稿一次的话，会怎样王老师匿名投稿一次的话，会怎样王老师匿名投稿一次的话，会怎样王老师匿名投稿一次的话，会怎样王老师匿名投稿一次的话，会怎样王老师匿名投稿一次的话，会怎样王老师匿名投稿一次的话，会怎样王老师匿名投稿一次的话，会怎样王老师匿名投稿一次的话，会怎样王老师匿名投稿一次的话，会怎样王老师匿名投稿一次的话，会怎样王老师匿名投稿一次的话，会怎样王老师匿名投稿一次的话，会怎样王老师匿名投稿一次的话，会怎样王老师匿名投稿一次的话，会怎样王老师匿名投稿一次的话，会怎样王老师匿名投稿一次的话，会怎样王老师匿名投稿一次的话，会怎样王老师匿名投稿一次的话，会怎样王老师匿名投稿一次的话，会怎样王老师匿名投稿一次的话，会怎样王老师匿名投稿一次的话，会怎样王老师匿名投稿一次的话，会怎样王老师匿名投稿一次的话，会怎样王老师匿名投稿一次的话，会怎样王老师匿名投稿一次的话，会怎样王老师匿名投稿一次的话，会怎样王老师匿名投稿一次的话，会怎样王老师匿名投稿一次的话，会怎样王老师匿名投稿一次的话，会怎样王老师匿名投稿一次的话，会怎样王老师匿名投稿一次的话，会怎样王老师匿名投稿一次的话，会怎样王老师匿名投稿一次的话，会怎样王老师匿名投稿一次的话，会怎样王老师匿名投稿一次的话，会怎样王老师匿名投稿一次的话，会怎样王老师匿名投稿一次的话，会怎样王老师匿名投稿一次的话，会怎样王老师匿名投稿一次的话，会怎样王老师匿名投稿一次的话，会怎样',1395716689,5) [ RunTime:0.001010s ]

[ 2014-03-25T11:06:22+08:00 ] 127.0.0.1 /test/index/tougao
INFO: [ app_begin ] --START--
INFO: ReadHtmlCache Behavior ::run [ RunTime:0.005043s ]
INFO: [ app_begin ] --END-- [ RunTime:0.005166s ]
SQL: SHOW COLUMNS FROM `ms_member` [ RunTime:0.006728s ]
SQL: SELECT `uid`,`tid`,`uname`,`phone`,`coin`,`lastdate`,`style` FROM `ms_member` WHERE ( uid=5 ) LIMIT 1   [ RunTime:0.000923s ]
SQL: SHOW COLUMNS FROM `ms_article` [ RunTime:0.007207s ]
SQL: INSERT INTO `ms_article` (`title`,`content`,`create_time`,`uid`) VALUES ('王老师匿名投稿一次的话，会怎样','王老师匿名投稿一次的话，会怎样王老师匿名投稿一次的话，会怎样王老师匿名投稿一次的话，会怎样王老师匿名投稿一次的话，会怎样王老师匿名投稿一次的话，会怎样王老师匿名投稿一次的话，会怎样王老师匿名投稿一次的话，会怎样王老师匿名投稿一次的话，会怎样王老师匿名投稿一次的话，会怎样王老师匿名投稿一次的话，会怎样王老师匿名投稿一次的话，会怎样王老师匿名投稿一次的话，会怎样王老师匿名投稿一次的话，会怎样王老师匿名投稿一次的话，会怎样王老师匿名投稿一次的话，会怎样王老师匿名投稿一次的话，会怎样王老师匿名投稿一次的话，会怎样王老师匿名投稿一次的话，会怎样王老师匿名投稿一次的话，会怎样王老师匿名投稿一次的话，会怎样王老师匿名投稿一次的话，会怎样王老师匿名投稿一次的话，会怎样王老师匿名投稿一次的话，会怎样王老师匿名投稿一次的话，会怎样王老师匿名投稿一次的话，会怎样王老师匿名投稿一次的话，会怎样王老师匿名投稿一次的话，会怎样王老师匿名投稿一次的话，会怎样王老师匿名投稿一次的话，会怎样王老师匿名投稿一次的话，会怎样王老师匿名投稿一次的话，会怎样王老师匿名投稿一次的话，会怎样王老师匿名投稿一次的话，会怎样王老师匿名投稿一次的话，会怎样王老师匿名投稿一次的话，会怎样王老师匿名投稿一次的话，会怎样王老师匿名投稿一次的话，会怎样王老师匿名投稿一次的话，会怎样王老师匿名投稿一次的话，会怎样王老师匿名投稿一次的话，会怎样王老师匿名投稿一次的话，会怎样王老师匿名投稿一次的话，会怎样王老师匿名投稿一次的话，会怎样王老师匿名投稿一次的话，会怎样王老师匿名投稿一次的话，会怎样王老师匿名投稿一次的话，会怎样王老师匿名投稿一次的话，会怎样王老师匿名投稿一次的话，会怎样王老师匿名投稿一次的话，会怎样王老师匿名投稿一次的话，会怎样王老师匿名投稿一次的话，会怎样王老师匿名投稿一次的话，会怎样王老师匿名投稿一次的话，会怎样王老师匿名投稿一次的话，会怎样王老师匿名投稿一次的话，会怎样王老师匿名投稿一次的话，会怎样王老师匿名投稿一次的话，会怎样王老师匿名投稿一次的话，会怎样王老师匿名投稿一次的话，会怎样王老师匿名投稿一次的话，会怎样王老师匿名投稿一次的话，会怎样',1395716782,5) [ RunTime:0.001199s ]

[ 2014-03-25T11:06:26+08:00 ] 127.0.0.1 /test/active/active_show?year=2014&month=3
INFO: [ app_begin ] --START--
INFO: ReadHtmlCache Behavior ::run [ RunTime:0.005211s ]
INFO: [ app_begin ] --END-- [ RunTime:0.005334s ]
SQL: SHOW COLUMNS FROM `ms_member` [ RunTime:0.006731s ]
SQL: SELECT `uid`,`tid`,`uname`,`phone`,`coin`,`lastdate`,`style` FROM `ms_member` WHERE ( uid=5 ) LIMIT 1   [ RunTime:0.000938s ]
SQL: SHOW COLUMNS FROM `ms_active` [ RunTime:0.006074s ]
SQL: SELECT * FROM `ms_active` WHERE ( year='2014' and month=3 and day in (1,2,3,4,5,6,7,8,9,10,11,12,13,14,15,16,17,18,19,20,21,22,23,24,25,26,27,28,29,30,31) )  [ RunTime:0.001307s ]

[ 2014-03-25T11:07:46+08:00 ] 127.0.0.1 /test/index/tougao
INFO: [ app_begin ] --START--
INFO: ReadHtmlCache Behavior ::run [ RunTime:0.005168s ]
INFO: [ app_begin ] --END-- [ RunTime:0.005303s ]
SQL: SHOW COLUMNS FROM `ms_member` [ RunTime:0.006785s ]
SQL: SELECT `uid`,`tid`,`uname`,`phone`,`coin`,`lastdate`,`style` FROM `ms_member` WHERE ( uid=5 ) LIMIT 1   [ RunTime:0.000961s ]
SQL: SHOW COLUMNS FROM `ms_article` [ RunTime:0.006751s ]
SQL: INSERT INTO `ms_article` (`title`,`content`,`ishid`,`create_time`,`uid`) VALUES ('王老师匿名投稿一次！','王老师匿名投稿一次！王老师匿名投稿一次！王老师匿名投稿一次！王老师匿名投稿一次！王老师匿名投稿一次！王老师匿名投稿一次！王老师匿名投稿一次！王老师匿名投稿一次！王老师匿名投稿一次！王老师匿名投稿一次！王老师匿名投稿一次！王老师匿名投稿一次！王老师匿名投稿一次！王老师匿名投稿一次！王老师匿名投稿一次！王老师匿名投稿一次！王老师匿名投稿一次！王老师匿名投稿一次！王老师匿名投稿一次！王老师匿名投稿一次！王老师匿名投稿一次！王老师匿名投稿一次！王老师匿名投稿一次！王老师匿名投稿一次！王老师匿名投稿一次！王老师匿名投稿一次！王老师匿名投稿一次！王老师匿名投稿一次！王老师匿名投稿一次！王老师匿名投稿一次！王老师匿名投稿一次！王老师匿名投稿一次！王老师匿名投稿一次！王老师匿名投稿一次！王老师匿名投稿一次！王老师匿名投稿一次！王老师匿名投稿一次！王老师匿名投稿一次！王老师匿名投稿一次！王老师匿名投稿一次！王老师匿名投稿一次！王老师匿名投稿一次！王老师匿名投稿一次！王老师匿名投稿一次！王老师匿名投稿一次！王老师匿名投稿一次！王老师匿名投稿一次！王老师匿名投稿一次！王老师匿名投稿一次！王老师匿名投稿一次！王老师匿名投稿一次！王老师匿名投稿一次！王老师匿名投稿一次！王老师匿名投稿一次！王老师匿名投稿一次！王老师匿名投稿一次！王老师匿名投稿一次！王老师匿名投稿一次！王老师匿名投稿一次！王老师匿名投稿一次！王老师匿名投稿一次！王老师匿名投稿一次！王老师匿名投稿一次！王老师匿名投稿一次！王老师匿名投稿一次！王老师匿名投稿一次！王老师匿名投稿一次！王老师匿名投稿一次！王老师匿名投稿一次！王老师匿名投稿一次！王老师匿名投稿一次！',1,1395716866,5) [ RunTime:0.001331s ]

[ 2014-03-25T11:07:50+08:00 ] 127.0.0.1 /test/active/active_show?year=2014&month=3
INFO: [ app_begin ] --START--
INFO: ReadHtmlCache Behavior ::run [ RunTime:0.004930s ]
INFO: [ app_begin ] --END-- [ RunTime:0.005050s ]
SQL: SHOW COLUMNS FROM `ms_member` [ RunTime:0.006812s ]
SQL: SELECT `uid`,`tid`,`uname`,`phone`,`coin`,`lastdate`,`style` FROM `ms_member` WHERE ( uid=5 ) LIMIT 1   [ RunTime:0.000888s ]
SQL: SHOW COLUMNS FROM `ms_active` [ RunTime:0.006142s ]
SQL: SELECT * FROM `ms_active` WHERE ( year='2014' and month=3 and day in (1,2,3,4,5,6,7,8,9,10,11,12,13,14,15,16,17,18,19,20,21,22,23,24,25,26,27,28,29,30,31) )  [ RunTime:0.000942s ]

[ 2014-03-25T12:00:04+08:00 ] 127.0.0.1 /test/active/active_show?year=2014&month=3
INFO: [ app_begin ] --START--
INFO: ReadHtmlCache Behavior ::run [ RunTime:0.000669s ]
INFO: [ app_begin ] --END-- [ RunTime:0.000783s ]
SQL: SHOW COLUMNS FROM `ms_active` [ RunTime:0.006679s ]
SQL: SELECT * FROM `ms_active` WHERE ( year='2014' and month=3 and day in (1,2,3,4,5,6,7,8,9,10,11,12,13,14,15,16,17,18,19,20,21,22,23,24,25,26,27,28,29,30,31) )  [ RunTime:0.001091s ]

[ 2014-03-25T13:53:39+08:00 ] 127.0.0.1 /test/active/active_show?year=2014&month=3
INFO: [ app_begin ] --START--
INFO: ReadHtmlCache Behavior ::run [ RunTime:0.000603s ]
INFO: [ app_begin ] --END-- [ RunTime:0.000713s ]
SQL: SHOW COLUMNS FROM `ms_active` [ RunTime:0.006060s ]
SQL: SELECT * FROM `ms_active` WHERE ( year='2014' and month=3 and day in (1,2,3,4,5,6,7,8,9,10,11,12,13,14,15,16,17,18,19,20,21,22,23,24,25,26,27,28,29,30,31) )  [ RunTime:0.001116s ]

[ 2014-03-25T14:26:02+08:00 ] 127.0.0.1 /test/active/active_show?year=2014&month=3
INFO: [ app_begin ] --START--
INFO: ReadHtmlCache Behavior ::run [ RunTime:0.003866s ]
INFO: [ app_begin ] --END-- [ RunTime:0.003983s ]
SQL: SHOW COLUMNS FROM `ms_active` [ RunTime:0.006826s ]
SQL: SELECT * FROM `ms_active` WHERE ( year='2014' and month=3 and day in (1,2,3,4,5,6,7,8,9,10,11,12,13,14,15,16,17,18,19,20,21,22,23,24,25,26,27,28,29,30,31) )  [ RunTime:0.001225s ]

[ 2014-03-25T15:23:20+08:00 ] 127.0.0.1 /test/active/active_show?year=2014&month=3
INFO: [ app_begin ] --START--
INFO: ReadHtmlCache Behavior ::run [ RunTime:0.000275s ]
INFO: [ app_begin ] --END-- [ RunTime:0.000324s ]
SQL: SHOW COLUMNS FROM `ms_active` [ RunTime:0.003187s ]
SQL: SELECT * FROM `ms_active` WHERE ( year='2014' and month=3 and day in (1,2,3,4,5,6,7,8,9,10,11,12,13,14,15,16,17,18,19,20,21,22,23,24,25,26,27,28,29,30,31) )  [ RunTime:0.000524s ]

[ 2014-03-25T16:34:09+08:00 ] 127.0.0.1 /test/active/active_show?year=2014&month=3
INFO: [ app_begin ] --START--
INFO: ReadHtmlCache Behavior ::run [ RunTime:0.000598s ]
INFO: [ app_begin ] --END-- [ RunTime:0.000701s ]
SQL: SHOW COLUMNS FROM `ms_active` [ RunTime:0.006828s ]
SQL: SELECT * FROM `ms_active` WHERE ( year='2014' and month=3 and day in (1,2,3,4,5,6,7,8,9,10,11,12,13,14,15,16,17,18,19,20,21,22,23,24,25,26,27,28,29,30,31) )  [ RunTime:0.001135s ]

[ 2014-03-25T16:36:58+08:00 ] 127.0.0.1 /test/active/active_show?year=2014&month=3
INFO: [ app_begin ] --START--
INFO: ReadHtmlCache Behavior ::run [ RunTime:0.000630s ]
INFO: [ app_begin ] --END-- [ RunTime:0.000737s ]
SQL: SHOW COLUMNS FROM `ms_active` [ RunTime:0.006218s ]
SQL: SELECT * FROM `ms_active` WHERE ( year='2014' and month=3 and day in (1,2,3,4,5,6,7,8,9,10,11,12,13,14,15,16,17,18,19,20,21,22,23,24,25,26,27,28,29,30,31) )  [ RunTime:0.001177s ]

[ 2014-03-25T16:37:03+08:00 ] 127.0.0.1 /test/active/active_show?year=2014&month=3
INFO: [ app_begin ] --START--
INFO: ReadHtmlCache Behavior ::run [ RunTime:0.000599s ]
INFO: [ app_begin ] --END-- [ RunTime:0.000703s ]
SQL: SHOW COLUMNS FROM `ms_active` [ RunTime:0.006417s ]
SQL: SELECT * FROM `ms_active` WHERE ( year='2014' and month=3 and day in (1,2,3,4,5,6,7,8,9,10,11,12,13,14,15,16,17,18,19,20,21,22,23,24,25,26,27,28,29,30,31) )  [ RunTime:0.001278s ]

[ 2014-03-25T16:37:11+08:00 ] 127.0.0.1 /test/active/active_show?year=2014&month=3
INFO: [ app_begin ] --START--
INFO: ReadHtmlCache Behavior ::run [ RunTime:0.000618s ]
INFO: [ app_begin ] --END-- [ RunTime:0.000723s ]
SQL: SHOW COLUMNS FROM `ms_active` [ RunTime:0.006201s ]
SQL: SELECT * FROM `ms_active` WHERE ( year='2014' and month=3 and day in (1,2,3,4,5,6,7,8,9,10,11,12,13,14,15,16,17,18,19,20,21,22,23,24,25,26,27,28,29,30,31) )  [ RunTime:0.001091s ]

[ 2014-03-25T17:13:20+08:00 ] 127.0.0.1 /test/active/active_show?year=2014&month=3
INFO: [ app_begin ] --START--
INFO: ReadHtmlCache Behavior ::run [ RunTime:0.004446s ]
INFO: [ app_begin ] --END-- [ RunTime:0.004615s ]
SQL: SHOW COLUMNS FROM `ms_active` [ RunTime:0.006883s ]
SQL: SELECT * FROM `ms_active` WHERE ( year='2014' and month=3 and day in (1,2,3,4,5,6,7,8,9,10,11,12,13,14,15,16,17,18,19,20,21,22,23,24,25,26,27,28,29,30,31) )  [ RunTime:0.001262s ]

[ 2014-03-25T17:16:46+08:00 ] 127.0.0.1 /test/active/active_show?year=2014&month=3
INFO: [ app_begin ] --START--
INFO: ReadHtmlCache Behavior ::run [ RunTime:0.003833s ]
INFO: [ app_begin ] --END-- [ RunTime:0.003941s ]
SQL: SHOW COLUMNS FROM `ms_active` [ RunTime:0.006153s ]
SQL: SELECT * FROM `ms_active` WHERE ( year='2014' and month=3 and day in (1,2,3,4,5,6,7,8,9,10,11,12,13,14,15,16,17,18,19,20,21,22,23,24,25,26,27,28,29,30,31) )  [ RunTime:0.001187s ]

[ 2014-03-25T17:18:09+08:00 ] 127.0.0.1 /test/active/active_show?year=2014&month=3
INFO: [ app_begin ] --START--
INFO: ReadHtmlCache Behavior ::run [ RunTime:0.003802s ]
INFO: [ app_begin ] --END-- [ RunTime:0.003920s ]
SQL: SHOW COLUMNS FROM `ms_active` [ RunTime:0.006320s ]
SQL: SELECT * FROM `ms_active` WHERE ( year='2014' and month=3 and day in (1,2,3,4,5,6,7,8,9,10,11,12,13,14,15,16,17,18,19,20,21,22,23,24,25,26,27,28,29,30,31) )  [ RunTime:0.001140s ]

[ 2014-03-25T17:18:47+08:00 ] 127.0.0.1 /test/active/active_show?year=2014&month=3
INFO: [ app_begin ] --START--
INFO: ReadHtmlCache Behavior ::run [ RunTime:0.003767s ]
INFO: [ app_begin ] --END-- [ RunTime:0.003881s ]
SQL: SHOW COLUMNS FROM `ms_active` [ RunTime:0.006222s ]
SQL: SELECT * FROM `ms_active` WHERE ( year='2014' and month=3 and day in (1,2,3,4,5,6,7,8,9,10,11,12,13,14,15,16,17,18,19,20,21,22,23,24,25,26,27,28,29,30,31) )  [ RunTime:0.001204s ]

