[ 2014-03-21T15:22:11+08:00 ] 127.0.0.1 /test/member/fangan/id/1
ERR: Model:getFild您所请求的方法不存在！

[ 2014-03-21T15:40:49+08:00 ] 127.0.0.1 /test/active/active_show?year=2014&month=3
INFO: [ app_begin ] --START--
INFO: ReadHtmlCache Behavior ::run [ RunTime:0.000612s ]
INFO: [ app_begin ] --END-- [ RunTime:0.000714s ]
SQL: SHOW COLUMNS FROM `ms_member` [ RunTime:0.007820s ]
SQL: SELECT `uid`,`tid`,`uname`,`phone`,`coin`,`lastdate`,`style` FROM `ms_member` WHERE ( uid=3 ) LIMIT 1   [ RunTime:0.001380s ]
SQL: SHOW COLUMNS FROM `ms_active` [ RunTime:0.008191s ]
SQL: SELECT * FROM `ms_active` WHERE ( year='2014' and month=3 and day in (1,2,3,4,5,6,7,8,9,10,11,12,13,14,15,16,17,18,19,20,21,22,23,24,25,26,27,28,29,30,31) )  [ RunTime:0.001631s ]

[ 2014-03-21T16:03:49+08:00 ] 127.0.0.1 /test/active/active_show?year=2014&month=3
INFO: [ app_begin ] --START--
INFO: ReadHtmlCache Behavior ::run [ RunTime:0.000608s ]
INFO: [ app_begin ] --END-- [ RunTime:0.000711s ]
SQL: SHOW COLUMNS FROM `ms_member` [ RunTime:0.007969s ]
SQL: SELECT `uid`,`tid`,`uname`,`phone`,`coin`,`lastdate`,`style` FROM `ms_member` WHERE ( uid=20 ) LIMIT 1   [ RunTime:0.001477s ]
SQL: SHOW COLUMNS FROM `ms_active` [ RunTime:0.007989s ]
SQL: SELECT * FROM `ms_active` WHERE ( year='2014' and month=3 and day in (1,2,3,4,5,6,7,8,9,10,11,12,13,14,15,16,17,18,19,20,21,22,23,24,25,26,27,28,29,30,31) )  [ RunTime:0.001676s ]

[ 2014-03-21T16:05:24+08:00 ] 127.0.0.1 /test/member/add_style
INFO: [ app_begin ] --START--
INFO: ReadHtmlCache Behavior ::run [ RunTime:0.004952s ]
INFO: [ app_begin ] --END-- [ RunTime:0.005065s ]
SQL: SHOW COLUMNS FROM `ms_member` [ RunTime:0.007861s ]
SQL: SELECT `uid`,`tid`,`uname`,`phone`,`coin`,`lastdate`,`style` FROM `ms_member` WHERE ( uid=3 ) LIMIT 1   [ RunTime:0.001323s ]
SQL: SELECT * FROM `ms_member` WHERE ( uid = 3 ) LIMIT 1   [ RunTime:0.000348s ]
SQL: UPDATE `ms_member` SET `style`='black' WHERE ( uid = 3 ) [ RunTime:0.000600s ]

[ 2014-03-21T16:05:26+08:00 ] 127.0.0.1 /test/member/add_style
INFO: [ app_begin ] --START--
INFO: ReadHtmlCache Behavior ::run [ RunTime:0.003928s ]
INFO: [ app_begin ] --END-- [ RunTime:0.004037s ]
SQL: SHOW COLUMNS FROM `ms_member` [ RunTime:0.007835s ]
SQL: SELECT `uid`,`tid`,`uname`,`phone`,`coin`,`lastdate`,`style` FROM `ms_member` WHERE ( uid=3 ) LIMIT 1   [ RunTime:0.001243s ]
SQL: SELECT * FROM `ms_member` WHERE ( uid = 3 ) LIMIT 1   [ RunTime:0.000305s ]
SQL: UPDATE `ms_member` SET `style`='black' WHERE ( uid = 3 ) [ RunTime:0.000227s ]

[ 2014-03-21T16:44:10+08:00 ] 127.0.0.1 /test/member/fangan/id/1
ERR: Action:assgin您所请求的方法不存在！

[ 2014-03-21T16:45:07+08:00 ] 127.0.0.1 /test/member/fangan/id/1
ERR: Action:assgin您所请求的方法不存在！

[ 2014-03-21T16:50:58+08:00 ] 127.0.0.1 /test/active/active_show?year=2014&month=3
INFO: [ app_begin ] --START--
INFO: ReadHtmlCache Behavior ::run [ RunTime:0.000680s ]
INFO: [ app_begin ] --END-- [ RunTime:0.000796s ]
SQL: SHOW COLUMNS FROM `ms_member` [ RunTime:0.007996s ]
SQL: SELECT `uid`,`tid`,`uname`,`phone`,`coin`,`lastdate`,`style` FROM `ms_member` WHERE ( uid=20 ) LIMIT 1   [ RunTime:0.001401s ]
SQL: SHOW COLUMNS FROM `ms_active` [ RunTime:0.008922s ]
SQL: SELECT * FROM `ms_active` WHERE ( year='2014' and month=3 and day in (1,2,3,4,5,6,7,8,9,10,11,12,13,14,15,16,17,18,19,20,21,22,23,24,25,26,27,28,29,30,31) )  [ RunTime:0.001810s ]

