[ 2014-03-26T09:33:56+08:00 ] 127.0.0.1 /test/active/active_show?year=2014&month=3
INFO: [ app_begin ] --START--
INFO: ReadHtmlCache Behavior ::run [ RunTime:0.005159s ]
INFO: [ app_begin ] --END-- [ RunTime:0.005276s ]
SQL: SHOW COLUMNS FROM `ms_active` [ RunTime:0.006250s ]
SQL: SELECT * FROM `ms_active` WHERE ( year='2014' and month=3 and day in (1,2,3,4,5,6,7,8,9,10,11,12,13,14,15,16,17,18,19,20,21,22,23,24,25,26,27,28,29,30,31) )  [ RunTime:0.001240s ]

[ 2014-03-26T09:34:34+08:00 ] 127.0.0.1 /test/active/active_show?year=2014&month=3
INFO: [ app_begin ] --START--
INFO: ReadHtmlCache Behavior ::run [ RunTime:0.000623s ]
INFO: [ app_begin ] --END-- [ RunTime:0.000730s ]
SQL: SHOW COLUMNS FROM `ms_active` [ RunTime:0.006860s ]
SQL: SELECT * FROM `ms_active` WHERE ( year='2014' and month=3 and day in (1,2,3,4,5,6,7,8,9,10,11,12,13,14,15,16,17,18,19,20,21,22,23,24,25,26,27,28,29,30,31) )  [ RunTime:0.001268s ]

[ 2014-03-26T09:35:08+08:00 ] 127.0.0.1 /test/active/active_show?year=2014&month=3
INFO: [ app_begin ] --START--
INFO: ReadHtmlCache Behavior ::run [ RunTime:0.005170s ]
INFO: [ app_begin ] --END-- [ RunTime:0.005285s ]
SQL: SHOW COLUMNS FROM `ms_active` [ RunTime:0.006255s ]
SQL: SELECT * FROM `ms_active` WHERE ( year='2014' and month=3 and day in (1,2,3,4,5,6,7,8,9,10,11,12,13,14,15,16,17,18,19,20,21,22,23,24,25,26,27,28,29,30,31) )  [ RunTime:0.001193s ]

[ 2014-03-26T11:02:29+08:00 ] 127.0.0.1 /test/active/active_show?year=2014&month=3
INFO: [ app_begin ] --START--
INFO: ReadHtmlCache Behavior ::run [ RunTime:0.000644s ]
INFO: [ app_begin ] --END-- [ RunTime:0.000759s ]
SQL: SHOW COLUMNS FROM `ms_active` [ RunTime:0.006886s ]
SQL: SELECT * FROM `ms_active` WHERE ( year='2014' and month=3 and day in (1,2,3,4,5,6,7,8,9,10,11,12,13,14,15,16,17,18,19,20,21,22,23,24,25,26,27,28,29,30,31) )  [ RunTime:0.001127s ]

[ 2014-03-26T13:21:27+08:00 ] 127.0.0.1 /test/active/active_show?year=2014&month=3
INFO: [ app_begin ] --START--
INFO: ReadHtmlCache Behavior ::run [ RunTime:0.000665s ]
INFO: [ app_begin ] --END-- [ RunTime:0.000787s ]
SQL: SHOW COLUMNS FROM `ms_active` [ RunTime:0.006868s ]
SQL: SELECT * FROM `ms_active` WHERE ( year='2014' and month=3 and day in (1,2,3,4,5,6,7,8,9,10,11,12,13,14,15,16,17,18,19,20,21,22,23,24,25,26,27,28,29,30,31) )  [ RunTime:0.001179s ]

[ 2014-03-26T13:21:50+08:00 ] 127.0.0.1 /test/active/active_show?year=2014&month=3
INFO: [ app_begin ] --START--
INFO: ReadHtmlCache Behavior ::run [ RunTime:0.000789s ]
INFO: [ app_begin ] --END-- [ RunTime:0.000935s ]
SQL: SHOW COLUMNS FROM `ms_active` [ RunTime:0.006130s ]
SQL: SELECT * FROM `ms_active` WHERE ( year='2014' and month=3 and day in (1,2,3,4,5,6,7,8,9,10,11,12,13,14,15,16,17,18,19,20,21,22,23,24,25,26,27,28,29,30,31) )  [ RunTime:0.001165s ]

[ 2014-03-26T13:24:39+08:00 ] 127.0.0.1 /test/active/active_show?year=2014&month=3
INFO: [ app_begin ] --START--
INFO: ReadHtmlCache Behavior ::run [ RunTime:0.003788s ]
INFO: [ app_begin ] --END-- [ RunTime:0.003901s ]
SQL: SHOW COLUMNS FROM `ms_active` [ RunTime:0.006428s ]
SQL: SELECT * FROM `ms_active` WHERE ( year='2014' and month=3 and day in (1,2,3,4,5,6,7,8,9,10,11,12,13,14,15,16,17,18,19,20,21,22,23,24,25,26,27,28,29,30,31) )  [ RunTime:0.001318s ]

[ 2014-03-26T13:25:13+08:00 ] 127.0.0.1 /test/active/active_show?year=2014&month=3
INFO: [ app_begin ] --START--
INFO: ReadHtmlCache Behavior ::run [ RunTime:0.003817s ]
INFO: [ app_begin ] --END-- [ RunTime:0.003931s ]
SQL: SHOW COLUMNS FROM `ms_active` [ RunTime:0.006245s ]
SQL: SELECT * FROM `ms_active` WHERE ( year='2014' and month=3 and day in (1,2,3,4,5,6,7,8,9,10,11,12,13,14,15,16,17,18,19,20,21,22,23,24,25,26,27,28,29,30,31) )  [ RunTime:0.001262s ]

[ 2014-03-26T13:25:50+08:00 ] 127.0.0.1 /test/active/active_show?year=2014&month=3
INFO: [ app_begin ] --START--
INFO: ReadHtmlCache Behavior ::run [ RunTime:0.004214s ]
INFO: [ app_begin ] --END-- [ RunTime:0.004338s ]
SQL: SHOW COLUMNS FROM `ms_active` [ RunTime:0.006355s ]
SQL: SELECT * FROM `ms_active` WHERE ( year='2014' and month=3 and day in (1,2,3,4,5,6,7,8,9,10,11,12,13,14,15,16,17,18,19,20,21,22,23,24,25,26,27,28,29,30,31) )  [ RunTime:0.001115s ]

[ 2014-03-26T13:26:29+08:00 ] 127.0.0.1 /test/53324ef7b447c.jpeg
ERR: Action:init您所请求的方法不存在！

[ 2014-03-26T13:26:29+08:00 ] 127.0.0.1 /test/active/active_show?year=2014&month=3
INFO: [ app_begin ] --START--
INFO: ReadHtmlCache Behavior ::run [ RunTime:0.003988s ]
INFO: [ app_begin ] --END-- [ RunTime:0.004108s ]
SQL: SHOW COLUMNS FROM `ms_active` [ RunTime:0.006434s ]
SQL: SELECT * FROM `ms_active` WHERE ( year='2014' and month=3 and day in (1,2,3,4,5,6,7,8,9,10,11,12,13,14,15,16,17,18,19,20,21,22,23,24,25,26,27,28,29,30,31) )  [ RunTime:0.001545s ]

[ 2014-03-26T13:26:47+08:00 ] 127.0.0.1 /test/53324ef7b447c.jpeg
ERR: Action:init您所请求的方法不存在！

[ 2014-03-26T13:26:47+08:00 ] 127.0.0.1 /test/active/active_show?year=2014&month=3
INFO: [ app_begin ] --START--
INFO: ReadHtmlCache Behavior ::run [ RunTime:0.000634s ]
INFO: [ app_begin ] --END-- [ RunTime:0.000748s ]
SQL: SHOW COLUMNS FROM `ms_active` [ RunTime:0.006217s ]
SQL: SELECT * FROM `ms_active` WHERE ( year='2014' and month=3 and day in (1,2,3,4,5,6,7,8,9,10,11,12,13,14,15,16,17,18,19,20,21,22,23,24,25,26,27,28,29,30,31) )  [ RunTime:0.001168s ]

[ 2014-03-26T13:57:08+08:00 ] 127.0.0.1 /test/active/active_show?year=2014&month=3
INFO: [ app_begin ] --START--
INFO: ReadHtmlCache Behavior ::run [ RunTime:0.003804s ]
INFO: [ app_begin ] --END-- [ RunTime:0.003916s ]
SQL: SHOW COLUMNS FROM `ms_active` [ RunTime:0.006757s ]
SQL: SELECT * FROM `ms_active` WHERE ( year='2014' and month=3 and day in (1,2,3,4,5,6,7,8,9,10,11,12,13,14,15,16,17,18,19,20,21,22,23,24,25,26,27,28,29,30,31) )  [ RunTime:0.001097s ]

[ 2014-03-26T14:29:11+08:00 ] 127.0.0.1 /test/53326c1a5f131.jpeg
ERR: Action:init您所请求的方法不存在！

[ 2014-03-26T14:29:11+08:00 ] 127.0.0.1 /test/active/active_show?year=2014&month=3
INFO: [ app_begin ] --START--
INFO: ReadHtmlCache Behavior ::run [ RunTime:0.000602s ]
INFO: [ app_begin ] --END-- [ RunTime:0.000712s ]
SQL: SHOW COLUMNS FROM `ms_active` [ RunTime:0.007427s ]
SQL: SELECT * FROM `ms_active` WHERE ( year='2014' and month=3 and day in (1,2,3,4,5,6,7,8,9,10,11,12,13,14,15,16,17,18,19,20,21,22,23,24,25,26,27,28,29,30,31) )  [ RunTime:0.001358s ]

[ 2014-03-26T14:35:19+08:00 ] 127.0.0.1 /test/53326c1a5f131.jpeg
ERR: Action:init您所请求的方法不存在！

[ 2014-03-26T14:35:20+08:00 ] 127.0.0.1 /test/active/active_show?year=2014&month=3
INFO: [ app_begin ] --START--
INFO: ReadHtmlCache Behavior ::run [ RunTime:0.000598s ]
INFO: [ app_begin ] --END-- [ RunTime:0.000706s ]
SQL: SHOW COLUMNS FROM `ms_active` [ RunTime:0.006807s ]
SQL: SELECT * FROM `ms_active` WHERE ( year='2014' and month=3 and day in (1,2,3,4,5,6,7,8,9,10,11,12,13,14,15,16,17,18,19,20,21,22,23,24,25,26,27,28,29,30,31) )  [ RunTime:0.001168s ]

[ 2014-03-26T14:37:43+08:00 ] 127.0.0.1 /test/53326c1a5f131.jpeg
ERR: Action:init您所请求的方法不存在！

[ 2014-03-26T14:37:43+08:00 ] 127.0.0.1 /test/active/active_show?year=2014&month=3
INFO: [ app_begin ] --START--
INFO: ReadHtmlCache Behavior ::run [ RunTime:0.000601s ]
INFO: [ app_begin ] --END-- [ RunTime:0.000711s ]
SQL: SHOW COLUMNS FROM `ms_active` [ RunTime:0.006187s ]
SQL: SELECT * FROM `ms_active` WHERE ( year='2014' and month=3 and day in (1,2,3,4,5,6,7,8,9,10,11,12,13,14,15,16,17,18,19,20,21,22,23,24,25,26,27,28,29,30,31) )  [ RunTime:0.001228s ]

[ 2014-03-26T14:41:26+08:00 ] 127.0.0.1 /test/53326c1a5f131.jpeg
ERR: Action:init您所请求的方法不存在！

[ 2014-03-26T14:41:26+08:00 ] 127.0.0.1 /test/active/active_show?year=2014&month=3
INFO: [ app_begin ] --START--
INFO: ReadHtmlCache Behavior ::run [ RunTime:0.000618s ]
INFO: [ app_begin ] --END-- [ RunTime:0.000735s ]
SQL: SHOW COLUMNS FROM `ms_active` [ RunTime:0.006257s ]
SQL: SELECT * FROM `ms_active` WHERE ( year='2014' and month=3 and day in (1,2,3,4,5,6,7,8,9,10,11,12,13,14,15,16,17,18,19,20,21,22,23,24,25,26,27,28,29,30,31) )  [ RunTime:0.001238s ]

[ 2014-03-26T14:42:07+08:00 ] 127.0.0.1 /test/53326c1a5f131.jpeg
ERR: Action:init您所请求的方法不存在！

[ 2014-03-26T14:42:07+08:00 ] 127.0.0.1 /test/53326c1a5f131.jpeg
ERR: Action:init您所请求的方法不存在！

[ 2014-03-26T14:42:08+08:00 ] 127.0.0.1 /test/active/active_show?year=2014&month=3
INFO: [ app_begin ] --START--
INFO: ReadHtmlCache Behavior ::run [ RunTime:0.000607s ]
INFO: [ app_begin ] --END-- [ RunTime:0.000719s ]
SQL: SHOW COLUMNS FROM `ms_active` [ RunTime:0.006478s ]
SQL: SELECT * FROM `ms_active` WHERE ( year='2014' and month=3 and day in (1,2,3,4,5,6,7,8,9,10,11,12,13,14,15,16,17,18,19,20,21,22,23,24,25,26,27,28,29,30,31) )  [ RunTime:0.001359s ]

[ 2014-03-26T14:43:01+08:00 ] 127.0.0.1 /test/53326c1a5f131.jpeg
ERR: Action:init您所请求的方法不存在！

[ 2014-03-26T14:43:01+08:00 ] 127.0.0.1 /test/53326c1a5f131.jpeg
ERR: Action:init您所请求的方法不存在！

[ 2014-03-26T14:43:02+08:00 ] 127.0.0.1 /test/active/active_show?year=2014&month=3
INFO: [ app_begin ] --START--
INFO: ReadHtmlCache Behavior ::run [ RunTime:0.000605s ]
INFO: [ app_begin ] --END-- [ RunTime:0.000747s ]
SQL: SHOW COLUMNS FROM `ms_active` [ RunTime:0.006389s ]
SQL: SELECT * FROM `ms_active` WHERE ( year='2014' and month=3 and day in (1,2,3,4,5,6,7,8,9,10,11,12,13,14,15,16,17,18,19,20,21,22,23,24,25,26,27,28,29,30,31) )  [ RunTime:0.001073s ]

[ 2014-03-26T14:46:17+08:00 ] 127.0.0.1 /test/53326c1a5f131.jpeg
ERR: Action:init您所请求的方法不存在！

[ 2014-03-26T14:46:18+08:00 ] 127.0.0.1 /test/active/active_show?year=2014&month=3
INFO: [ app_begin ] --START--
INFO: ReadHtmlCache Behavior ::run [ RunTime:0.000599s ]
INFO: [ app_begin ] --END-- [ RunTime:0.000710s ]
SQL: SHOW COLUMNS FROM `ms_active` [ RunTime:0.006232s ]
SQL: SELECT * FROM `ms_active` WHERE ( year='2014' and month=3 and day in (1,2,3,4,5,6,7,8,9,10,11,12,13,14,15,16,17,18,19,20,21,22,23,24,25,26,27,28,29,30,31) )  [ RunTime:0.001165s ]

[ 2014-03-26T14:47:00+08:00 ] 127.0.0.1 /test/53326c1a5f131.jpeg
ERR: Action:init您所请求的方法不存在！

[ 2014-03-26T14:47:01+08:00 ] 127.0.0.1 /test/active/active_show?year=2014&month=3
INFO: [ app_begin ] --START--
INFO: ReadHtmlCache Behavior ::run [ RunTime:0.000602s ]
INFO: [ app_begin ] --END-- [ RunTime:0.000711s ]
SQL: SHOW COLUMNS FROM `ms_active` [ RunTime:0.006181s ]
SQL: SELECT * FROM `ms_active` WHERE ( year='2014' and month=3 and day in (1,2,3,4,5,6,7,8,9,10,11,12,13,14,15,16,17,18,19,20,21,22,23,24,25,26,27,28,29,30,31) )  [ RunTime:0.001172s ]

[ 2014-03-26T14:47:06+08:00 ] 127.0.0.1 /test/53326c1a5f131.jpeg
ERR: Action:init您所请求的方法不存在！

[ 2014-03-26T14:47:07+08:00 ] 127.0.0.1 /test/active/active_show?year=2014&month=3
INFO: [ app_begin ] --START--
INFO: ReadHtmlCache Behavior ::run [ RunTime:0.000714s ]
INFO: [ app_begin ] --END-- [ RunTime:0.000837s ]
SQL: SHOW COLUMNS FROM `ms_active` [ RunTime:0.006093s ]
SQL: SELECT * FROM `ms_active` WHERE ( year='2014' and month=3 and day in (1,2,3,4,5,6,7,8,9,10,11,12,13,14,15,16,17,18,19,20,21,22,23,24,25,26,27,28,29,30,31) )  [ RunTime:0.001329s ]

[ 2014-03-26T14:47:31+08:00 ] 127.0.0.1 /test/53326c1a5f131.jpeg
ERR: Action:init您所请求的方法不存在！

[ 2014-03-26T14:47:32+08:00 ] 127.0.0.1 /test/active/active_show?year=2014&month=3
INFO: [ app_begin ] --START--
INFO: ReadHtmlCache Behavior ::run [ RunTime:0.000606s ]
INFO: [ app_begin ] --END-- [ RunTime:0.000717s ]
SQL: SHOW COLUMNS FROM `ms_active` [ RunTime:0.006693s ]
SQL: SELECT * FROM `ms_active` WHERE ( year='2014' and month=3 and day in (1,2,3,4,5,6,7,8,9,10,11,12,13,14,15,16,17,18,19,20,21,22,23,24,25,26,27,28,29,30,31) )  [ RunTime:0.001146s ]

[ 2014-03-26T14:47:58+08:00 ] 127.0.0.1 /test/53326c1a5f131.jpeg
ERR: Action:init您所请求的方法不存在！

[ 2014-03-26T14:47:59+08:00 ] 127.0.0.1 /test/active/active_show?year=2014&month=3
INFO: [ app_begin ] --START--
INFO: ReadHtmlCache Behavior ::run [ RunTime:0.000611s ]
INFO: [ app_begin ] --END-- [ RunTime:0.000721s ]
SQL: SHOW COLUMNS FROM `ms_active` [ RunTime:0.006222s ]
SQL: SELECT * FROM `ms_active` WHERE ( year='2014' and month=3 and day in (1,2,3,4,5,6,7,8,9,10,11,12,13,14,15,16,17,18,19,20,21,22,23,24,25,26,27,28,29,30,31) )  [ RunTime:0.001364s ]

[ 2014-03-26T14:51:10+08:00 ] 127.0.0.1 /test/53326c1a5f131.jpeg
ERR: Action:init您所请求的方法不存在！

[ 2014-03-26T14:51:11+08:00 ] 127.0.0.1 /test/53326c1a5f131.jpeg
ERR: Action:init您所请求的方法不存在！

[ 2014-03-26T14:51:11+08:00 ] 127.0.0.1 /test/active/active_show?year=2014&month=3
INFO: [ app_begin ] --START--
INFO: ReadHtmlCache Behavior ::run [ RunTime:0.000612s ]
INFO: [ app_begin ] --END-- [ RunTime:0.000723s ]
SQL: SHOW COLUMNS FROM `ms_active` [ RunTime:0.006131s ]
SQL: SELECT * FROM `ms_active` WHERE ( year='2014' and month=3 and day in (1,2,3,4,5,6,7,8,9,10,11,12,13,14,15,16,17,18,19,20,21,22,23,24,25,26,27,28,29,30,31) )  [ RunTime:0.001226s ]

[ 2014-03-26T14:52:09+08:00 ] 127.0.0.1 /test/active/active_show?year=2014&month=3
INFO: [ app_begin ] --START--
INFO: ReadHtmlCache Behavior ::run [ RunTime:0.000602s ]
INFO: [ app_begin ] --END-- [ RunTime:0.000713s ]
SQL: SHOW COLUMNS FROM `ms_active` [ RunTime:0.006256s ]
SQL: SELECT * FROM `ms_active` WHERE ( year='2014' and month=3 and day in (1,2,3,4,5,6,7,8,9,10,11,12,13,14,15,16,17,18,19,20,21,22,23,24,25,26,27,28,29,30,31) )  [ RunTime:0.001219s ]

[ 2014-03-26T15:10:18+08:00 ] 127.0.0.1 /test/active/active_show?year=2014&month=3
INFO: [ app_begin ] --START--
INFO: ReadHtmlCache Behavior ::run [ RunTime:0.004863s ]
INFO: [ app_begin ] --END-- [ RunTime:0.004978s ]
SQL: SHOW COLUMNS FROM `ms_active` [ RunTime:0.006940s ]
SQL: SELECT * FROM `ms_active` WHERE ( year='2014' and month=3 and day in (1,2,3,4,5,6,7,8,9,10,11,12,13,14,15,16,17,18,19,20,21,22,23,24,25,26,27,28,29,30,31) )  [ RunTime:0.001376s ]

[ 2014-03-26T15:19:50+08:00 ] 127.0.0.1 /test/active/active_show?year=2014&month=3
INFO: [ app_begin ] --START--
INFO: ReadHtmlCache Behavior ::run [ RunTime:0.005587s ]
INFO: [ app_begin ] --END-- [ RunTime:0.005719s ]
SQL: SHOW COLUMNS FROM `ms_active` [ RunTime:0.006505s ]
SQL: SELECT * FROM `ms_active` WHERE ( year='2014' and month=3 and day in (1,2,3,4,5,6,7,8,9,10,11,12,13,14,15,16,17,18,19,20,21,22,23,24,25,26,27,28,29,30,31) )  [ RunTime:0.001401s ]

[ 2014-03-26T15:20:14+08:00 ] 127.0.0.1 /test/active/active_show?year=2014&month=3
INFO: [ app_begin ] --START--
INFO: ReadHtmlCache Behavior ::run [ RunTime:0.005395s ]
INFO: [ app_begin ] --END-- [ RunTime:0.005523s ]
SQL: SHOW COLUMNS FROM `ms_active` [ RunTime:0.006091s ]
SQL: SELECT * FROM `ms_active` WHERE ( year='2014' and month=3 and day in (1,2,3,4,5,6,7,8,9,10,11,12,13,14,15,16,17,18,19,20,21,22,23,24,25,26,27,28,29,30,31) )  [ RunTime:0.001306s ]

[ 2014-03-26T15:20:28+08:00 ] 127.0.0.1 /test/active/active_show?year=2014&month=3
INFO: [ app_begin ] --START--
INFO: ReadHtmlCache Behavior ::run [ RunTime:0.005751s ]
INFO: [ app_begin ] --END-- [ RunTime:0.005878s ]
SQL: SHOW COLUMNS FROM `ms_active` [ RunTime:0.006299s ]
SQL: SELECT * FROM `ms_active` WHERE ( year='2014' and month=3 and day in (1,2,3,4,5,6,7,8,9,10,11,12,13,14,15,16,17,18,19,20,21,22,23,24,25,26,27,28,29,30,31) )  [ RunTime:0.001315s ]

[ 2014-03-26T15:21:26+08:00 ] 127.0.0.1 /test/active/active_show?year=2014&month=3
INFO: [ app_begin ] --START--
INFO: ReadHtmlCache Behavior ::run [ RunTime:0.005088s ]
INFO: [ app_begin ] --END-- [ RunTime:0.005207s ]
SQL: SHOW COLUMNS FROM `ms_active` [ RunTime:0.006197s ]
SQL: SELECT * FROM `ms_active` WHERE ( year='2014' and month=3 and day in (1,2,3,4,5,6,7,8,9,10,11,12,13,14,15,16,17,18,19,20,21,22,23,24,25,26,27,28,29,30,31) )  [ RunTime:0.001169s ]

[ 2014-03-26T15:21:40+08:00 ] 127.0.0.1 /test/active/active_show?year=2014&month=3
INFO: [ app_begin ] --START--
INFO: ReadHtmlCache Behavior ::run [ RunTime:0.002741s ]
INFO: [ app_begin ] --END-- [ RunTime:0.002856s ]
SQL: SHOW COLUMNS FROM `ms_active` [ RunTime:0.006195s ]
SQL: SELECT * FROM `ms_active` WHERE ( year='2014' and month=3 and day in (1,2,3,4,5,6,7,8,9,10,11,12,13,14,15,16,17,18,19,20,21,22,23,24,25,26,27,28,29,30,31) )  [ RunTime:0.001130s ]

[ 2014-03-26T15:22:26+08:00 ] 127.0.0.1 /test/active/active_show?year=2014&month=3
INFO: [ app_begin ] --START--
INFO: ReadHtmlCache Behavior ::run [ RunTime:0.000613s ]
INFO: [ app_begin ] --END-- [ RunTime:0.000717s ]
SQL: SHOW COLUMNS FROM `ms_active` [ RunTime:0.006174s ]
SQL: SELECT * FROM `ms_active` WHERE ( year='2014' and month=3 and day in (1,2,3,4,5,6,7,8,9,10,11,12,13,14,15,16,17,18,19,20,21,22,23,24,25,26,27,28,29,30,31) )  [ RunTime:0.001101s ]

[ 2014-03-26T15:23:41+08:00 ] 127.0.0.1 /test/active/active_show?year=2014&month=3
INFO: [ app_begin ] --START--
INFO: ReadHtmlCache Behavior ::run [ RunTime:0.000607s ]
INFO: [ app_begin ] --END-- [ RunTime:0.000715s ]
SQL: SHOW COLUMNS FROM `ms_active` [ RunTime:0.006132s ]
SQL: SELECT * FROM `ms_active` WHERE ( year='2014' and month=3 and day in (1,2,3,4,5,6,7,8,9,10,11,12,13,14,15,16,17,18,19,20,21,22,23,24,25,26,27,28,29,30,31) )  [ RunTime:0.001361s ]

[ 2014-03-26T15:23:44+08:00 ] 127.0.0.1 /test/active/active_show?year=2014&month=3
INFO: [ app_begin ] --START--
INFO: ReadHtmlCache Behavior ::run [ RunTime:0.000607s ]
INFO: [ app_begin ] --END-- [ RunTime:0.000726s ]
SQL: SHOW COLUMNS FROM `ms_active` [ RunTime:0.006152s ]
SQL: SELECT * FROM `ms_active` WHERE ( year='2014' and month=3 and day in (1,2,3,4,5,6,7,8,9,10,11,12,13,14,15,16,17,18,19,20,21,22,23,24,25,26,27,28,29,30,31) )  [ RunTime:0.001347s ]

[ 2014-03-26T15:29:20+08:00 ] 127.0.0.1 /test/active/active_show?year=2014&month=3
INFO: [ app_begin ] --START--
INFO: ReadHtmlCache Behavior ::run [ RunTime:0.000602s ]
INFO: [ app_begin ] --END-- [ RunTime:0.000706s ]
SQL: SHOW COLUMNS FROM `ms_member` [ RunTime:0.006816s ]
SQL: SELECT `uid`,`tid`,`uname`,`phone`,`coin`,`lastdate`,`style` FROM `ms_member` WHERE ( uid=2 ) LIMIT 1   [ RunTime:0.001058s ]
SQL: SHOW COLUMNS FROM `ms_active` [ RunTime:0.006221s ]
SQL: SELECT * FROM `ms_active` WHERE ( year='2014' and month=3 and day in (1,2,3,4,5,6,7,8,9,10,11,12,13,14,15,16,17,18,19,20,21,22,23,24,25,26,27,28,29,30,31) )  [ RunTime:0.001353s ]

[ 2014-03-26T15:30:04+08:00 ] 127.0.0.1 /test/active/active_show?year=2014&month=3
INFO: [ app_begin ] --START--
INFO: ReadHtmlCache Behavior ::run [ RunTime:0.000653s ]
INFO: [ app_begin ] --END-- [ RunTime:0.000768s ]
SQL: SHOW COLUMNS FROM `ms_active` [ RunTime:0.006117s ]
SQL: SELECT * FROM `ms_active` WHERE ( year='2014' and month=3 and day in (1,2,3,4,5,6,7,8,9,10,11,12,13,14,15,16,17,18,19,20,21,22,23,24,25,26,27,28,29,30,31) )  [ RunTime:0.001337s ]

[ 2014-03-26T15:30:10+08:00 ] 127.0.0.1 /test/index/addFavorite?&title=%E8%AF%B7%E5%B0%86%E5%9B%BE%E7%89%87%E6%8E%A7%E5%88%B6%E5%9C%A8100K%E4%BB%A5%E4%B8%8B%EF%BC%81&aid=2&url=http%3A%2F%2Flocalhost%2Ftest%2Findex%2Fcontent%2Faid%2F2&math=125
INFO: [ app_begin ] --START--
INFO: ReadHtmlCache Behavior ::run [ RunTime:0.000636s ]
INFO: [ app_begin ] --END-- [ RunTime:0.000744s ]

[ 2014-03-26T15:30:25+08:00 ] 127.0.0.1 /test/active/active_show?year=2014&month=3
INFO: [ app_begin ] --START--
INFO: ReadHtmlCache Behavior ::run [ RunTime:0.000629s ]
INFO: [ app_begin ] --END-- [ RunTime:0.000742s ]
SQL: SHOW COLUMNS FROM `ms_member` [ RunTime:0.006704s ]
SQL: SELECT `uid`,`tid`,`uname`,`phone`,`coin`,`lastdate`,`style` FROM `ms_member` WHERE ( uid=20 ) LIMIT 1   [ RunTime:0.000972s ]
SQL: SHOW COLUMNS FROM `ms_active` [ RunTime:0.006067s ]
SQL: SELECT * FROM `ms_active` WHERE ( year='2014' and month=3 and day in (1,2,3,4,5,6,7,8,9,10,11,12,13,14,15,16,17,18,19,20,21,22,23,24,25,26,27,28,29,30,31) )  [ RunTime:0.001257s ]

[ 2014-03-26T15:30:29+08:00 ] 127.0.0.1 /test/index/addFavorite?&title=%E8%AF%B7%E5%B0%86%E5%9B%BE%E7%89%87%E6%8E%A7%E5%88%B6%E5%9C%A8100K%E4%BB%A5%E4%B8%8B%EF%BC%81&aid=2&url=http%3A%2F%2Flocalhost%2Ftest%2Findex%2Fcontent%2Faid%2F2&math=28
INFO: [ app_begin ] --START--
INFO: ReadHtmlCache Behavior ::run [ RunTime:0.000612s ]
INFO: [ app_begin ] --END-- [ RunTime:0.000717s ]
SQL: SHOW COLUMNS FROM `ms_member` [ RunTime:0.006663s ]
SQL: SELECT `uid`,`tid`,`uname`,`phone`,`coin`,`lastdate`,`style` FROM `ms_member` WHERE ( uid=20 ) LIMIT 1   [ RunTime:0.000986s ]
SQL: SHOW COLUMNS FROM `ms_favorite` [ RunTime:0.005624s ]
SQL: SELECT * FROM `ms_favorite` WHERE ( aid='2' and uid=20 ) LIMIT 1   [ RunTime:0.001158s ]
SQL: INSERT INTO `ms_favorite` (`title`,`url`,`aid`,`adddate`,`uid`) VALUES ('请将图片控制在100K以下！','http://localhost/test/index/content/aid/2',2,1395819029,20) [ RunTime:0.000542s ]
SQL: SHOW COLUMNS FROM `ms_favorite` [ RunTime:0.005572s ]
SQL: SELECT COUNT(*) AS tp_count FROM `ms_favorite` WHERE ( aid =2 ) LIMIT 1   [ RunTime:0.001348s ]

[ 2014-03-26T16:08:02+08:00 ] 127.0.0.1 /test/index/tougao
INFO: [ app_begin ] --START--
INFO: ReadHtmlCache Behavior ::run [ RunTime:0.002796s ]
INFO: [ app_begin ] --END-- [ RunTime:0.002920s ]
SQL: SHOW COLUMNS FROM `ms_member` [ RunTime:0.006699s ]
SQL: SELECT `uid`,`tid`,`uname`,`phone`,`coin`,`lastdate`,`style` FROM `ms_member` WHERE ( uid=20 ) LIMIT 1   [ RunTime:0.001104s ]
SQL: SHOW COLUMNS FROM `ms_article` [ RunTime:0.006686s ]
SQL: INSERT INTO `ms_article` (`title`,`content`,`create_time`,`uid`) VALUES ('王家长，在线投篇稿件，看看效果~！','王家长，在线投篇稿件，看看效果~！王家长，在线投篇稿件，看看效果~！王家长，在线投篇稿件，看看效果~！王家长，在线投篇稿件，看看效果~！王家长，在线投篇稿件，看看效果~！王家长，在线投篇稿件，看看效果~！王家长，在线投篇稿件，看看效果~！王家长，在线投篇稿件，看看效果~！王家长，在线投篇稿件，看看效果~！王家长，在线投篇稿件，看看效果~！王家长，在线投篇稿件，看看效果~！王家长，在线投篇稿件，看看效果~！王家长，在线投篇稿件，看看效果~！王家长，在线投篇稿件，看看效果~！王家长，在线投篇稿件，看看效果~！王家长，在线投篇稿件，看看效果~！王家长，在线投篇稿件，看看效果~！王家长，在线投篇稿件，看看效果~！王家长，在线投篇稿件，看看效果~！王家长，在线投篇稿件，看看效果~！王家长，在线投篇稿件，看看效果~！王家长，在线投篇稿件，看看效果~！王家长，在线投篇稿件，看看效果~！王家长，在线投篇稿件，看看效果~！王家长，在线投篇稿件，看看效果~！王家长，在线投篇稿件，看看效果~！王家长，在线投篇稿件，看看效果~！王家长，在线投篇稿件，看看效果~！王家长，在线投篇稿件，看看效果~！王家长，在线投篇稿件，看看效果~！王家长，在线投篇稿件，看看效果~！王家长，在线投篇稿件，看看效果~！王家长，在线投篇稿件，看看效果~！王家长，在线投篇稿件，看看效果~！王家长，在线投篇稿件，看看效果~！王家长，在线投篇稿件，看看效果~！王家长，在线投篇稿件，看看效果~！王家长，在线投篇稿件，看看效果~！王家长，在线投篇稿件，看看效果~！王家长，在线投篇稿件，看看效果~！王家长，在线投篇稿件，看看效果~！王家长，在线投篇稿件，看看效果~！王家长，在线投篇稿件，看看效果~！王家长，在线投篇稿件，看看效果~！王家长，在线投篇稿件，看看效果~！王家长，在线投篇稿件，看看效果~！王家长，在线投篇稿件，看看效果~！王家长，在线投篇稿件，看看效果~！王家长，在线投篇稿件，看看效果~！王家长，在线投篇稿件，看看效果~！',1395821282,20) [ RunTime:0.001460s ]

[ 2014-03-26T16:08:05+08:00 ] 127.0.0.1 /test/active/active_show?year=2014&month=3
INFO: [ app_begin ] --START--
INFO: ReadHtmlCache Behavior ::run [ RunTime:0.000607s ]
INFO: [ app_begin ] --END-- [ RunTime:0.000717s ]
SQL: SHOW COLUMNS FROM `ms_member` [ RunTime:0.006816s ]
SQL: SELECT `uid`,`tid`,`uname`,`phone`,`coin`,`lastdate`,`style` FROM `ms_member` WHERE ( uid=20 ) LIMIT 1   [ RunTime:0.000806s ]
SQL: SHOW COLUMNS FROM `ms_active` [ RunTime:0.006835s ]
SQL: SELECT * FROM `ms_active` WHERE ( year='2014' and month=3 and day in (1,2,3,4,5,6,7,8,9,10,11,12,13,14,15,16,17,18,19,20,21,22,23,24,25,26,27,28,29,30,31) )  [ RunTime:0.001116s ]

[ 2014-03-26T16:10:09+08:00 ] 127.0.0.1 /test/active/active_show?year=2014&month=3
INFO: [ app_begin ] --START--
INFO: ReadHtmlCache Behavior ::run [ RunTime:0.000611s ]
INFO: [ app_begin ] --END-- [ RunTime:0.000721s ]
SQL: SHOW COLUMNS FROM `ms_member` [ RunTime:0.006709s ]
SQL: SELECT `uid`,`tid`,`uname`,`phone`,`coin`,`lastdate`,`style` FROM `ms_member` WHERE ( uid=20 ) LIMIT 1   [ RunTime:0.000993s ]
SQL: SHOW COLUMNS FROM `ms_active` [ RunTime:0.006045s ]
SQL: SELECT * FROM `ms_active` WHERE ( year='2014' and month=3 and day in (1,2,3,4,5,6,7,8,9,10,11,12,13,14,15,16,17,18,19,20,21,22,23,24,25,26,27,28,29,30,31) )  [ RunTime:0.001287s ]

[ 2014-03-26T16:10:51+08:00 ] 127.0.0.1 /test/index/tougao
INFO: [ app_begin ] --START--
INFO: ReadHtmlCache Behavior ::run [ RunTime:0.000612s ]
INFO: [ app_begin ] --END-- [ RunTime:0.000720s ]
SQL: SHOW COLUMNS FROM `ms_member` [ RunTime:0.006734s ]
SQL: SELECT `uid`,`tid`,`uname`,`phone`,`coin`,`lastdate`,`style` FROM `ms_member` WHERE ( uid=20 ) LIMIT 1   [ RunTime:0.000967s ]
SQL: SHOW COLUMNS FROM `ms_article` [ RunTime:0.006473s ]
SQL: INSERT INTO `ms_article` (`title`,`content`,`ishid`,`create_time`,`uid`) VALUES ('王家长，如果要求匿名投稿呢？','王家长，如果要求匿名投稿呢？王家长，如果要求匿名投稿呢？王家长，如果要求匿名投稿呢？王家长，如果要求匿名投稿呢？王家长，如果要求匿名投稿呢？王家长，如果要求匿名投稿呢？王家长，如果要求匿名投稿呢？王家长，如果要求匿名投稿呢？王家长，如果要求匿名投稿呢？王家长，如果要求匿名投稿呢？王家长，如果要求匿名投稿呢？王家长，如果要求匿名投稿呢？王家长，如果要求匿名投稿呢？王家长，如果要求匿名投稿呢？王家长，如果要求匿名投稿呢？王家长，如果要求匿名投稿呢？王家长，如果要求匿名投稿呢？王家长，如果要求匿名投稿呢？王家长，如果要求匿名投稿呢？王家长，如果要求匿名投稿呢？王家长，如果要求匿名投稿呢？王家长，如果要求匿名投稿呢？王家长，如果要求匿名投稿呢？王家长，如果要求匿名投稿呢？王家长，如果要求匿名投稿呢？王家长，如果要求匿名投稿呢？王家长，如果要求匿名投稿呢？王家长，如果要求匿名投稿呢？王家长，如果要求匿名投稿呢？王家长，如果要求匿名投稿呢？王家长，如果要求匿名投稿呢？王家长，如果要求匿名投稿呢？王家长，如果要求匿名投稿呢？王家长，如果要求匿名投稿呢？王家长，如果要求匿名投稿呢？王家长，如果要求匿名投稿呢？王家长，如果要求匿名投稿呢？王家长，如果要求匿名投稿呢？王家长，如果要求匿名投稿呢？王家长，如果要求匿名投稿呢？王家长，如果要求匿名投稿呢？王家长，如果要求匿名投稿呢？王家长，如果要求匿名投稿呢？王家长，如果要求匿名投稿呢？王家长，如果要求匿名投稿呢？王家长，如果要求匿名投稿呢？王家长，如果要求匿名投稿呢？王家长，如果要求匿名投稿呢？王家长，如果要求匿名投稿呢？王家长，如果要求匿名投稿呢？王家长，如果要求匿名投稿呢？王家长，如果要求匿名投稿呢？王家长，如果要求匿名投稿呢？王家长，如果要求匿名投稿呢？王家长，如果要求匿名投稿呢？王家长，如果要求匿名投稿呢？王家长，如果要求匿名投稿呢？王家长，如果要求匿名投稿呢？王家长，如果要求匿名投稿呢？王家长，如果要求匿名投稿呢？王家长，如果要求匿名投稿呢？王家长，如果要求匿名投稿呢？王家长，如果要求匿名投稿呢？王家长，如果要求匿名投稿呢？王家长，如果要求匿名投稿呢？',1,1395821451,20) [ RunTime:0.001075s ]

[ 2014-03-26T16:10:55+08:00 ] 127.0.0.1 /test/active/active_show?year=2014&month=3
INFO: [ app_begin ] --START--
INFO: ReadHtmlCache Behavior ::run [ RunTime:0.000613s ]
INFO: [ app_begin ] --END-- [ RunTime:0.000718s ]
SQL: SHOW COLUMNS FROM `ms_member` [ RunTime:0.006744s ]
SQL: SELECT `uid`,`tid`,`uname`,`phone`,`coin`,`lastdate`,`style` FROM `ms_member` WHERE ( uid=20 ) LIMIT 1   [ RunTime:0.001134s ]
SQL: SHOW COLUMNS FROM `ms_active` [ RunTime:0.006006s ]
SQL: SELECT * FROM `ms_active` WHERE ( year='2014' and month=3 and day in (1,2,3,4,5,6,7,8,9,10,11,12,13,14,15,16,17,18,19,20,21,22,23,24,25,26,27,28,29,30,31) )  [ RunTime:0.001284s ]

[ 2014-03-26T16:11:00+08:00 ] 127.0.0.1 /test/active/active_show?year=2014&month=3
INFO: [ app_begin ] --START--
INFO: ReadHtmlCache Behavior ::run [ RunTime:0.000631s ]
INFO: [ app_begin ] --END-- [ RunTime:0.000734s ]
SQL: SHOW COLUMNS FROM `ms_member` [ RunTime:0.006739s ]
SQL: SELECT `uid`,`tid`,`uname`,`phone`,`coin`,`lastdate`,`style` FROM `ms_member` WHERE ( uid=20 ) LIMIT 1   [ RunTime:0.001300s ]
SQL: SHOW COLUMNS FROM `ms_active` [ RunTime:0.006062s ]
SQL: SELECT * FROM `ms_active` WHERE ( year='2014' and month=3 and day in (1,2,3,4,5,6,7,8,9,10,11,12,13,14,15,16,17,18,19,20,21,22,23,24,25,26,27,28,29,30,31) )  [ RunTime:0.001156s ]

[ 2014-03-26T16:11:17+08:00 ] 127.0.0.1 /test/active/active_show?year=2014&month=3
INFO: [ app_begin ] --START--
INFO: ReadHtmlCache Behavior ::run [ RunTime:0.000600s ]
INFO: [ app_begin ] --END-- [ RunTime:0.000704s ]
SQL: SHOW COLUMNS FROM `ms_member` [ RunTime:0.006807s ]
SQL: SELECT `uid`,`tid`,`uname`,`phone`,`coin`,`lastdate`,`style` FROM `ms_member` WHERE ( uid=20 ) LIMIT 1   [ RunTime:0.000942s ]
SQL: SHOW COLUMNS FROM `ms_active` [ RunTime:0.006620s ]
SQL: SELECT * FROM `ms_active` WHERE ( year='2014' and month=3 and day in (1,2,3,4,5,6,7,8,9,10,11,12,13,14,15,16,17,18,19,20,21,22,23,24,25,26,27,28,29,30,31) )  [ RunTime:0.001286s ]

[ 2014-03-26T16:11:21+08:00 ] 127.0.0.1 /test/active/active_show?year=2014&month=3
INFO: [ app_begin ] --START--
INFO: ReadHtmlCache Behavior ::run [ RunTime:0.000613s ]
INFO: [ app_begin ] --END-- [ RunTime:0.000719s ]
SQL: SHOW COLUMNS FROM `ms_member` [ RunTime:0.006697s ]
SQL: SELECT `uid`,`tid`,`uname`,`phone`,`coin`,`lastdate`,`style` FROM `ms_member` WHERE ( uid=20 ) LIMIT 1   [ RunTime:0.000939s ]
SQL: SHOW COLUMNS FROM `ms_active` [ RunTime:0.006144s ]
SQL: SELECT * FROM `ms_active` WHERE ( year='2014' and month=3 and day in (1,2,3,4,5,6,7,8,9,10,11,12,13,14,15,16,17,18,19,20,21,22,23,24,25,26,27,28,29,30,31) )  [ RunTime:0.001165s ]

[ 2014-03-26T16:15:42+08:00 ] 127.0.0.1 /test/active/active_show?year=2014&month=3
INFO: [ app_begin ] --START--
INFO: ReadHtmlCache Behavior ::run [ RunTime:0.000611s ]
INFO: [ app_begin ] --END-- [ RunTime:0.000719s ]
SQL: SHOW COLUMNS FROM `ms_member` [ RunTime:0.006765s ]
SQL: SELECT `uid`,`tid`,`uname`,`phone`,`coin`,`lastdate`,`style` FROM `ms_member` WHERE ( uid=20 ) LIMIT 1   [ RunTime:0.001043s ]
SQL: SHOW COLUMNS FROM `ms_active` [ RunTime:0.006143s ]
SQL: SELECT * FROM `ms_active` WHERE ( year='2014' and month=3 and day in (1,2,3,4,5,6,7,8,9,10,11,12,13,14,15,16,17,18,19,20,21,22,23,24,25,26,27,28,29,30,31) )  [ RunTime:0.001253s ]

[ 2014-03-26T16:16:41+08:00 ] 127.0.0.1 /test/active/active_show?year=2014&month=3
INFO: [ app_begin ] --START--
INFO: ReadHtmlCache Behavior ::run [ RunTime:0.000611s ]
INFO: [ app_begin ] --END-- [ RunTime:0.000716s ]
SQL: SHOW COLUMNS FROM `ms_member` [ RunTime:0.006709s ]
SQL: SELECT `uid`,`tid`,`uname`,`phone`,`coin`,`lastdate`,`style` FROM `ms_member` WHERE ( uid=20 ) LIMIT 1   [ RunTime:0.001222s ]
SQL: SHOW COLUMNS FROM `ms_active` [ RunTime:0.006223s ]
SQL: SELECT * FROM `ms_active` WHERE ( year='2014' and month=3 and day in (1,2,3,4,5,6,7,8,9,10,11,12,13,14,15,16,17,18,19,20,21,22,23,24,25,26,27,28,29,30,31) )  [ RunTime:0.001172s ]

[ 2014-03-26T16:28:57+08:00 ] 127.0.0.1 /test/active/active_show?year=2014&month=3
INFO: [ app_begin ] --START--
INFO: ReadHtmlCache Behavior ::run [ RunTime:0.004032s ]
INFO: [ app_begin ] --END-- [ RunTime:0.004149s ]
SQL: SHOW COLUMNS FROM `ms_member` [ RunTime:0.006872s ]
SQL: SELECT `uid`,`tid`,`uname`,`phone`,`coin`,`lastdate`,`style` FROM `ms_member` WHERE ( uid=20 ) LIMIT 1   [ RunTime:0.000977s ]
SQL: SHOW COLUMNS FROM `ms_active` [ RunTime:0.006212s ]
SQL: SELECT * FROM `ms_active` WHERE ( year='2014' and month=3 and day in (1,2,3,4,5,6,7,8,9,10,11,12,13,14,15,16,17,18,19,20,21,22,23,24,25,26,27,28,29,30,31) )  [ RunTime:0.001317s ]

[ 2014-03-26T16:29:19+08:00 ] 127.0.0.1 /test/active/active_show?year=2014&month=3
INFO: [ app_begin ] --START--
INFO: ReadHtmlCache Behavior ::run [ RunTime:0.003942s ]
INFO: [ app_begin ] --END-- [ RunTime:0.004052s ]
SQL: SHOW COLUMNS FROM `ms_member` [ RunTime:0.007057s ]
SQL: SELECT `uid`,`tid`,`uname`,`phone`,`coin`,`lastdate`,`style` FROM `ms_member` WHERE ( uid=20 ) LIMIT 1   [ RunTime:0.001103s ]
SQL: SHOW COLUMNS FROM `ms_active` [ RunTime:0.006053s ]
SQL: SELECT * FROM `ms_active` WHERE ( year='2014' and month=3 and day in (1,2,3,4,5,6,7,8,9,10,11,12,13,14,15,16,17,18,19,20,21,22,23,24,25,26,27,28,29,30,31) )  [ RunTime:0.001410s ]

[ 2014-03-26T16:29:26+08:00 ] 127.0.0.1 /test/active/active_show?year=2014&month=3
INFO: [ app_begin ] --START--
INFO: ReadHtmlCache Behavior ::run [ RunTime:0.004388s ]
INFO: [ app_begin ] --END-- [ RunTime:0.004507s ]
SQL: SHOW COLUMNS FROM `ms_member` [ RunTime:0.007033s ]
SQL: SELECT `uid`,`tid`,`uname`,`phone`,`coin`,`lastdate`,`style` FROM `ms_member` WHERE ( uid=20 ) LIMIT 1   [ RunTime:0.001606s ]
SQL: SHOW COLUMNS FROM `ms_active` [ RunTime:0.006315s ]
SQL: SELECT * FROM `ms_active` WHERE ( year='2014' and month=3 and day in (1,2,3,4,5,6,7,8,9,10,11,12,13,14,15,16,17,18,19,20,21,22,23,24,25,26,27,28,29,30,31) )  [ RunTime:0.001170s ]

[ 2014-03-26T16:31:55+08:00 ] 127.0.0.1 /test/active/active_show?year=2014&month=3
INFO: [ app_begin ] --START--
INFO: ReadHtmlCache Behavior ::run [ RunTime:0.003848s ]
INFO: [ app_begin ] --END-- [ RunTime:0.003957s ]
SQL: SHOW COLUMNS FROM `ms_member` [ RunTime:0.006581s ]
SQL: SELECT `uid`,`tid`,`uname`,`phone`,`coin`,`lastdate`,`style` FROM `ms_member` WHERE ( uid=20 ) LIMIT 1   [ RunTime:0.001000s ]
SQL: SHOW COLUMNS FROM `ms_active` [ RunTime:0.006132s ]
SQL: SELECT * FROM `ms_active` WHERE ( year='2014' and month=3 and day in (1,2,3,4,5,6,7,8,9,10,11,12,13,14,15,16,17,18,19,20,21,22,23,24,25,26,27,28,29,30,31) )  [ RunTime:0.001123s ]

[ 2014-03-26T16:32:22+08:00 ] 127.0.0.1 /test/active/active_show?year=2014&month=3
INFO: [ app_begin ] --START--
INFO: ReadHtmlCache Behavior ::run [ RunTime:0.004045s ]
INFO: [ app_begin ] --END-- [ RunTime:0.004156s ]
SQL: SHOW COLUMNS FROM `ms_member` [ RunTime:0.006871s ]
SQL: SELECT `uid`,`tid`,`uname`,`phone`,`coin`,`lastdate`,`style` FROM `ms_member` WHERE ( uid=20 ) LIMIT 1   [ RunTime:0.000931s ]
SQL: SHOW COLUMNS FROM `ms_active` [ RunTime:0.006006s ]
SQL: SELECT * FROM `ms_active` WHERE ( year='2014' and month=3 and day in (1,2,3,4,5,6,7,8,9,10,11,12,13,14,15,16,17,18,19,20,21,22,23,24,25,26,27,28,29,30,31) )  [ RunTime:0.001105s ]

[ 2014-03-26T16:33:54+08:00 ] 127.0.0.1 /test/active/active_show?year=2014&month=3
INFO: [ app_begin ] --START--
INFO: ReadHtmlCache Behavior ::run [ RunTime:0.003845s ]
INFO: [ app_begin ] --END-- [ RunTime:0.003953s ]
SQL: SHOW COLUMNS FROM `ms_member` [ RunTime:0.006704s ]
SQL: SELECT `uid`,`tid`,`uname`,`phone`,`coin`,`lastdate`,`style` FROM `ms_member` WHERE ( uid=20 ) LIMIT 1   [ RunTime:0.000979s ]
SQL: SHOW COLUMNS FROM `ms_active` [ RunTime:0.006727s ]
SQL: SELECT * FROM `ms_active` WHERE ( year='2014' and month=3 and day in (1,2,3,4,5,6,7,8,9,10,11,12,13,14,15,16,17,18,19,20,21,22,23,24,25,26,27,28,29,30,31) )  [ RunTime:0.001208s ]

[ 2014-03-26T16:34:00+08:00 ] 127.0.0.1 /test/active/active_show?year=2014&month=3
INFO: [ app_begin ] --START--
INFO: ReadHtmlCache Behavior ::run [ RunTime:0.002743s ]
INFO: [ app_begin ] --END-- [ RunTime:0.002858s ]
SQL: SHOW COLUMNS FROM `ms_member` [ RunTime:0.006781s ]
SQL: SELECT `uid`,`tid`,`uname`,`phone`,`coin`,`lastdate`,`style` FROM `ms_member` WHERE ( uid=20 ) LIMIT 1   [ RunTime:0.001122s ]
SQL: SHOW COLUMNS FROM `ms_active` [ RunTime:0.006440s ]
SQL: SELECT * FROM `ms_active` WHERE ( year='2014' and month=3 and day in (1,2,3,4,5,6,7,8,9,10,11,12,13,14,15,16,17,18,19,20,21,22,23,24,25,26,27,28,29,30,31) )  [ RunTime:0.001189s ]

[ 2014-03-26T16:36:08+08:00 ] 127.0.0.1 /test/active/active_show?year=2014&month=3
INFO: [ app_begin ] --START--
INFO: ReadHtmlCache Behavior ::run [ RunTime:0.005114s ]
INFO: [ app_begin ] --END-- [ RunTime:0.005268s ]
SQL: SHOW COLUMNS FROM `ms_member` [ RunTime:0.006805s ]
SQL: SELECT `uid`,`tid`,`uname`,`phone`,`coin`,`lastdate`,`style` FROM `ms_member` WHERE ( uid=20 ) LIMIT 1   [ RunTime:0.000994s ]
SQL: SHOW COLUMNS FROM `ms_active` [ RunTime:0.006129s ]
SQL: SELECT * FROM `ms_active` WHERE ( year='2014' and month=3 and day in (1,2,3,4,5,6,7,8,9,10,11,12,13,14,15,16,17,18,19,20,21,22,23,24,25,26,27,28,29,30,31) )  [ RunTime:0.001266s ]

[ 2014-03-26T16:37:10+08:00 ] 127.0.0.1 /test/active/active_show?year=2014&month=3
INFO: [ app_begin ] --START--
INFO: ReadHtmlCache Behavior ::run [ RunTime:0.003925s ]
INFO: [ app_begin ] --END-- [ RunTime:0.004042s ]
SQL: SHOW COLUMNS FROM `ms_member` [ RunTime:0.006869s ]
SQL: SELECT `uid`,`tid`,`uname`,`phone`,`coin`,`lastdate`,`style` FROM `ms_member` WHERE ( uid=20 ) LIMIT 1   [ RunTime:0.001174s ]
SQL: SHOW COLUMNS FROM `ms_active` [ RunTime:0.006178s ]
SQL: SELECT * FROM `ms_active` WHERE ( year='2014' and month=3 and day in (1,2,3,4,5,6,7,8,9,10,11,12,13,14,15,16,17,18,19,20,21,22,23,24,25,26,27,28,29,30,31) )  [ RunTime:0.001094s ]

[ 2014-03-26T16:37:24+08:00 ] 127.0.0.1 /test/active/active_show?year=2014&month=3
INFO: [ app_begin ] --START--
INFO: ReadHtmlCache Behavior ::run [ RunTime:0.004977s ]
INFO: [ app_begin ] --END-- [ RunTime:0.005103s ]
SQL: SHOW COLUMNS FROM `ms_member` [ RunTime:0.006686s ]
SQL: SELECT `uid`,`tid`,`uname`,`phone`,`coin`,`lastdate`,`style` FROM `ms_member` WHERE ( uid=20 ) LIMIT 1   [ RunTime:0.000945s ]
SQL: SHOW COLUMNS FROM `ms_active` [ RunTime:0.006028s ]
SQL: SELECT * FROM `ms_active` WHERE ( year='2014' and month=3 and day in (1,2,3,4,5,6,7,8,9,10,11,12,13,14,15,16,17,18,19,20,21,22,23,24,25,26,27,28,29,30,31) )  [ RunTime:0.001159s ]

[ 2014-03-26T16:39:01+08:00 ] 127.0.0.1 /test/active/active_show?year=2014&month=3
INFO: [ app_begin ] --START--
INFO: ReadHtmlCache Behavior ::run [ RunTime:0.004127s ]
INFO: [ app_begin ] --END-- [ RunTime:0.004263s ]
SQL: SHOW COLUMNS FROM `ms_member` [ RunTime:0.006740s ]
SQL: SELECT `uid`,`tid`,`uname`,`phone`,`coin`,`lastdate`,`style` FROM `ms_member` WHERE ( uid=20 ) LIMIT 1   [ RunTime:0.001131s ]
SQL: SHOW COLUMNS FROM `ms_active` [ RunTime:0.006049s ]
SQL: SELECT * FROM `ms_active` WHERE ( year='2014' and month=3 and day in (1,2,3,4,5,6,7,8,9,10,11,12,13,14,15,16,17,18,19,20,21,22,23,24,25,26,27,28,29,30,31) )  [ RunTime:0.001259s ]

[ 2014-03-26T16:43:19+08:00 ] 127.0.0.1 /test/active/active_show?year=2014&month=3
INFO: [ app_begin ] --START--
INFO: ReadHtmlCache Behavior ::run [ RunTime:0.000616s ]
INFO: [ app_begin ] --END-- [ RunTime:0.000724s ]
SQL: SHOW COLUMNS FROM `ms_member` [ RunTime:0.006794s ]
SQL: SELECT `uid`,`tid`,`uname`,`phone`,`coin`,`lastdate`,`style` FROM `ms_member` WHERE ( uid=20 ) LIMIT 1   [ RunTime:0.001137s ]
SQL: SHOW COLUMNS FROM `ms_active` [ RunTime:0.005946s ]
SQL: SELECT * FROM `ms_active` WHERE ( year='2014' and month=3 and day in (1,2,3,4,5,6,7,8,9,10,11,12,13,14,15,16,17,18,19,20,21,22,23,24,25,26,27,28,29,30,31) )  [ RunTime:0.001239s ]

[ 2014-03-26T16:43:30+08:00 ] 127.0.0.1 /test/active/active_show?year=2014&month=3
INFO: [ app_begin ] --START--
INFO: ReadHtmlCache Behavior ::run [ RunTime:0.000604s ]
INFO: [ app_begin ] --END-- [ RunTime:0.000754s ]
SQL: SHOW COLUMNS FROM `ms_member` [ RunTime:0.006685s ]
SQL: SELECT `uid`,`tid`,`uname`,`phone`,`coin`,`lastdate`,`style` FROM `ms_member` WHERE ( uid=20 ) LIMIT 1   [ RunTime:0.001200s ]
SQL: SHOW COLUMNS FROM `ms_active` [ RunTime:0.006153s ]
SQL: SELECT * FROM `ms_active` WHERE ( year='2014' and month=3 and day in (1,2,3,4,5,6,7,8,9,10,11,12,13,14,15,16,17,18,19,20,21,22,23,24,25,26,27,28,29,30,31) )  [ RunTime:0.001165s ]

[ 2014-03-26T16:43:42+08:00 ] 127.0.0.1 /test/active/active_show?year=2014&month=3
INFO: [ app_begin ] --START--
INFO: ReadHtmlCache Behavior ::run [ RunTime:0.002885s ]
INFO: [ app_begin ] --END-- [ RunTime:0.003007s ]
SQL: SHOW COLUMNS FROM `ms_member` [ RunTime:0.006845s ]
SQL: SELECT `uid`,`tid`,`uname`,`phone`,`coin`,`lastdate`,`style` FROM `ms_member` WHERE ( uid=20 ) LIMIT 1   [ RunTime:0.000934s ]
SQL: SHOW COLUMNS FROM `ms_active` [ RunTime:0.006227s ]
SQL: SELECT * FROM `ms_active` WHERE ( year='2014' and month=3 and day in (1,2,3,4,5,6,7,8,9,10,11,12,13,14,15,16,17,18,19,20,21,22,23,24,25,26,27,28,29,30,31) )  [ RunTime:0.001109s ]

[ 2014-03-26T16:45:41+08:00 ] 127.0.0.1 /test/active/active_show?year=2014&month=3
INFO: [ app_begin ] --START--
INFO: ReadHtmlCache Behavior ::run [ RunTime:0.001795s ]
INFO: [ app_begin ] --END-- [ RunTime:0.001911s ]
SQL: SHOW COLUMNS FROM `ms_member` [ RunTime:0.006873s ]
SQL: SELECT `uid`,`tid`,`uname`,`phone`,`coin`,`lastdate`,`style` FROM `ms_member` WHERE ( uid=20 ) LIMIT 1   [ RunTime:0.001086s ]
SQL: SHOW COLUMNS FROM `ms_active` [ RunTime:0.005851s ]
SQL: SELECT * FROM `ms_active` WHERE ( year='2014' and month=3 and day in (1,2,3,4,5,6,7,8,9,10,11,12,13,14,15,16,17,18,19,20,21,22,23,24,25,26,27,28,29,30,31) )  [ RunTime:0.001227s ]

[ 2014-03-26T16:46:32+08:00 ] 127.0.0.1 /test/active/active_show?year=2014&month=3
INFO: [ app_begin ] --START--
INFO: ReadHtmlCache Behavior ::run [ RunTime:0.001694s ]
INFO: [ app_begin ] --END-- [ RunTime:0.001811s ]
SQL: SHOW COLUMNS FROM `ms_member` [ RunTime:0.006784s ]
SQL: SELECT `uid`,`tid`,`uname`,`phone`,`coin`,`lastdate`,`style` FROM `ms_member` WHERE ( uid=20 ) LIMIT 1   [ RunTime:0.001052s ]
SQL: SHOW COLUMNS FROM `ms_active` [ RunTime:0.006087s ]
SQL: SELECT * FROM `ms_active` WHERE ( year='2014' and month=3 and day in (1,2,3,4,5,6,7,8,9,10,11,12,13,14,15,16,17,18,19,20,21,22,23,24,25,26,27,28,29,30,31) )  [ RunTime:0.001339s ]

[ 2014-03-26T16:48:33+08:00 ] 127.0.0.1 /test/active/active_show?year=2014&month=3
INFO: [ app_begin ] --START--
INFO: ReadHtmlCache Behavior ::run [ RunTime:0.001701s ]
INFO: [ app_begin ] --END-- [ RunTime:0.001817s ]
SQL: SHOW COLUMNS FROM `ms_member` [ RunTime:0.006800s ]
SQL: SELECT `uid`,`tid`,`uname`,`phone`,`coin`,`lastdate`,`style` FROM `ms_member` WHERE ( uid=20 ) LIMIT 1   [ RunTime:0.000969s ]
SQL: SHOW COLUMNS FROM `ms_active` [ RunTime:0.006482s ]
SQL: SELECT * FROM `ms_active` WHERE ( year='2014' and month=3 and day in (1,2,3,4,5,6,7,8,9,10,11,12,13,14,15,16,17,18,19,20,21,22,23,24,25,26,27,28,29,30,31) )  [ RunTime:0.001232s ]

[ 2014-03-26T16:48:54+08:00 ] 127.0.0.1 /test/active/active_show?year=2014&month=3
INFO: [ app_begin ] --START--
INFO: ReadHtmlCache Behavior ::run [ RunTime:0.001687s ]
INFO: [ app_begin ] --END-- [ RunTime:0.001800s ]
SQL: SHOW COLUMNS FROM `ms_member` [ RunTime:0.006818s ]
SQL: SELECT `uid`,`tid`,`uname`,`phone`,`coin`,`lastdate`,`style` FROM `ms_member` WHERE ( uid=20 ) LIMIT 1   [ RunTime:0.000985s ]
SQL: SHOW COLUMNS FROM `ms_active` [ RunTime:0.006064s ]
SQL: SELECT * FROM `ms_active` WHERE ( year='2014' and month=3 and day in (1,2,3,4,5,6,7,8,9,10,11,12,13,14,15,16,17,18,19,20,21,22,23,24,25,26,27,28,29,30,31) )  [ RunTime:0.001197s ]

[ 2014-03-26T16:49:18+08:00 ] 127.0.0.1 /test/active/active_show?year=2014&month=3
INFO: [ app_begin ] --START--
INFO: ReadHtmlCache Behavior ::run [ RunTime:0.001676s ]
INFO: [ app_begin ] --END-- [ RunTime:0.001788s ]
SQL: SHOW COLUMNS FROM `ms_member` [ RunTime:0.006817s ]
SQL: SELECT `uid`,`tid`,`uname`,`phone`,`coin`,`lastdate`,`style` FROM `ms_member` WHERE ( uid=20 ) LIMIT 1   [ RunTime:0.001109s ]
SQL: SHOW COLUMNS FROM `ms_active` [ RunTime:0.006098s ]
SQL: SELECT * FROM `ms_active` WHERE ( year='2014' and month=3 and day in (1,2,3,4,5,6,7,8,9,10,11,12,13,14,15,16,17,18,19,20,21,22,23,24,25,26,27,28,29,30,31) )  [ RunTime:0.001236s ]

[ 2014-03-26T16:50:06+08:00 ] 127.0.0.1 /test/index/addFavorite?&title=%E7%8E%8B%E5%AE%B6%E9%95%BF%EF%BC%8C%E5%A6%82%E6%9E%9C%E8%A6%81%E6%B1%82%E5%8C%BF%E5%90%8D%E6%8A%95%E7%A8%BF%E5%91%A2%EF%BC%9F&aid=4&url=http%3A%2F%2Flocalhost%2Ftest%2Findex%2Fcontent%2Faid%2F4&math=475
INFO: [ app_begin ] --START--
INFO: ReadHtmlCache Behavior ::run [ RunTime:0.000611s ]
INFO: [ app_begin ] --END-- [ RunTime:0.000716s ]
SQL: SHOW COLUMNS FROM `ms_member` [ RunTime:0.006646s ]
SQL: SELECT `uid`,`tid`,`uname`,`phone`,`coin`,`lastdate`,`style` FROM `ms_member` WHERE ( uid=20 ) LIMIT 1   [ RunTime:0.001012s ]
SQL: SHOW COLUMNS FROM `ms_favorite` [ RunTime:0.005635s ]
SQL: SELECT * FROM `ms_favorite` WHERE ( aid='4' and uid=20 ) LIMIT 1   [ RunTime:0.001369s ]
SQL: INSERT INTO `ms_favorite` (`title`,`url`,`aid`,`adddate`,`uid`) VALUES ('王家长，如果要求匿名投稿呢？','http://localhost/test/index/content/aid/4',4,1395823806,20) [ RunTime:0.000562s ]
SQL: SHOW COLUMNS FROM `ms_favorite` [ RunTime:0.005688s ]
SQL: SELECT COUNT(*) AS tp_count FROM `ms_favorite` WHERE ( aid =4 ) LIMIT 1   [ RunTime:0.001281s ]

[ 2014-03-26T17:01:14+08:00 ] 127.0.0.1 /test/active/active_show?year=2014&month=3
INFO: [ app_begin ] --START--
INFO: ReadHtmlCache Behavior ::run [ RunTime:0.001829s ]
INFO: [ app_begin ] --END-- [ RunTime:0.001951s ]
SQL: SHOW COLUMNS FROM `ms_member` [ RunTime:0.006924s ]
SQL: SELECT `uid`,`tid`,`uname`,`phone`,`coin`,`lastdate`,`style` FROM `ms_member` WHERE ( uid=20 ) LIMIT 1   [ RunTime:0.001040s ]
SQL: SHOW COLUMNS FROM `ms_active` [ RunTime:0.006105s ]
SQL: SELECT * FROM `ms_active` WHERE ( year='2014' and month=3 and day in (1,2,3,4,5,6,7,8,9,10,11,12,13,14,15,16,17,18,19,20,21,22,23,24,25,26,27,28,29,30,31) )  [ RunTime:0.001152s ]

[ 2014-03-26T17:06:16+08:00 ] 127.0.0.1 /test/active/active_show?year=2014&month=3
INFO: [ app_begin ] --START--
INFO: ReadHtmlCache Behavior ::run [ RunTime:0.001696s ]
INFO: [ app_begin ] --END-- [ RunTime:0.001812s ]
SQL: SHOW COLUMNS FROM `ms_member` [ RunTime:0.007180s ]
SQL: SELECT `uid`,`tid`,`uname`,`phone`,`coin`,`lastdate`,`style` FROM `ms_member` WHERE ( uid=20 ) LIMIT 1   [ RunTime:0.000886s ]
SQL: SHOW COLUMNS FROM `ms_active` [ RunTime:0.007104s ]
SQL: SELECT * FROM `ms_active` WHERE ( year='2014' and month=3 and day in (1,2,3,4,5,6,7,8,9,10,11,12,13,14,15,16,17,18,19,20,21,22,23,24,25,26,27,28,29,30,31) )  [ RunTime:0.001190s ]

[ 2014-03-26T17:06:22+08:00 ] 127.0.0.1 /test/active/active_show?year=2014&month=3
INFO: [ app_begin ] --START--
INFO: ReadHtmlCache Behavior ::run [ RunTime:0.002268s ]
INFO: [ app_begin ] --END-- [ RunTime:0.002426s ]
SQL: SHOW COLUMNS FROM `ms_member` [ RunTime:0.006685s ]
SQL: SELECT `uid`,`tid`,`uname`,`phone`,`coin`,`lastdate`,`style` FROM `ms_member` WHERE ( uid=20 ) LIMIT 1   [ RunTime:0.000863s ]
SQL: SHOW COLUMNS FROM `ms_active` [ RunTime:0.006210s ]
SQL: SELECT * FROM `ms_active` WHERE ( year='2014' and month=3 and day in (1,2,3,4,5,6,7,8,9,10,11,12,13,14,15,16,17,18,19,20,21,22,23,24,25,26,27,28,29,30,31) )  [ RunTime:0.001179s ]

[ 2014-03-26T17:06:30+08:00 ] 127.0.0.1 /test/active/active_show?year=2014&month=3
INFO: [ app_begin ] --START--
INFO: ReadHtmlCache Behavior ::run [ RunTime:0.001710s ]
INFO: [ app_begin ] --END-- [ RunTime:0.001827s ]
SQL: SHOW COLUMNS FROM `ms_member` [ RunTime:0.006754s ]
SQL: SELECT `uid`,`tid`,`uname`,`phone`,`coin`,`lastdate`,`style` FROM `ms_member` WHERE ( uid=20 ) LIMIT 1   [ RunTime:0.001075s ]
SQL: SHOW COLUMNS FROM `ms_active` [ RunTime:0.006295s ]
SQL: SELECT * FROM `ms_active` WHERE ( year='2014' and month=3 and day in (1,2,3,4,5,6,7,8,9,10,11,12,13,14,15,16,17,18,19,20,21,22,23,24,25,26,27,28,29,30,31) )  [ RunTime:0.001795s ]

[ 2014-03-26T17:06:49+08:00 ] 127.0.0.1 /test/active/active_show?year=2014&month=3
INFO: [ app_begin ] --START--
INFO: ReadHtmlCache Behavior ::run [ RunTime:0.001760s ]
INFO: [ app_begin ] --END-- [ RunTime:0.001879s ]
SQL: SHOW COLUMNS FROM `ms_member` [ RunTime:0.006748s ]
SQL: SELECT `uid`,`tid`,`uname`,`phone`,`coin`,`lastdate`,`style` FROM `ms_member` WHERE ( uid=20 ) LIMIT 1   [ RunTime:0.001161s ]
SQL: SHOW COLUMNS FROM `ms_active` [ RunTime:0.006348s ]
SQL: SELECT * FROM `ms_active` WHERE ( year='2014' and month=3 and day in (1,2,3,4,5,6,7,8,9,10,11,12,13,14,15,16,17,18,19,20,21,22,23,24,25,26,27,28,29,30,31) )  [ RunTime:0.001175s ]

[ 2014-03-26T17:08:56+08:00 ] 127.0.0.1 /test/active/active_show?year=2014&month=3
INFO: [ app_begin ] --START--
INFO: ReadHtmlCache Behavior ::run [ RunTime:0.000606s ]
INFO: [ app_begin ] --END-- [ RunTime:0.000711s ]
SQL: SHOW COLUMNS FROM `ms_member` [ RunTime:0.006708s ]
SQL: SELECT `uid`,`tid`,`uname`,`phone`,`coin`,`lastdate`,`style` FROM `ms_member` WHERE ( uid=20 ) LIMIT 1   [ RunTime:0.001003s ]
SQL: SHOW COLUMNS FROM `ms_active` [ RunTime:0.006167s ]
SQL: SELECT * FROM `ms_active` WHERE ( year='2014' and month=3 and day in (1,2,3,4,5,6,7,8,9,10,11,12,13,14,15,16,17,18,19,20,21,22,23,24,25,26,27,28,29,30,31) )  [ RunTime:0.001304s ]

[ 2014-03-26T17:09:17+08:00 ] 127.0.0.1 /test/index/insertReview
INFO: [ app_begin ] --START--
INFO: ReadHtmlCache Behavior ::run [ RunTime:0.000601s ]
INFO: [ app_begin ] --END-- [ RunTime:0.000707s ]
SQL: SHOW COLUMNS FROM `ms_member` [ RunTime:0.006968s ]
SQL: SELECT `uid`,`tid`,`uname`,`phone`,`coin`,`lastdate`,`style` FROM `ms_member` WHERE ( uid=20 ) LIMIT 1   [ RunTime:0.000886s ]
SQL: SHOW COLUMNS FROM `ms_review` [ RunTime:0.005999s ]
SQL: SELECT * FROM `ms_review` WHERE ( msg like '%给乔丹老师的文章评论一下~！%' and uid = 20 )  [ RunTime:0.001124s ]
SQL: INSERT INTO `ms_review` (`msg`,`uid`,`pl_time`,`aid`) VALUES ('给乔丹老师的文章评论一下~！',20,1395824957,2) [ RunTime:0.000516s ]
SQL: SELECT COUNT(*) AS tp_count FROM `ms_review` WHERE ( aid=2 and pid=0 ) LIMIT 1   [ RunTime:0.000276s ]
SQL: SHOW COLUMNS FROM `ms_article` [ RunTime:0.006716s ]
SQL: UPDATE `ms_article` SET `rNum`=1 WHERE ( aid=2 ) [ RunTime:0.001295s ]
SQL: SELECT `rNum` FROM `ms_article` WHERE ( aid=2 ) LIMIT 1   [ RunTime:0.000286s ]
SQL: SHOW COLUMNS FROM `ms_review` [ RunTime:0.006029s ]
SQL: SELECT `id` FROM `ms_review` ORDER BY pl_time desc LIMIT 1   [ RunTime:0.001148s ]
SQL: SELECT `uname` FROM `ms_member` WHERE ( uid=20 ) LIMIT 1   [ RunTime:0.000297s ]

[ 2014-03-26T17:09:22+08:00 ] 127.0.0.1 /test/active/active_show?year=2014&month=3
INFO: [ app_begin ] --START--
INFO: ReadHtmlCache Behavior ::run [ RunTime:0.000607s ]
INFO: [ app_begin ] --END-- [ RunTime:0.000710s ]
SQL: SHOW COLUMNS FROM `ms_member` [ RunTime:0.006806s ]
SQL: SELECT `uid`,`tid`,`uname`,`phone`,`coin`,`lastdate`,`style` FROM `ms_member` WHERE ( uid=20 ) LIMIT 1   [ RunTime:0.001054s ]
SQL: SHOW COLUMNS FROM `ms_active` [ RunTime:0.006256s ]
SQL: SELECT * FROM `ms_active` WHERE ( year='2014' and month=3 and day in (1,2,3,4,5,6,7,8,9,10,11,12,13,14,15,16,17,18,19,20,21,22,23,24,25,26,27,28,29,30,31) )  [ RunTime:0.001277s ]

[ 2014-03-26T17:23:35+08:00 ] 127.0.0.1 /test/index/tougao
INFO: [ app_begin ] --START--
INFO: ReadHtmlCache Behavior ::run [ RunTime:0.002962s ]
INFO: [ app_begin ] --END-- [ RunTime:0.003099s ]
SQL: SHOW COLUMNS FROM `ms_article` [ RunTime:0.007029s ]
NOTIC: [8] Undefined index:  ms_user_id D:\www\APMServ5.2.6\www\htdocs\test\Mingshi\Lib\Model\ArticleModel.class.php 第 35 行.
SQL: INSERT INTO `ms_article` (`title`,`content`,`create_time`,`uid`) VALUES ('如果是游客投稿的话...','如果是游客投稿的话...如果是游客投稿的话...如果是游客投稿的话...如果是游客投稿的话...如果是游客投稿的话...如果是游客投稿的话...如果是游客投稿的话...如果是游客投稿的话...如果是游客投稿的话...如果是游客投稿的话...如果是游客投稿的话...如果是游客投稿的话...如果是游客投稿的话...如果是游客投稿的话...如果是游客投稿的话...如果是游客投稿的话...如果是游客投稿的话...如果是游客投稿的话...如果是游客投稿的话...如果是游客投稿的话...如果是游客投稿的话...如果是游客投稿的话...如果是游客投稿的话...如果是游客投稿的话...如果是游客投稿的话...如果是游客投稿的话...如果是游客投稿的话...如果是游客投稿的话...如果是游客投稿的话...如果是游客投稿的话...如果是游客投稿的话...如果是游客投稿的话...如果是游客投稿的话...如果是游客投稿的话...如果是游客投稿的话...如果是游客投稿的话...如果是游客投稿的话...如果是游客投稿的话...如果是游客投稿的话...如果是游客投稿的话...如果是游客投稿的话...如果是游客投稿的话...如果是游客投稿的话...如果是游客投稿的话...如果是游客投稿的话...如果是游客投稿的话...如果是游客投稿的话...如果是游客投稿的话...如果是游客投稿的话...如果是游客投稿的话...如果是游客投稿的话...如果是游客投稿的话...如果是游客投稿的话...如果是游客投稿的话...如果是游客投稿的话...如果是游客投稿的话...如果是游客投稿的话...如果是游客投稿的话...',1395825815,null) [ RunTime:0.001024s ]
ERR: 1048:Column 'uid' cannot be null
 [ SQL语句 ] : INSERT INTO `ms_article` (`title`,`content`,`create_time`,`uid`) VALUES ('如果是游客投稿的话...','如果是游客投稿的话...如果是游客投稿的话...如果是游客投稿的话...如果是游客投稿的话...如果是游客投稿的话...如果是游客投稿的话...如果是游客投稿的话...如果是游客投稿的话...如果是游客投稿的话...如果是游客投稿的话...如果是游客投稿的话...如果是游客投稿的话...如果是游客投稿的话...如果是游客投稿的话...如果是游客投稿的话...如果是游客投稿的话...如果是游客投稿的话...如果是游客投稿的话...如果是游客投稿的话...如果是游客投稿的话...如果是游客投稿的话...如果是游客投稿的话...如果是游客投稿的话...如果是游客投稿的话...如果是游客投稿的话...如果是游客投稿的话...如果是游客投稿的话...如果是游客投稿的话...如果是游客投稿的话...如果是游客投稿的话...如果是游客投稿的话...如果是游客投稿的话...如果是游客投稿的话...如果是游客投稿的话...如果是游客投稿的话...如果是游客投稿的话...如果是游客投稿的话...如果是游客投稿的话...如果是游客投稿的话...如果是游客投稿的话...如果是游客投稿的话...如果是游客投稿的话...如果是游客投稿的话...如果是游客投稿的话...如果是游客投稿的话...如果是游客投稿的话...如果是游客投稿的话...如果是游客投稿的话...如果是游客投稿的话...如果是游客投稿的话...如果是游客投稿的话...如果是游客投稿的话...如果是游客投稿的话...如果是游客投稿的话...如果是游客投稿的话...如果是游客投稿的话...如果是游客投稿的话...如果是游客投稿的话...',1395825815,null)

[ 2014-03-26T17:23:40+08:00 ] 127.0.0.1 /test/index/tougao
INFO: [ app_begin ] --START--
INFO: ReadHtmlCache Behavior ::run [ RunTime:0.000662s ]
INFO: [ app_begin ] --END-- [ RunTime:0.000778s ]
SQL: SHOW COLUMNS FROM `ms_article` [ RunTime:0.006834s ]
NOTIC: [8] Undefined index:  ms_user_id D:\www\APMServ5.2.6\www\htdocs\test\Mingshi\Lib\Model\ArticleModel.class.php 第 35 行.
SQL: INSERT INTO `ms_article` (`title`,`content`,`create_time`,`uid`) VALUES ('如果是游客投稿的话...','如果是游客投稿的话...如果是游客投稿的话...如果是游客投稿的话...如果是游客投稿的话...如果是游客投稿的话...如果是游客投稿的话...如果是游客投稿的话...如果是游客投稿的话...如果是游客投稿的话...如果是游客投稿的话...如果是游客投稿的话...如果是游客投稿的话...如果是游客投稿的话...如果是游客投稿的话...如果是游客投稿的话...如果是游客投稿的话...如果是游客投稿的话...如果是游客投稿的话...如果是游客投稿的话...如果是游客投稿的话...如果是游客投稿的话...如果是游客投稿的话...如果是游客投稿的话...如果是游客投稿的话...如果是游客投稿的话...如果是游客投稿的话...如果是游客投稿的话...如果是游客投稿的话...如果是游客投稿的话...如果是游客投稿的话...如果是游客投稿的话...如果是游客投稿的话...如果是游客投稿的话...如果是游客投稿的话...如果是游客投稿的话...如果是游客投稿的话...如果是游客投稿的话...如果是游客投稿的话...如果是游客投稿的话...如果是游客投稿的话...如果是游客投稿的话...如果是游客投稿的话...如果是游客投稿的话...如果是游客投稿的话...如果是游客投稿的话...如果是游客投稿的话...如果是游客投稿的话...如果是游客投稿的话...如果是游客投稿的话...如果是游客投稿的话...如果是游客投稿的话...如果是游客投稿的话...如果是游客投稿的话...如果是游客投稿的话...如果是游客投稿的话...如果是游客投稿的话...如果是游客投稿的话...如果是游客投稿的话...如果是游客投稿的话...如果是游客投稿的话...如果是游客投稿的话...如果是游客投稿的话...如果是游客投稿的话...如果是游客投稿的话...如果是游客投稿的话...如果是游客投稿的话...如果是游客投稿的话...如果是游客投稿的话...如果是游客投稿的话...如果是游客投稿的话...如果是游客投稿的话...如果是游客投稿的话...如果是游客投稿的话...如果是游客投稿的话...如果是游客投稿的话...如果是游客投稿的话...如果是游客投稿的话...如果是游客投稿的话...如果是游客投稿的话...如果是游客投稿的话...如果是游客投稿的话...如果是游客投稿的话...如果是游客投稿的话...如果是游客投稿的话...如果是游客投稿的话...如果是游客投稿的话...如果是游客投稿的话...如果是游客投稿的话...如果是游客投稿的话...如果是游客投稿的话...如果是游客投稿的话...如果是游客投稿的话...如果是游客投稿的话...如果是游客投稿的话...如果是游客投稿的话...如果是游客投稿的话...如果是游客投稿的话...如果是游客投稿的话...如果是游客投稿的话...',1395825820,null) [ RunTime:0.000949s ]
ERR: 1048:Column 'uid' cannot be null
 [ SQL语句 ] : INSERT INTO `ms_article` (`title`,`content`,`create_time`,`uid`) VALUES ('如果是游客投稿的话...','如果是游客投稿的话...如果是游客投稿的话...如果是游客投稿的话...如果是游客投稿的话...如果是游客投稿的话...如果是游客投稿的话...如果是游客投稿的话...如果是游客投稿的话...如果是游客投稿的话...如果是游客投稿的话...如果是游客投稿的话...如果是游客投稿的话...如果是游客投稿的话...如果是游客投稿的话...如果是游客投稿的话...如果是游客投稿的话...如果是游客投稿的话...如果是游客投稿的话...如果是游客投稿的话...如果是游客投稿的话...如果是游客投稿的话...如果是游客投稿的话...如果是游客投稿的话...如果是游客投稿的话...如果是游客投稿的话...如果是游客投稿的话...如果是游客投稿的话...如果是游客投稿的话...如果是游客投稿的话...如果是游客投稿的话...如果是游客投稿的话...如果是游客投稿的话...如果是游客投稿的话...如果是游客投稿的话...如果是游客投稿的话...如果是游客投稿的话...如果是游客投稿的话...如果是游客投稿的话...如果是游客投稿的话...如果是游客投稿的话...如果是游客投稿的话...如果是游客投稿的话...如果是游客投稿的话...如果是游客投稿的话...如果是游客投稿的话...如果是游客投稿的话...如果是游客投稿的话...如果是游客投稿的话...如果是游客投稿的话...如果是游客投稿的话...如果是游客投稿的话...如果是游客投稿的话...如果是游客投稿的话...如果是游客投稿的话...如果是游客投稿的话...如果是游客投稿的话...如果是游客投稿的话...如果是游客投稿的话...如果是游客投稿的话...如果是游客投稿的话...如果是游客投稿的话...如果是游客投稿的话...如果是游客投稿的话...如果是游客投稿的话...如果是游客投稿的话...如果是游客投稿的话...如果是游客投稿的话...如果是游客投稿的话...如果是游客投稿的话...如果是游客投稿的话...如果是游客投稿的话...如果是游客投稿的话...如果是游客投稿的话...如果是游客投稿的话...如果是游客投稿的话...如果是游客投稿的话...如果是游客投稿的话...如果是游客投稿的话...如果是游客投稿的话...如果是游客投稿的话...如果是游客投稿的话...如果是游客投稿的话...如果是游客投稿的话...如果是游客投稿的话...如果是游客投稿的话...如果是游客投稿的话...如果是游客投稿的话...如果是游客投稿的话...如果是游客投稿的话...如果是游客投稿的话...如果是游客投稿的话...如果是游客投稿的话...如果是游客投稿的话...如果是游客投稿的话...如果是游客投稿的话...如果是游客投稿的话...如果是游客投稿的话...如果是游客投稿的话...如果是游客投稿的话...',1395825820,null)

[ 2014-03-26T18:13:06+08:00 ] 127.0.0.1 /test/index/tougao
INFO: [ app_begin ] --START--
INFO: ReadHtmlCache Behavior ::run [ RunTime:0.002924s ]
INFO: [ app_begin ] --END-- [ RunTime:0.003040s ]
SQL: SHOW COLUMNS FROM `ms_article` [ RunTime:0.007905s ]
NOTIC: [8] Undefined index:  ms_user_id D:\www\APMServ5.2.6\www\htdocs\test\Mingshi\Lib\Model\ArticleModel.class.php 第 35 行.
SQL: INSERT INTO `ms_article` (`title`,`content`,`create_time`,`uid`) VALUES ('游客投篇稿件，看下效果','游客投篇稿件，看下效果游客投篇稿件，看下效果游客投篇稿件，看下效果游客投篇稿件，看下效果游客投篇稿件，看下效果游客投篇稿件，看下效果游客投篇稿件，看下效果游客投篇稿件，看下效果游客投篇稿件，看下效果游客投篇稿件，看下效果游客投篇稿件，看下效果游客投篇稿件，看下效果游客投篇稿件，看下效果游客投篇稿件，看下效果游客投篇稿件，看下效果游客投篇稿件，看下效果游客投篇稿件，看下效果游客投篇稿件，看下效果游客投篇稿件，看下效果游客投篇稿件，看下效果游客投篇稿件，看下效果游客投篇稿件，看下效果游客投篇稿件，看下效果游客投篇稿件，看下效果游客投篇稿件，看下效果游客投篇稿件，看下效果游客投篇稿件，看下效果游客投篇稿件，看下效果游客投篇稿件，看下效果游客投篇稿件，看下效果游客投篇稿件，看下效果游客投篇稿件，看下效果游客投篇稿件，看下效果游客投篇稿件，看下效果游客投篇稿件，看下效果游客投篇稿件，看下效果游客投篇稿件，看下效果游客投篇稿件，看下效果游客投篇稿件，看下效果游客投篇稿件，看下效果游客投篇稿件，看下效果游客投篇稿件，看下效果游客投篇稿件，看下效果游客投篇稿件，看下效果游客投篇稿件，看下效果游客投篇稿件，看下效果游客投篇稿件，看下效果游客投篇稿件，看下效果游客投篇稿件，看下效果游客投篇稿件，看下效果游客投篇稿件，看下效果游客投篇稿件，看下效果游客投篇稿件，看下效果游客投篇稿件，看下效果游客投篇稿件，看下效果游客投篇稿件，看下效果游客投篇稿件，看下效果游客投篇稿件，看下效果',1395828786,null) [ RunTime:0.001371s ]
ERR: 1048:Column 'uid' cannot be null
 [ SQL语句 ] : INSERT INTO `ms_article` (`title`,`content`,`create_time`,`uid`) VALUES ('游客投篇稿件，看下效果','游客投篇稿件，看下效果游客投篇稿件，看下效果游客投篇稿件，看下效果游客投篇稿件，看下效果游客投篇稿件，看下效果游客投篇稿件，看下效果游客投篇稿件，看下效果游客投篇稿件，看下效果游客投篇稿件，看下效果游客投篇稿件，看下效果游客投篇稿件，看下效果游客投篇稿件，看下效果游客投篇稿件，看下效果游客投篇稿件，看下效果游客投篇稿件，看下效果游客投篇稿件，看下效果游客投篇稿件，看下效果游客投篇稿件，看下效果游客投篇稿件，看下效果游客投篇稿件，看下效果游客投篇稿件，看下效果游客投篇稿件，看下效果游客投篇稿件，看下效果游客投篇稿件，看下效果游客投篇稿件，看下效果游客投篇稿件，看下效果游客投篇稿件，看下效果游客投篇稿件，看下效果游客投篇稿件，看下效果游客投篇稿件，看下效果游客投篇稿件，看下效果游客投篇稿件，看下效果游客投篇稿件，看下效果游客投篇稿件，看下效果游客投篇稿件，看下效果游客投篇稿件，看下效果游客投篇稿件，看下效果游客投篇稿件，看下效果游客投篇稿件，看下效果游客投篇稿件，看下效果游客投篇稿件，看下效果游客投篇稿件，看下效果游客投篇稿件，看下效果游客投篇稿件，看下效果游客投篇稿件，看下效果游客投篇稿件，看下效果游客投篇稿件，看下效果游客投篇稿件，看下效果游客投篇稿件，看下效果游客投篇稿件，看下效果游客投篇稿件，看下效果游客投篇稿件，看下效果游客投篇稿件，看下效果游客投篇稿件，看下效果游客投篇稿件，看下效果游客投篇稿件，看下效果游客投篇稿件，看下效果游客投篇稿件，看下效果',1395828786,null)

[ 2014-03-26T18:19:55+08:00 ] 127.0.0.1 /test/index/tougao
INFO: [ app_begin ] --START--
INFO: ReadHtmlCache Behavior ::run [ RunTime:0.005264s ]
INFO: [ app_begin ] --END-- [ RunTime:0.005393s ]
SQL: SHOW COLUMNS FROM `ms_article` [ RunTime:0.007658s ]
NOTIC: [8] Undefined index:  ms_user_id D:\www\APMServ5.2.6\www\htdocs\test\Mingshi\Lib\Model\ArticleModel.class.php 第 36 行.
NOTIC: [2] Missing argument 3 for msubstr(), called in D:\www\APMServ5.2.6\www\htdocs\test\Mingshi\Lib\Model\ArticleModel.class.php on line 42 and defined D:\www\APMServ5.2.6\www\htdocs\test\Mingshi\Common\common.php 第 141 行.
NOTIC: [8] Undefined variable: length D:\www\APMServ5.2.6\www\htdocs\test\Mingshi\Common\common.php 第 143 行.
SQL: INSERT INTO `ms_article` (`title`,`content`,`create_time`,`uid`,`summary`) VALUES ('游客投篇稿件，看下效果','游客投篇稿件，看下效果游客投篇稿件，看下效果游客投篇稿件，看下效果游客投篇稿件，看下效果游客投篇稿件，看下效果游客投篇稿件，看下效果游客投篇稿件，看下效果游客投篇稿件，看下效果游客投篇稿件，看下效果游客投篇稿件，看下效果游客投篇稿件，看下效果游客投篇稿件，看下效果游客投篇稿件，看下效果游客投篇稿件，看下效果游客投篇稿件，看下效果游客投篇稿件，看下效果游客投篇稿件，看下效果游客投篇稿件，看下效果游客投篇稿件，看下效果游客投篇稿件，看下效果游客投篇稿件，看下效果游客投篇稿件，看下效果游客投篇稿件，看下效果游客投篇稿件，看下效果游客投篇稿件，看下效果游客投篇稿件，看下效果游客投篇稿件，看下效果游客投篇稿件，看下效果游客投篇稿件，看下效果游客投篇稿件，看下效果游客投篇稿件，看下效果游客投篇稿件，看下效果游客投篇稿件，看下效果游客投篇稿件，看下效果游客投篇稿件，看下效果游客投篇稿件，看下效果游客投篇稿件，看下效果游客投篇稿件，看下效果游客投篇稿件，看下效果游客投篇稿件，看下效果游客投篇稿件，看下效果游客投篇稿件，看下效果游客投篇稿件，看下效果游客投篇稿件，看下效果游客投篇稿件，看下效果游客投篇稿件，看下效果游客投篇稿件，看下效果游客投篇稿件，看下效果游客投篇稿件，看下效果游客投篇稿件，看下效果游客投篇稿件，看下效果游客投篇稿件，看下效果游客投篇稿件，看下效果游客投篇稿件，看下效果游客投篇稿件，看下效果游客投篇稿件，看下效果游客投篇稿件，看下效果游客投篇稿件，看下效果',1395829195,0,'...') [ RunTime:0.001587s ]

[ 2014-03-26T18:19:59+08:00 ] 127.0.0.1 /test/active/active_show?year=2014&month=3
INFO: [ app_begin ] --START--
INFO: ReadHtmlCache Behavior ::run [ RunTime:0.003804s ]
INFO: [ app_begin ] --END-- [ RunTime:0.003917s ]
SQL: SHOW COLUMNS FROM `ms_active` [ RunTime:0.007918s ]
SQL: SELECT * FROM `ms_active` WHERE ( year='2014' and month=3 and day in (1,2,3,4,5,6,7,8,9,10,11,12,13,14,15,16,17,18,19,20,21,22,23,24,25,26,27,28,29,30,31) )  [ RunTime:0.001528s ]

[ 2014-03-26T18:20:53+08:00 ] 127.0.0.1 /test/active/active_show?year=2014&month=3
INFO: [ app_begin ] --START--
INFO: ReadHtmlCache Behavior ::run [ RunTime:0.000605s ]
INFO: [ app_begin ] --END-- [ RunTime:0.000715s ]
SQL: SHOW COLUMNS FROM `ms_active` [ RunTime:0.006907s ]
SQL: SELECT * FROM `ms_active` WHERE ( year='2014' and month=3 and day in (1,2,3,4,5,6,7,8,9,10,11,12,13,14,15,16,17,18,19,20,21,22,23,24,25,26,27,28,29,30,31) )  [ RunTime:0.001423s ]

[ 2014-03-26T18:21:09+08:00 ] 127.0.0.1 /test/active/active_show?year=2014&month=3
INFO: [ app_begin ] --START--
INFO: ReadHtmlCache Behavior ::run [ RunTime:0.000610s ]
INFO: [ app_begin ] --END-- [ RunTime:0.000720s ]
SQL: SHOW COLUMNS FROM `ms_active` [ RunTime:0.006923s ]
SQL: SELECT * FROM `ms_active` WHERE ( year='2014' and month=3 and day in (1,2,3,4,5,6,7,8,9,10,11,12,13,14,15,16,17,18,19,20,21,22,23,24,25,26,27,28,29,30,31) )  [ RunTime:0.001477s ]

[ 2014-03-26T18:21:50+08:00 ] 127.0.0.1 /test/active/active_show?year=2014&month=3
INFO: [ app_begin ] --START--
INFO: ReadHtmlCache Behavior ::run [ RunTime:0.000605s ]
INFO: [ app_begin ] --END-- [ RunTime:0.000718s ]
SQL: SHOW COLUMNS FROM `ms_active` [ RunTime:0.007144s ]
SQL: SELECT * FROM `ms_active` WHERE ( year='2014' and month=3 and day in (1,2,3,4,5,6,7,8,9,10,11,12,13,14,15,16,17,18,19,20,21,22,23,24,25,26,27,28,29,30,31) )  [ RunTime:0.001599s ]

[ 2014-03-26T18:22:08+08:00 ] 127.0.0.1 /test/active/active_show?year=2014&month=3
INFO: [ app_begin ] --START--
INFO: ReadHtmlCache Behavior ::run [ RunTime:0.000600s ]
INFO: [ app_begin ] --END-- [ RunTime:0.000710s ]
SQL: SHOW COLUMNS FROM `ms_active` [ RunTime:0.006835s ]
SQL: SELECT * FROM `ms_active` WHERE ( year='2014' and month=3 and day in (1,2,3,4,5,6,7,8,9,10,11,12,13,14,15,16,17,18,19,20,21,22,23,24,25,26,27,28,29,30,31) )  [ RunTime:0.001616s ]

[ 2014-03-26T18:22:23+08:00 ] 127.0.0.1 /test/active/active_show?year=2014&month=3
INFO: [ app_begin ] --START--
INFO: ReadHtmlCache Behavior ::run [ RunTime:0.002763s ]
INFO: [ app_begin ] --END-- [ RunTime:0.002878s ]
SQL: SHOW COLUMNS FROM `ms_active` [ RunTime:0.007063s ]
SQL: SELECT * FROM `ms_active` WHERE ( year='2014' and month=3 and day in (1,2,3,4,5,6,7,8,9,10,11,12,13,14,15,16,17,18,19,20,21,22,23,24,25,26,27,28,29,30,31) )  [ RunTime:0.001350s ]

[ 2014-03-26T18:26:46+08:00 ] 127.0.0.1 /test/active/active_show?year=2014&month=3
INFO: [ app_begin ] --START--
INFO: ReadHtmlCache Behavior ::run [ RunTime:0.000622s ]
INFO: [ app_begin ] --END-- [ RunTime:0.000727s ]
SQL: SHOW COLUMNS FROM `ms_active` [ RunTime:0.006752s ]
SQL: SELECT * FROM `ms_active` WHERE ( year='2014' and month=3 and day in (1,2,3,4,5,6,7,8,9,10,11,12,13,14,15,16,17,18,19,20,21,22,23,24,25,26,27,28,29,30,31) )  [ RunTime:0.001421s ]

[ 2014-03-26T18:30:22+08:00 ] 127.0.0.1 /test/active/active_show?year=2014&month=3
INFO: [ app_begin ] --START--
INFO: ReadHtmlCache Behavior ::run [ RunTime:0.000606s ]
INFO: [ app_begin ] --END-- [ RunTime:0.000716s ]
SQL: SHOW COLUMNS FROM `ms_active` [ RunTime:0.006890s ]
SQL: SELECT * FROM `ms_active` WHERE ( year='2014' and month=3 and day in (1,2,3,4,5,6,7,8,9,10,11,12,13,14,15,16,17,18,19,20,21,22,23,24,25,26,27,28,29,30,31) )  [ RunTime:0.001658s ]

