[ 2014-04-09T09:28:13+08:00 ] 127.0.0.1 /test/admin.php/index/Public/statics/js/calendar/calendar-blue.css
ERR: 非法操作:public

[ 2014-04-09T09:28:16+08:00 ] 127.0.0.1 /test/admin.php/Public/statics/js/calendar/calendar-blue.css
ERR: 非法操作:statics

[ 2014-04-09T09:44:36+08:00 ] 127.0.0.1 /test/admin.php/Public/statics/js/calendar/calendar-blue.css
ERR: 非法操作:statics

[ 2014-04-09T09:44:39+08:00 ] 127.0.0.1 /test/admin.php/article/del?id=11&_=1397007876700
INFO: [ app_begin ] --START--
INFO: ReadHtmlCache Behavior ::run [ RunTime:0.000410s ]
INFO: [ app_begin ] --END-- [ RunTime:0.000517s ]
SQL: SHOW COLUMNS FROM `ms_article` [ RunTime:0.004654s ]
SQL: DELETE FROM `ms_article` WHERE ( aid=11 ) [ RunTime:0.001208s ]

[ 2014-04-09T09:44:47+08:00 ] 127.0.0.1 /test/admin.php/article/del?id=11&_=1397007876701
INFO: [ app_begin ] --START--
INFO: ReadHtmlCache Behavior ::run [ RunTime:0.000436s ]
INFO: [ app_begin ] --END-- [ RunTime:0.000546s ]
SQL: SHOW COLUMNS FROM `ms_article` [ RunTime:0.004276s ]
SQL: DELETE FROM `ms_article` WHERE ( aid=11 ) [ RunTime:0.000936s ]

[ 2014-04-09T09:44:52+08:00 ] 127.0.0.1 /test/admin.php/Public/statics/js/calendar/calendar-blue.css
ERR: 非法操作:statics

[ 2014-04-09T09:44:57+08:00 ] 127.0.0.1 /test/admin.php/article/del?id=10&_=1397007892681
INFO: [ app_begin ] --START--
INFO: ReadHtmlCache Behavior ::run [ RunTime:0.000394s ]
INFO: [ app_begin ] --END-- [ RunTime:0.000501s ]
SQL: SHOW COLUMNS FROM `ms_article` [ RunTime:0.004298s ]
SQL: DELETE FROM `ms_article` WHERE ( aid=10 ) [ RunTime:0.001208s ]

[ 2014-04-09T09:45:04+08:00 ] 127.0.0.1 /test/admin.php/article/Public/statics/js/calendar/calendar-blue.css
ERR: 非法操作:public

[ 2014-04-09T09:45:10+08:00 ] 127.0.0.1 /test/admin.php/Public/statics/js/calendar/calendar-blue.css
ERR: 非法操作:statics

[ 2014-04-09T09:52:56+08:00 ] 127.0.0.1 /test/admin.php/Public/statics/js/calendar/calendar-blue.css
ERR: 非法操作:statics

[ 2014-04-09T10:43:48+08:00 ] 127.0.0.1 /test/admin.php/Public/statics/js/calendar/calendar-blue.css
ERR: 非法操作:statics

[ 2014-04-09T10:43:53+08:00 ] 127.0.0.1 /test/admin.php/Public/statics/js/calendar/calendar-blue.css
ERR: 非法操作:statics

[ 2014-04-09T11:15:04+08:00 ] 127.0.0.1 /test/admin.php/Public/statics/js/calendar/calendar-blue.css
ERR: 非法操作:statics

[ 2014-04-09T11:59:01+08:00 ] 127.0.0.1 /test/admin.php/ls/Public/statics/js/calendar/calendar-blue.css
ERR: 非法操作:public

[ 2014-04-09T11:59:08+08:00 ] 127.0.0.1 /test/admin.php/Public/statics/js/calendar/calendar-blue.css
ERR: 非法操作:statics

[ 2014-04-09T11:59:09+08:00 ] 127.0.0.1 /test/admin.php/Public/statics/js/calendar/calendar-blue.css
ERR: 非法操作:statics

[ 2014-04-09T12:00:32+08:00 ] 127.0.0.1 /test/admin.php/ls/editinfoMem
INFO: [ app_begin ] --START--
INFO: ReadHtmlCache Behavior ::run [ RunTime:0.000396s ]
INFO: [ app_begin ] --END-- [ RunTime:0.000503s ]
SQL: SHOW COLUMNS FROM `ms_member` [ RunTime:0.004279s ]
NOTIC: [8] Undefined index:  uname D:\www\APMServ5.2.6\www\htdocs\test\admin\Lib\Action\LsAction.class.php 第 231 行.
NOTIC: [8] Undefined index:  password D:\www\APMServ5.2.6\www\htdocs\test\admin\Lib\Action\LsAction.class.php 第 232 行.
NOTIC: [8] Undefined index:  jlpwd D:\www\APMServ5.2.6\www\htdocs\test\admin\Lib\Action\LsAction.class.php 第 234 行.
NOTIC: [8] Undefined index:  phone D:\www\APMServ5.2.6\www\htdocs\test\admin\Lib\Action\LsAction.class.php 第 235 行.
NOTIC: [8] Undefined index:  classid D:\www\APMServ5.2.6\www\htdocs\test\admin\Lib\Action\LsAction.class.php 第 236 行.
NOTIC: [8] Undefined index:  obj_id D:\www\APMServ5.2.6\www\htdocs\test\admin\Lib\Action\LsAction.class.php 第 237 行.
NOTIC: [8] Undefined index:  province D:\www\APMServ5.2.6\www\htdocs\test\admin\Lib\Action\LsAction.class.php 第 238 行.
NOTIC: [8] Undefined index:  city D:\www\APMServ5.2.6\www\htdocs\test\admin\Lib\Action\LsAction.class.php 第 239 行.
NOTIC: [8] Undefined index:  area D:\www\APMServ5.2.6\www\htdocs\test\admin\Lib\Action\LsAction.class.php 第 240 行.
NOTIC: [8] Undefined index:  rankid D:\www\APMServ5.2.6\www\htdocs\test\admin\Lib\Action\LsAction.class.php 第 241 行.
NOTIC: [8] Undefined index:  edu_id D:\www\APMServ5.2.6\www\htdocs\test\admin\Lib\Action\LsAction.class.php 第 242 行.
NOTIC: [8] Undefined index:  coin D:\www\APMServ5.2.6\www\htdocs\test\admin\Lib\Action\LsAction.class.php 第 243 行.
NOTIC: [8] Undefined index:  image D:\www\APMServ5.2.6\www\htdocs\test\admin\Lib\Action\LsAction.class.php 第 244 行.
NOTIC: [8] Undefined index:  remarks D:\www\APMServ5.2.6\www\htdocs\test\admin\Lib\Action\LsAction.class.php 第 245 行.
SQL: UPDATE `ms_member` SET `uname`='',`password`='d41d8cd98f00b204e9800998ecf8427e',`status`=0,`jlpwd`='d41d8cd98f00b204e9800998ecf8427e',`phone`='',`classid`='',`obj_id`=0,`province`=0,`city`=0,`area`=0,`rankid`=0,`edu_id`=0,`coin`=0,`image`='',`remarks`='' WHERE ( `uid` = 1 ) [ RunTime:0.000523s ]

[ 2014-04-09T12:00:43+08:00 ] 127.0.0.1 /test/admin.php/ls/editinfoMem
INFO: [ app_begin ] --START--
INFO: ReadHtmlCache Behavior ::run [ RunTime:0.000396s ]
INFO: [ app_begin ] --END-- [ RunTime:0.000500s ]
SQL: SHOW COLUMNS FROM `ms_member` [ RunTime:0.004376s ]
NOTIC: [8] Undefined index:  uname D:\www\APMServ5.2.6\www\htdocs\test\admin\Lib\Action\LsAction.class.php 第 231 行.
NOTIC: [8] Undefined index:  password D:\www\APMServ5.2.6\www\htdocs\test\admin\Lib\Action\LsAction.class.php 第 232 行.
NOTIC: [8] Undefined index:  jlpwd D:\www\APMServ5.2.6\www\htdocs\test\admin\Lib\Action\LsAction.class.php 第 234 行.
NOTIC: [8] Undefined index:  phone D:\www\APMServ5.2.6\www\htdocs\test\admin\Lib\Action\LsAction.class.php 第 235 行.
NOTIC: [8] Undefined index:  classid D:\www\APMServ5.2.6\www\htdocs\test\admin\Lib\Action\LsAction.class.php 第 236 行.
NOTIC: [8] Undefined index:  obj_id D:\www\APMServ5.2.6\www\htdocs\test\admin\Lib\Action\LsAction.class.php 第 237 行.
NOTIC: [8] Undefined index:  province D:\www\APMServ5.2.6\www\htdocs\test\admin\Lib\Action\LsAction.class.php 第 238 行.
NOTIC: [8] Undefined index:  city D:\www\APMServ5.2.6\www\htdocs\test\admin\Lib\Action\LsAction.class.php 第 239 行.
NOTIC: [8] Undefined index:  area D:\www\APMServ5.2.6\www\htdocs\test\admin\Lib\Action\LsAction.class.php 第 240 行.
NOTIC: [8] Undefined index:  rankid D:\www\APMServ5.2.6\www\htdocs\test\admin\Lib\Action\LsAction.class.php 第 241 行.
NOTIC: [8] Undefined index:  edu_id D:\www\APMServ5.2.6\www\htdocs\test\admin\Lib\Action\LsAction.class.php 第 242 行.
NOTIC: [8] Undefined index:  coin D:\www\APMServ5.2.6\www\htdocs\test\admin\Lib\Action\LsAction.class.php 第 243 行.
NOTIC: [8] Undefined index:  image D:\www\APMServ5.2.6\www\htdocs\test\admin\Lib\Action\LsAction.class.php 第 244 行.
NOTIC: [8] Undefined index:  remarks D:\www\APMServ5.2.6\www\htdocs\test\admin\Lib\Action\LsAction.class.php 第 245 行.
SQL: UPDATE `ms_member` SET `uname`='',`password`='d41d8cd98f00b204e9800998ecf8427e',`status`=0,`jlpwd`='d41d8cd98f00b204e9800998ecf8427e',`phone`='',`classid`='',`obj_id`=0,`province`=0,`city`=0,`area`=0,`rankid`=0,`edu_id`=0,`coin`=0,`image`='',`remarks`='' WHERE ( `uid` = 1 ) [ RunTime:0.000602s ]

[ 2014-04-09T12:00:45+08:00 ] 127.0.0.1 /test/admin.php/Public/statics/js/calendar/calendar-blue.css
ERR: 非法操作:statics

[ 2014-04-09T13:00:32+08:00 ] 127.0.0.1 /test/admin.php/ls/Public/statics/js/calendar/calendar-blue.css
ERR: 非法操作:public

[ 2014-04-09T13:00:35+08:00 ] 127.0.0.1 /test/admin.php/ls/Public/statics/js/calendar/calendar-blue.css
ERR: 非法操作:public

[ 2014-04-09T13:00:44+08:00 ] 127.0.0.1 /test/admin.php/ls/Public/statics/js/calendar/calendar-blue.css
ERR: 非法操作:public

[ 2014-04-09T13:07:07+08:00 ] 127.0.0.1 /test/admin.php/Public/getAreaName?&id=1&math=31
INFO: [ app_begin ] --START--
INFO: ReadHtmlCache Behavior ::run [ RunTime:0.000403s ]
INFO: [ app_begin ] --END-- [ RunTime:0.000507s ]
SQL: SHOW COLUMNS FROM `ms_area` [ RunTime:0.003786s ]
SQL: SELECT `id`,`name` FROM `ms_area` WHERE ( pid=1 )  [ RunTime:0.001151s ]

[ 2014-04-09T13:07:13+08:00 ] 127.0.0.1 /test/admin.php/ls/editMem
INFO: [ app_begin ] --START--
INFO: ReadHtmlCache Behavior ::run [ RunTime:0.000400s ]
INFO: [ app_begin ] --END-- [ RunTime:0.000504s ]
SQL: SHOW COLUMNS FROM `ms_member` [ RunTime:0.003997s ]
SQL: UPDATE `ms_member` SET `uname`='刘畅',`password`='74be16979710d4c4e7c6647856088456',`status`=1,`jlpwd`='74be16979710d4c4e7c6647856088456',`phone`='',`classid`='13',`obj_id`=1,`province`=1,`city`=4,`area`=6,`rankid`=3,`edu_id`=0,`coin`=0,`image`='',`remarks`='0' WHERE ( `uid` = 1 ) [ RunTime:0.000951s ]

[ 2014-04-09T13:07:15+08:00 ] 127.0.0.1 /test/admin.php/ls/Public/statics/js/calendar/calendar-blue.css
ERR: 非法操作:public

[ 2014-04-09T13:08:01+08:00 ] 127.0.0.1 /test/admin.php/ls/Public/statics/js/calendar/calendar-blue.css
ERR: 非法操作:public

[ 2014-04-09T13:08:15+08:00 ] 127.0.0.1 /test/admin.php/ls/editMem
INFO: [ app_begin ] --START--
INFO: ReadHtmlCache Behavior ::run [ RunTime:0.000408s ]
INFO: [ app_begin ] --END-- [ RunTime:0.000513s ]
SQL: SHOW COLUMNS FROM `ms_member` [ RunTime:0.004257s ]
SQL: UPDATE `ms_member` SET `uname`='刘畅',`password`='acf7ef943fdeb3cbfed8dd0d8f584731',`status`=1,`jlpwd`='acf7ef943fdeb3cbfed8dd0d8f584731',`phone`='1521654984',`classid`='13',`obj_id`=1,`province`=1,`city`=4,`area`=6,`rankid`=3,`edu_id`=2,`coin`=0,`image`='',`remarks`='0' WHERE ( `uid` = 1 ) [ RunTime:0.000638s ]

[ 2014-04-09T13:08:17+08:00 ] 127.0.0.1 /test/admin.php/ls/Public/statics/js/calendar/calendar-blue.css
ERR: 非法操作:public

[ 2014-04-09T13:08:20+08:00 ] 127.0.0.1 /test/admin.php/ls/Public/statics/js/calendar/calendar-blue.css
ERR: 非法操作:public

[ 2014-04-09T13:08:55+08:00 ] 127.0.0.1 /test/admin.php/ls/editinfoMem
INFO: [ app_begin ] --START--
INFO: ReadHtmlCache Behavior ::run [ RunTime:0.000404s ]
INFO: [ app_begin ] --END-- [ RunTime:0.000508s ]
SQL: SHOW COLUMNS FROM `ms_teacher_info` [ RunTime:0.004384s ]
NOTIC: [8] Undefined index:  recommend D:\www\APMServ5.2.6\www\htdocs\test\admin\Lib\Action\LsAction.class.php 第 232 行.
NOTIC: [8] Undefined index:  space_video D:\www\APMServ5.2.6\www\htdocs\test\admin\Lib\Action\LsAction.class.php 第 255 行.
NOTIC: [8] Undefined index:  msg D:\www\APMServ5.2.6\www\htdocs\test\admin\Lib\Action\LsAction.class.php 第 256 行.

[ 2014-04-09T13:08:58+08:00 ] 127.0.0.1 /test/admin.php/ls/Public/statics/js/calendar/calendar-blue.css
ERR: 非法操作:public

[ 2014-04-09T13:10:12+08:00 ] 127.0.0.1 /test/admin.php/ls/editinfoMem
INFO: [ app_begin ] --START--
INFO: ReadHtmlCache Behavior ::run [ RunTime:0.000413s ]
INFO: [ app_begin ] --END-- [ RunTime:0.000517s ]
SQL: SHOW COLUMNS FROM `ms_teacher_info` [ RunTime:0.004348s ]
NOTIC: [8] Undefined index:  recommend D:\www\APMServ5.2.6\www\htdocs\test\admin\Lib\Action\LsAction.class.php 第 232 行.
NOTIC: [8] Undefined index:  space_video D:\www\APMServ5.2.6\www\htdocs\test\admin\Lib\Action\LsAction.class.php 第 255 行.
NOTIC: [8] Undefined index:  msg D:\www\APMServ5.2.6\www\htdocs\test\admin\Lib\Action\LsAction.class.php 第 256 行.
SQL: UPDATE `ms_teacher_info` SET `demain_name`='',`recommend`=0,`sex`=1,`teach_age`=10,`keshifei`=150,`tuike`=0,`distence`=0,`now_job`='',`teach_style`='1',`identity`='',`education`='',`school`='',`major`='',`home`='',`hobby`='',`bir_type`='',`year`=0,`month`=0,`day`=0,`honor`='',`space_img`='',`space_video`='',`msg`='' WHERE ( `id` = 2 ) [ RunTime:0.000501s ]

[ 2014-04-09T13:10:14+08:00 ] 127.0.0.1 /test/admin.php/ls/Public/statics/js/calendar/calendar-blue.css
ERR: 非法操作:public

[ 2014-04-09T13:11:18+08:00 ] 127.0.0.1 /test/admin.php/Public/statics/js/calendar/calendar-blue.css
ERR: 非法操作:statics

[ 2014-04-09T13:13:25+08:00 ] 127.0.0.1 /test/admin.php/Public/statics/js/calendar/calendar-blue.css
ERR: 非法操作:statics

[ 2014-04-09T13:13:30+08:00 ] 127.0.0.1 /test/admin.php/Public/statics/js/calendar/calendar-blue.css
ERR: 非法操作:statics

[ 2014-04-09T13:55:05+08:00 ] 127.0.0.1 /test/admin.php/ls/Public/statics/js/calendar/calendar-blue.css
ERR: 非法操作:public

[ 2014-04-09T13:55:28+08:00 ] 127.0.0.1 /test/admin.php/ls/editinfoMem
INFO: [ app_begin ] --START--
INFO: ReadHtmlCache Behavior ::run [ RunTime:0.001542s ]
INFO: [ app_begin ] --END-- [ RunTime:0.001651s ]
SQL: SHOW COLUMNS FROM `ms_teacher_info` [ RunTime:0.004476s ]
NOTIC: [8] Undefined index:  recommend D:\www\APMServ5.2.6\www\htdocs\test\admin\Lib\Action\LsAction.class.php 第 232 行.
NOTIC: [8] Undefined index:  space_video D:\www\APMServ5.2.6\www\htdocs\test\admin\Lib\Action\LsAction.class.php 第 256 行.
NOTIC: [8] Undefined index:  msg D:\www\APMServ5.2.6\www\htdocs\test\admin\Lib\Action\LsAction.class.php 第 257 行.
SQL: UPDATE `ms_teacher_info` SET `demain_name`='',`recommend`=0,`sex`=1,`teach_age`=10,`keshifei`=100,`shouke`=10,`tuike`=0,`distence`=0,`now_job`='',`teach_style`='1',`identity`='2',`education`='',`school`='',`major`='',`home`='',`hobby`='',`bir_type`='',`year`=0,`month`=0,`day`=0,`honor`='',`space_img`='',`space_video`='',`msg`='' WHERE ( `id` = 4 ) [ RunTime:0.000546s ]

[ 2014-04-09T13:55:30+08:00 ] 127.0.0.1 /test/admin.php/ls/Public/statics/js/calendar/calendar-blue.css
ERR: 非法操作:public

[ 2014-04-09T13:58:47+08:00 ] 127.0.0.1 /test/admin.php/Public/statics/js/calendar/calendar-blue.css
ERR: 非法操作:statics

[ 2014-04-09T14:13:29+08:00 ] 127.0.0.1 /test/admin.php/ls/Public/statics/js/calendar/calendar-blue.css
ERR: 非法操作:public

[ 2014-04-09T14:14:31+08:00 ] 127.0.0.1 /test/admin.php/Public/statics/js/calendar/calendar-blue.css
ERR: 非法操作:statics

[ 2014-04-09T14:14:34+08:00 ] 127.0.0.1 /test/admin.php/article/Public/statics/js/calendar/calendar-blue.css
ERR: 非法操作:public

[ 2014-04-09T14:14:58+08:00 ] 127.0.0.1 /test/admin.php/Public/statics/js/calendar/calendar-blue.css
ERR: 非法操作:statics

[ 2014-04-09T14:14:59+08:00 ] 127.0.0.1 /test/admin.php/Public/statics/js/calendar/calendar-blue.css
ERR: 非法操作:statics

[ 2014-04-09T14:30:39+08:00 ] 127.0.0.1 /test/admin.php/ls/Public/statics/js/calendar/calendar-blue.css
ERR: 非法操作:public

[ 2014-04-09T14:31:05+08:00 ] 127.0.0.1 /test/admin.php/ls/editinfoMem
INFO: [ app_begin ] --START--
INFO: ReadHtmlCache Behavior ::run [ RunTime:0.000409s ]
INFO: [ app_begin ] --END-- [ RunTime:0.000512s ]
SQL: SHOW COLUMNS FROM `ms_teacher_info` [ RunTime:0.004440s ]
NOTIC: [8] Undefined index:  recommend D:\www\APMServ5.2.6\www\htdocs\test\admin\Lib\Action\LsAction.class.php 第 232 行.
NOTIC: [8] Undefined index:  space_video D:\www\APMServ5.2.6\www\htdocs\test\admin\Lib\Action\LsAction.class.php 第 256 行.
NOTIC: [8] Undefined index:  msg D:\www\APMServ5.2.6\www\htdocs\test\admin\Lib\Action\LsAction.class.php 第 257 行.
SQL: UPDATE `ms_teacher_info` SET `demain_name`='',`recommend`=0,`sex`=1,`teach_age`=10,`keshifei`=100,`shouke`=10,`tuike`=0,`distence`=0,`now_job`='',`teach_style`='1',`identity`='2',`education`='',`school`='',`major`='',`home`='',`hobby`='',`bir_type`='',`year`=0,`month`=0,`day`=0,`honor`='',`space_img`='',`space_video`='',`msg`='' WHERE ( `id` = 4 ) [ RunTime:0.000368s ]

[ 2014-04-09T14:31:07+08:00 ] 127.0.0.1 /test/admin.php/ls/Public/statics/js/calendar/calendar-blue.css
ERR: 非法操作:public

[ 2014-04-09T14:33:47+08:00 ] 127.0.0.1 /test/admin.php/ls/editinfoMem
INFO: [ app_begin ] --START--
INFO: ReadHtmlCache Behavior ::run [ RunTime:0.000426s ]
INFO: [ app_begin ] --END-- [ RunTime:0.000528s ]
SQL: SHOW COLUMNS FROM `ms_teacher_info` [ RunTime:0.004498s ]
NOTIC: [8] Undefined index:  recommend D:\www\APMServ5.2.6\www\htdocs\test\admin\Lib\Action\LsAction.class.php 第 232 行.
NOTIC: [8] Undefined index:  teach_style D:\www\APMServ5.2.6\www\htdocs\test\admin\Lib\Action\LsAction.class.php 第 242 行.
NOTIC: [8] Undefined index:  space_video D:\www\APMServ5.2.6\www\htdocs\test\admin\Lib\Action\LsAction.class.php 第 256 行.
NOTIC: [8] Undefined index:  msg D:\www\APMServ5.2.6\www\htdocs\test\admin\Lib\Action\LsAction.class.php 第 257 行.
SQL: UPDATE `ms_teacher_info` SET `demain_name`='',`recommend`=0,`sex`=1,`teach_age`=10,`keshifei`=100,`shouke`=10,`tuike`=0,`distence`=0,`now_job`='',`teach_style`='',`identity`='2',`education`='',`school`='',`major`='',`home`='',`hobby`='',`bir_type`='',`year`=0,`month`=0,`day`=0,`honor`='',`space_img`='',`space_video`='',`msg`='' WHERE ( `id` = 4 ) [ RunTime:0.000488s ]

[ 2014-04-09T14:33:50+08:00 ] 127.0.0.1 /test/admin.php/ls/Public/statics/js/calendar/calendar-blue.css
ERR: 非法操作:public

[ 2014-04-09T14:34:51+08:00 ] 127.0.0.1 /test/admin.php/ls/Public/statics/js/calendar/calendar-blue.css
ERR: 非法操作:public

[ 2014-04-09T14:34:59+08:00 ] 127.0.0.1 /test/admin.php/ls/editinfoMem
INFO: [ app_begin ] --START--
INFO: ReadHtmlCache Behavior ::run [ RunTime:0.000386s ]
INFO: [ app_begin ] --END-- [ RunTime:0.000498s ]
SQL: SHOW COLUMNS FROM `ms_teacher_info` [ RunTime:0.004638s ]
NOTIC: [8] Undefined index:  recommend D:\www\APMServ5.2.6\www\htdocs\test\admin\Lib\Action\LsAction.class.php 第 232 行.
NOTIC: [8] Undefined index:  teach_style D:\www\APMServ5.2.6\www\htdocs\test\admin\Lib\Action\LsAction.class.php 第 242 行.
NOTIC: [8] Undefined index:  space_video D:\www\APMServ5.2.6\www\htdocs\test\admin\Lib\Action\LsAction.class.php 第 256 行.
NOTIC: [8] Undefined index:  msg D:\www\APMServ5.2.6\www\htdocs\test\admin\Lib\Action\LsAction.class.php 第 257 行.
SQL: UPDATE `ms_teacher_info` SET `demain_name`='',`recommend`=0,`sex`=1,`teach_age`=10,`keshifei`=150,`shouke`=0,`tuike`=0,`distence`=0,`now_job`='',`teach_style`='',`identity`='',`education`='',`school`='',`major`='',`home`='',`hobby`='',`bir_type`='',`year`=0,`month`=0,`day`=0,`honor`='',`space_img`='',`space_video`='',`msg`='' WHERE ( `id` = 2 ) [ RunTime:0.000412s ]

[ 2014-04-09T14:36:24+08:00 ] 127.0.0.1 /test/admin.php/Public/statics/js/calendar/calendar-blue.css
ERR: 非法操作:statics

[ 2014-04-09T14:36:30+08:00 ] 127.0.0.1 /test/admin.php/Public/statics/js/calendar/calendar-blue.css
ERR: 非法操作:statics

[ 2014-04-09T14:36:36+08:00 ] 127.0.0.1 /test/admin.php/Public/statics/js/calendar/calendar-blue.css
ERR: 非法操作:statics

[ 2014-04-09T14:36:39+08:00 ] 127.0.0.1 /test/admin.php/article/Public/statics/js/calendar/calendar-blue.css
ERR: 非法操作:public

[ 2014-04-09T14:40:10+08:00 ] 127.0.0.1 /test/admin.php/Public/statics/js/calendar/calendar-blue.css
ERR: 非法操作:statics

[ 2014-04-09T14:41:31+08:00 ] 127.0.0.1 /test/admin.php/ls/editinfoMem
INFO: [ app_begin ] --START--
INFO: ReadHtmlCache Behavior ::run [ RunTime:0.000393s ]
INFO: [ app_begin ] --END-- [ RunTime:0.000498s ]
SQL: SHOW COLUMNS FROM `ms_teacher_info` [ RunTime:0.004578s ]
NOTIC: [8] Undefined index:  recommend D:\www\APMServ5.2.6\www\htdocs\test\admin\Lib\Action\LsAction.class.php 第 232 行.
NOTIC: [8] Undefined index:  teach_style D:\www\APMServ5.2.6\www\htdocs\test\admin\Lib\Action\LsAction.class.php 第 242 行.
NOTIC: [8] Undefined index:  space_video D:\www\APMServ5.2.6\www\htdocs\test\admin\Lib\Action\LsAction.class.php 第 256 行.
NOTIC: [8] Undefined index:  msg D:\www\APMServ5.2.6\www\htdocs\test\admin\Lib\Action\LsAction.class.php 第 257 行.
SQL: UPDATE `ms_teacher_info` SET `demain_name`='',`recommend`=0,`sex`=0,`teach_age`=0,`keshifei`=0,`shouke`=0,`tuike`=0,`distence`=0,`now_job`='',`teach_style`='',`identity`='',`education`='',`school`='',`major`='',`home`='',`hobby`='',`bir_type`='',`year`=0,`month`=0,`day`=0,`honor`='',`space_img`='',`space_video`='',`msg`='' WHERE ( `id` = 3 ) [ RunTime:0.000387s ]

[ 2014-04-09T14:42:39+08:00 ] 127.0.0.1 /test/admin.php/ls/editinfoMem
INFO: [ app_begin ] --START--
INFO: ReadHtmlCache Behavior ::run [ RunTime:0.001124s ]
INFO: [ app_begin ] --END-- [ RunTime:0.001237s ]
SQL: SHOW COLUMNS FROM `ms_teacher_info` [ RunTime:0.004973s ]
NOTIC: [8] Undefined index:  recommend D:\www\APMServ5.2.6\www\htdocs\test\admin\Lib\Action\LsAction.class.php 第 232 行.
NOTIC: [8] Undefined index:  teach_style D:\www\APMServ5.2.6\www\htdocs\test\admin\Lib\Action\LsAction.class.php 第 242 行.
NOTIC: [8] Undefined index:  space_video D:\www\APMServ5.2.6\www\htdocs\test\admin\Lib\Action\LsAction.class.php 第 256 行.
NOTIC: [8] Undefined index:  msg D:\www\APMServ5.2.6\www\htdocs\test\admin\Lib\Action\LsAction.class.php 第 257 行.
SQL: UPDATE `ms_teacher_info` SET `demain_name`='',`recommend`=0,`sex`=1,`teach_age`=10,`keshifei`=250,`shouke`=20,`tuike`=0,`distence`=1000,`now_job`='自由教师',`teach_style`='',`identity`='2',`education`='3',`school`='',`major`='',`home`='',`hobby`='',`bir_type`='0',`year`=2010,`month`=9,`day`=31,`honor`='',`space_img`='',`space_video`='',`msg`='' WHERE ( `id` = 3 ) [ RunTime:0.000650s ]

[ 2014-04-09T14:42:42+08:00 ] 127.0.0.1 /test/admin.php/ls/editinfoMem
INFO: [ app_begin ] --START--
INFO: ReadHtmlCache Behavior ::run [ RunTime:0.000395s ]
INFO: [ app_begin ] --END-- [ RunTime:0.000506s ]
SQL: SHOW COLUMNS FROM `ms_teacher_info` [ RunTime:0.004453s ]
NOTIC: [8] Undefined index:  recommend D:\www\APMServ5.2.6\www\htdocs\test\admin\Lib\Action\LsAction.class.php 第 232 行.
NOTIC: [8] Undefined index:  teach_style D:\www\APMServ5.2.6\www\htdocs\test\admin\Lib\Action\LsAction.class.php 第 242 行.
NOTIC: [8] Undefined index:  space_video D:\www\APMServ5.2.6\www\htdocs\test\admin\Lib\Action\LsAction.class.php 第 256 行.
NOTIC: [8] Undefined index:  msg D:\www\APMServ5.2.6\www\htdocs\test\admin\Lib\Action\LsAction.class.php 第 257 行.
SQL: UPDATE `ms_teacher_info` SET `demain_name`='',`recommend`=0,`sex`=1,`teach_age`=10,`keshifei`=250,`shouke`=20,`tuike`=0,`distence`=1000,`now_job`='自由教师',`teach_style`='',`identity`='2',`education`='3',`school`='',`major`='',`home`='',`hobby`='',`bir_type`='0',`year`=2010,`month`=9,`day`=31,`honor`='',`space_img`='',`space_video`='',`msg`='' WHERE ( `id` = 3 ) [ RunTime:0.000405s ]

[ 2014-04-09T14:46:45+08:00 ] 127.0.0.1 /test/admin.php/ls/editinfoMem
INFO: [ app_begin ] --START--
INFO: ReadHtmlCache Behavior ::run [ RunTime:0.000404s ]
INFO: [ app_begin ] --END-- [ RunTime:0.000508s ]
SQL: SHOW COLUMNS FROM `ms_teacher_info` [ RunTime:0.004510s ]
NOTIC: [8] Undefined index:  recommend D:\www\APMServ5.2.6\www\htdocs\test\admin\Lib\Action\LsAction.class.php 第 232 行.
NOTIC: [8] Undefined index:  space_video D:\www\APMServ5.2.6\www\htdocs\test\admin\Lib\Action\LsAction.class.php 第 256 行.
NOTIC: [8] Undefined index:  msg D:\www\APMServ5.2.6\www\htdocs\test\admin\Lib\Action\LsAction.class.php 第 257 行.
SQL: UPDATE `ms_teacher_info` SET `demain_name`='',`recommend`=0,`sex`=1,`teach_age`=10,`keshifei`=250,`shouke`=20,`tuike`=0,`distence`=1000,`now_job`='自由教师',`teach_style`='1',`identity`='2',`education`='3',`school`='',`major`='',`home`='',`hobby`='',`bir_type`='',`year`=0,`month`=0,`day`=0,`honor`='',`space_img`='',`space_video`='',`msg`='' WHERE ( `id` = 3 ) [ RunTime:0.000463s ]

[ 2014-04-09T14:56:06+08:00 ] 127.0.0.1 /test/admin.php/ls/editinfoMem
INFO: [ app_begin ] --START--
INFO: ReadHtmlCache Behavior ::run [ RunTime:0.001136s ]
INFO: [ app_begin ] --END-- [ RunTime:0.001245s ]
SQL: SHOW COLUMNS FROM `ms_teacher_info` [ RunTime:0.004552s ]
NOTIC: [8] Undefined index:  recommend D:\www\APMServ5.2.6\www\htdocs\test\admin\Lib\Action\LsAction.class.php 第 232 行.
NOTIC: [8] Undefined index:  space_video D:\www\APMServ5.2.6\www\htdocs\test\admin\Lib\Action\LsAction.class.php 第 256 行.
NOTIC: [8] Undefined index:  msg D:\www\APMServ5.2.6\www\htdocs\test\admin\Lib\Action\LsAction.class.php 第 257 行.
SQL: UPDATE `ms_teacher_info` SET `demain_name`='',`recommend`=0,`sex`=1,`teach_age`=10,`keshifei`=250,`shouke`=20,`tuike`=0,`distence`=1000,`now_job`='自由教师',`teach_style`='1',`identity`='2',`education`='3',`school`='',`major`='',`home`='',`hobby`='',`bir_type`='',`year`=0,`month`=0,`day`=0,`honor`='',`space_img`='',`space_video`='',`msg`='' WHERE ( `id` = 3 ) [ RunTime:0.000464s ]

[ 2014-04-09T15:05:00+08:00 ] 127.0.0.1 /test/admin.php/ls/editinfoMem
INFO: [ app_begin ] --START--
INFO: ReadHtmlCache Behavior ::run [ RunTime:0.000396s ]
INFO: [ app_begin ] --END-- [ RunTime:0.000514s ]
SQL: SHOW COLUMNS FROM `ms_teacher_info` [ RunTime:0.004596s ]
NOTIC: [8] Undefined index:  recommend D:\www\APMServ5.2.6\www\htdocs\test\admin\Lib\Action\LsAction.class.php 第 232 行.
NOTIC: [8] Undefined index:  teach_style D:\www\APMServ5.2.6\www\htdocs\test\admin\Lib\Action\LsAction.class.php 第 242 行.
NOTIC: [8] Undefined index:  space_video D:\www\APMServ5.2.6\www\htdocs\test\admin\Lib\Action\LsAction.class.php 第 256 行.
NOTIC: [8] Undefined index:  msg D:\www\APMServ5.2.6\www\htdocs\test\admin\Lib\Action\LsAction.class.php 第 257 行.
SQL: UPDATE `ms_teacher_info` SET `demain_name`='',`recommend`=0,`sex`=1,`teach_age`=10,`keshifei`=250,`shouke`=20,`tuike`=0,`distence`=1000,`now_job`='自由教师',`teach_style`='',`identity`='2',`education`='3',`school`='',`major`='',`home`='',`hobby`='',`bir_type`='',`year`=0,`month`=0,`day`=0,`honor`='',`space_img`='',`space_video`='',`msg`='' WHERE ( `id` = 3 ) [ RunTime:0.000482s ]

[ 2014-04-09T15:06:20+08:00 ] 127.0.0.1 /test/admin.php/ls/editinfoMem
INFO: [ app_begin ] --START--
INFO: ReadHtmlCache Behavior ::run [ RunTime:0.001870s ]
INFO: [ app_begin ] --END-- [ RunTime:0.001981s ]
SQL: SHOW COLUMNS FROM `ms_teacher_info` [ RunTime:0.004488s ]
NOTIC: [8] Undefined index:  recommend D:\www\APMServ5.2.6\www\htdocs\test\admin\Lib\Action\LsAction.class.php 第 232 行.
NOTIC: [8] Undefined index:  space_video D:\www\APMServ5.2.6\www\htdocs\test\admin\Lib\Action\LsAction.class.php 第 256 行.
NOTIC: [8] Undefined index:  msg D:\www\APMServ5.2.6\www\htdocs\test\admin\Lib\Action\LsAction.class.php 第 257 行.
SQL: UPDATE `ms_teacher_info` SET `demain_name`='',`recommend`=0,`sex`=1,`teach_age`=10,`keshifei`=250,`shouke`=20,`tuike`=0,`distence`=1000,`now_job`='自由教师',`teach_style`='1',`identity`='2',`education`='3',`school`='',`major`='',`home`='',`hobby`='',`bir_type`='',`year`=0,`month`=0,`day`=0,`honor`='',`space_img`='',`space_video`='',`msg`='' WHERE ( `id` = 3 ) [ RunTime:0.000452s ]

[ 2014-04-09T15:25:40+08:00 ] 127.0.0.1 /test/admin.php/ls/editinfoMem
INFO: [ app_begin ] --START--
INFO: ReadHtmlCache Behavior ::run [ RunTime:0.000390s ]
INFO: [ app_begin ] --END-- [ RunTime:0.000499s ]
SQL: SHOW COLUMNS FROM `ms_teacher_info` [ RunTime:0.004568s ]
NOTIC: [8] Undefined index:  recommend D:\www\APMServ5.2.6\www\htdocs\test\admin\Lib\Action\LsAction.class.php 第 232 行.
NOTIC: [8] Undefined index:  space_video D:\www\APMServ5.2.6\www\htdocs\test\admin\Lib\Action\LsAction.class.php 第 256 行.
NOTIC: [8] Undefined index:  msg D:\www\APMServ5.2.6\www\htdocs\test\admin\Lib\Action\LsAction.class.php 第 257 行.
SQL: UPDATE `ms_teacher_info` SET `demain_name`='',`recommend`=0,`sex`=1,`teach_age`=10,`keshifei`=250,`shouke`=20,`tuike`=0,`distence`=1000,`now_job`='自由教师',`teach_style`='2,3,4,5,',`identity`='2',`education`='3',`school`='',`major`='',`home`='',`hobby`='',`bir_type`='',`year`=0,`month`=0,`day`=0,`honor`='',`space_img`='',`space_video`='',`msg`='' WHERE ( `id` = 3 ) [ RunTime:0.000412s ]

[ 2014-04-09T15:26:08+08:00 ] 127.0.0.1 /test/admin.php/ls/editinfoMem
INFO: [ app_begin ] --START--
INFO: ReadHtmlCache Behavior ::run [ RunTime:0.000389s ]
INFO: [ app_begin ] --END-- [ RunTime:0.000494s ]
SQL: SHOW COLUMNS FROM `ms_teacher_info` [ RunTime:0.004319s ]
NOTIC: [8] Undefined index:  recommend D:\www\APMServ5.2.6\www\htdocs\test\admin\Lib\Action\LsAction.class.php 第 232 行.
NOTIC: [8] Undefined index:  space_video D:\www\APMServ5.2.6\www\htdocs\test\admin\Lib\Action\LsAction.class.php 第 256 行.
NOTIC: [8] Undefined index:  msg D:\www\APMServ5.2.6\www\htdocs\test\admin\Lib\Action\LsAction.class.php 第 257 行.
SQL: UPDATE `ms_teacher_info` SET `demain_name`='',`recommend`=0,`sex`=1,`teach_age`=10,`keshifei`=250,`shouke`=20,`tuike`=0,`distence`=1000,`now_job`='自由教师',`teach_style`='2,3,4,5,',`identity`='2',`education`='3',`school`='',`major`='',`home`='',`hobby`='',`bir_type`='',`year`=0,`month`=0,`day`=0,`honor`='',`space_img`='',`space_video`='',`msg`='' WHERE ( `id` = 3 ) [ RunTime:0.000343s ]

[ 2014-04-09T15:26:11+08:00 ] 127.0.0.1 /test/admin.php/Public/statics/js/calendar/calendar-blue.css
ERR: 非法操作:statics

[ 2014-04-09T15:26:24+08:00 ] 127.0.0.1 /test/admin.php/ls/editinfoMem
INFO: [ app_begin ] --START--
INFO: ReadHtmlCache Behavior ::run [ RunTime:0.000409s ]
INFO: [ app_begin ] --END-- [ RunTime:0.000516s ]
SQL: SHOW COLUMNS FROM `ms_teacher_info` [ RunTime:0.004538s ]
NOTIC: [8] Undefined index:  recommend D:\www\APMServ5.2.6\www\htdocs\test\admin\Lib\Action\LsAction.class.php 第 232 行.
NOTIC: [8] Undefined index:  space_video D:\www\APMServ5.2.6\www\htdocs\test\admin\Lib\Action\LsAction.class.php 第 256 行.
NOTIC: [8] Undefined index:  msg D:\www\APMServ5.2.6\www\htdocs\test\admin\Lib\Action\LsAction.class.php 第 257 行.
SQL: UPDATE `ms_teacher_info` SET `demain_name`='',`recommend`=0,`sex`=1,`teach_age`=10,`keshifei`=100,`shouke`=10,`tuike`=0,`distence`=0,`now_job`='',`teach_style`='3,4,7,11,',`identity`='2',`education`='',`school`='',`major`='',`home`='',`hobby`='',`bir_type`='',`year`=0,`month`=0,`day`=0,`honor`='',`space_img`='',`space_video`='',`msg`='' WHERE ( `id` = 4 ) [ RunTime:0.000558s ]

[ 2014-04-09T15:26:26+08:00 ] 127.0.0.1 /test/admin.php/Public/statics/js/calendar/calendar-blue.css
ERR: 非法操作:statics

